2024-12-31 11:28:40,862 [INFO] Activator:176 - 


2024-12-31 11:28:40,872 [INFO] Activator:177 - !SESSION log4j initialized
2024-12-31 11:28:49,445 [INFO] LogOutputStream:77 - [STDOUT_REDIRECT] 
2024-12-31 11:28:51,576 [INFO] ApplicationProperties:184 - Using Application install path: C:\ST\STM32CubeIDE_1.16.1\STM32CubeIDE\plugins\com.st.stm32cube.common.mx_6.12.1.202409122256
2024-12-31 11:28:51,600 [INFO] DbMcusXml:78 - Set database path to: C:\ST\STM32CubeIDE_1.16.1\STM32CubeIDE\plugins\com.st.stm32cube.common.mx_6.12.1.202409122256\\db\/mcu/
2024-12-31 11:28:51,601 [INFO] ApiDb:274 - Set plugin database path to: C:\ST\STM32CubeIDE_1.16.1\STM32CubeIDE\plugins\com.st.stm32cube.common.mx_6.12.1.202409122256\\db\/plugins/boardmanager/
2024-12-31 11:28:51,601 [WARN] ApiDb:259 - Overriding images path with different value:  => C:\ST\STM32CubeIDE_1.16.1\STM32CubeIDE\plugins\com.st.stm32cube.common.mx_6.12.1.202409122256\\db\/plugins/mcufinder/images/
2024-12-31 11:28:51,615 [INFO] ApiDb:250 - Set database path to: C:\Users\akpandey\.stmcufinder\plugins\mcufinder//mcu/
2024-12-31 11:28:51,617 [INFO] DbMcusAds:125 - Set database path to: C:\Users\akpandey\.stmcufinder\plugins\mcufinder//mcu/
2024-12-31 11:28:51,622 [INFO] CrossReferenceDbSqlite:203 - Set database path to: C:\Users\akpandey\.stmcufinder\plugins\mcufinder//mcu/cs/
2024-12-31 11:28:51,755 [INFO] RulesReader:64 - Compatibility file has been processed (297 Rules)
2024-12-31 11:28:51,844 [INFO] DbMcusXml:78 - Set database path to: C:\ST\STM32CubeIDE_1.16.1\STM32CubeIDE\plugins\com.st.stm32cube.common.mx_6.12.1.202409122256\\db\/mcu/
2024-12-31 11:28:51,844 [INFO] ApiDb:274 - Set plugin database path to: C:\ST\STM32CubeIDE_1.16.1\STM32CubeIDE\plugins\com.st.stm32cube.common.mx_6.12.1.202409122256\\db\/plugins/boardmanager/
2024-12-31 11:28:51,844 [INFO] ApiDb:261 - Set plugin images path to: C:\ST\STM32CubeIDE_1.16.1\STM32CubeIDE\plugins\com.st.stm32cube.common.mx_6.12.1.202409122256\\db\/plugins/mcufinder/images/
2024-12-31 11:28:51,844 [WARN] DbFile:41 - Overriding database path with different value: C:\Users\akpandey\.stmcufinder\plugins\mcufinder/ => C:\Users\akpandey\.stmcufinder\plugins\mcufinder
2024-12-31 11:28:51,845 [INFO] ApiDb:250 - Set database path to: C:\Users\akpandey\.stmcufinder\plugins\mcufinder//mcu/
2024-12-31 11:28:51,845 [WARN] DbFile:41 - Overriding database path with different value: C:\Users\akpandey\.stmcufinder\plugins\mcufinder/ => C:\Users\akpandey\.stmcufinder\plugins\mcufinder
2024-12-31 11:28:51,845 [INFO] DbMcusAds:125 - Set database path to: C:\Users\akpandey\.stmcufinder\plugins\mcufinder//mcu/
2024-12-31 11:28:51,845 [WARN] DbFile:41 - Overriding database path with different value: C:\Users\akpandey\.stmcufinder\plugins\mcufinder/ => C:\Users\akpandey\.stmcufinder\plugins\mcufinder
2024-12-31 11:28:51,845 [WARN] DbFile:41 - Overriding database path with different value: C:\Users\akpandey\.stmcufinder\plugins\mcufinder/ => C:\Users\akpandey\.stmcufinder\plugins\mcufinder
2024-12-31 11:28:51,845 [INFO] CrossReferenceDbSqlite:203 - Set database path to: C:\Users\akpandey\.stmcufinder\plugins\mcufinder//mcu/cs/
2024-12-31 11:28:51,960 [INFO] MainPanel:268 - HeapMemory: 268435456
2024-12-31 11:28:52,083 [INFO] DbMcusXml:78 - Set database path to: C:\ST\STM32CubeIDE_1.16.1\STM32CubeIDE\plugins\com.st.stm32cube.common.mx_6.12.1.202409122256\\db\/mcu/
2024-12-31 11:28:52,083 [INFO] ApiDb:274 - Set plugin database path to: C:\ST\STM32CubeIDE_1.16.1\STM32CubeIDE\plugins\com.st.stm32cube.common.mx_6.12.1.202409122256\\db\/plugins/boardmanager/
2024-12-31 11:28:52,083 [INFO] ApiDb:261 - Set plugin images path to: C:\ST\STM32CubeIDE_1.16.1\STM32CubeIDE\plugins\com.st.stm32cube.common.mx_6.12.1.202409122256\\db\/plugins/mcufinder/images/
2024-12-31 11:28:52,083 [WARN] DbFile:41 - Overriding database path with different value: C:\Users\akpandey\.stmcufinder\plugins\mcufinder/ => C:\Users\akpandey\.stmcufinder\plugins\mcufinder
2024-12-31 11:28:52,084 [INFO] ApiDb:250 - Set database path to: C:\Users\akpandey\.stmcufinder\plugins\mcufinder//mcu/
2024-12-31 11:28:52,084 [WARN] DbFile:41 - Overriding database path with different value: C:\Users\akpandey\.stmcufinder\plugins\mcufinder/ => C:\Users\akpandey\.stmcufinder\plugins\mcufinder
2024-12-31 11:28:52,084 [INFO] DbMcusAds:125 - Set database path to: C:\Users\akpandey\.stmcufinder\plugins\mcufinder//mcu/
2024-12-31 11:28:52,084 [WARN] DbFile:41 - Overriding database path with different value: C:\Users\akpandey\.stmcufinder\plugins\mcufinder/ => C:\Users\akpandey\.stmcufinder\plugins\mcufinder
2024-12-31 11:28:52,084 [WARN] DbFile:41 - Overriding database path with different value: C:\Users\akpandey\.stmcufinder\plugins\mcufinder/ => C:\Users\akpandey\.stmcufinder\plugins\mcufinder
2024-12-31 11:28:52,084 [INFO] CrossReferenceDbSqlite:203 - Set database path to: C:\Users\akpandey\.stmcufinder\plugins\mcufinder//mcu/cs/
2024-12-31 11:28:52,102 [INFO] ApplicationProperties:184 - Using Application install path: C:\ST\STM32CubeIDE_1.16.1\STM32CubeIDE\plugins\com.st.stm32cube.common.mx_6.12.1.202409122256
2024-12-31 11:28:52,104 [INFO] PluginManage:196 - Search for loadable plugins [exclusion list=, ]
2024-12-31 11:28:52,106 [INFO] PluginManage:310 - Check plugin analytics
2024-12-31 11:28:52,379 [INFO] AnalyticsPlugin:253 - Accepted Software Licenses: 
2024-12-31 11:28:52,379 [INFO] AnalyticsPlugin:255 - Accepted CMSIS Pack Licenses: 
2024-12-31 11:28:52,380 [INFO] AnalyticsPlugin:257 - Accepted Firmware Licenses: FW.G4.1.6.0,FW.H7.1.11.0,FW.F4.1.28.0
2024-12-31 11:28:52,385 [INFO] PluginManage:359 - Loaded plugin analytics (category:tool,tabindex:-1)
2024-12-31 11:28:52,386 [INFO] PluginManage:310 - Check plugin cadmodel
2024-12-31 11:28:52,394 [INFO] CADModel:105 - Init CAD model plugin
2024-12-31 11:28:52,395 [INFO] PluginManage:359 - Loaded plugin cadmodel (category:power,tabindex:5)
2024-12-31 11:28:52,395 [INFO] PluginManage:310 - Check plugin clock
2024-12-31 11:28:52,414 [INFO] PluginManage:359 - Loaded plugin clock (category:base,tabindex:2)
2024-12-31 11:28:52,415 [INFO] PluginManage:310 - Check plugin ddr
2024-12-31 11:28:52,418 [INFO] PluginManage:359 - Loaded plugin ddr (category:tool,tabindex:6)
2024-12-31 11:28:52,418 [INFO] PluginManage:310 - Check plugin filemanager
2024-12-31 11:28:52,602 [INFO] PluginManage:359 - Loaded plugin filemanager (category:base,tabindex:10)
2024-12-31 11:28:52,603 [INFO] PluginManage:310 - Check plugin ipmanager
2024-12-31 11:28:52,617 [INFO] PluginManage:359 - Loaded plugin ipmanager (category:base,tabindex:5)
2024-12-31 11:28:52,617 [INFO] PluginManage:310 - Check plugin lpbam
2024-12-31 11:28:52,629 [INFO] PluginManage:359 - Loaded plugin lpbam (category:base,tabindex:0)
2024-12-31 11:28:52,629 [INFO] PluginManage:310 - Check plugin memorymap
2024-12-31 11:28:52,649 [INFO] PluginManage:359 - Loaded plugin memorymap (category:base,tabindex:4)
2024-12-31 11:28:52,649 [INFO] PluginManage:310 - Check plugin pinoutandconfiguration
2024-12-31 11:28:52,659 [INFO] PluginManage:359 - Loaded plugin pinoutandconfiguration (category:base,tabindex:1)
2024-12-31 11:28:52,659 [INFO] PluginManage:310 - Check plugin pinoutconfig
2024-12-31 11:28:52,763 [WARN] SupportedApi:132 - Cannot load RTOS API schema: s4s-elt-must-match.1: The content of 'definitions' must match (annotation?, (simpleType | complexType)?, (unique | key | keyref)*)). A problem was found starting at: attribute.
2024-12-31 11:28:52,948 [INFO] PluginManage:359 - Loaded plugin pinoutconfig (category:base,tabindex:0)
2024-12-31 11:28:52,948 [INFO] PluginManage:310 - Check plugin power
2024-12-31 11:28:52,967 [INFO] PluginManage:359 - Loaded plugin power (category:power,tabindex:4)
2024-12-31 11:28:52,968 [INFO] PluginManage:310 - Check plugin projectmanager
2024-12-31 11:28:52,990 [INFO] PluginManage:359 - Loaded plugin projectmanager (category:projectmanager,tabindex:4)
2024-12-31 11:28:52,991 [INFO] PluginManage:310 - Check plugin rif
2024-12-31 11:28:52,997 [INFO] PluginManage:359 - Loaded plugin rif (category:base,tabindex:3)
2024-12-31 11:28:52,998 [INFO] PluginManage:310 - Check plugin thirdparty
2024-12-31 11:28:53,169 [WARN] IntegrityCheckThread:84 - waiting for thirdparty lock release [integrity check]
2024-12-31 11:28:53,169 [INFO] PluginManage:359 - Loaded plugin thirdparty (category:base,tabindex:-1)
2024-12-31 11:28:53,169 [INFO] IntegrityCheckThread:86 - entering critical section [integrity check]
2024-12-31 11:28:53,169 [INFO] PluginManage:310 - Check plugin tools
2024-12-31 11:28:53,170 [INFO] ThirdPartyUpdaterWithRetryManager:70 - Updater plugin not ready yet. [1/15]
2024-12-31 11:28:53,174 [INFO] PluginManage:359 - Loaded plugin tools (category:base,tabindex:7)
2024-12-31 11:28:53,174 [INFO] PluginManage:310 - Check plugin tutovideos
2024-12-31 11:28:53,389 [INFO] PluginManage:359 - Loaded plugin tutovideos (category:base,tabindex:-1)
2024-12-31 11:28:53,390 [INFO] PluginManage:310 - Check plugin updater
2024-12-31 11:28:53,415 [INFO] PluginManage:359 - Loaded plugin updater (category:base,tabindex:12)
2024-12-31 11:28:53,416 [INFO] PluginManage:310 - Check plugin userauth
2024-12-31 11:28:53,426 [INFO] UserAuth:113 - Init User Auth plugin
2024-12-31 11:28:53,426 [INFO] PluginManage:359 - Loaded plugin userauth (category:base,tabindex:14)
2024-12-31 11:28:53,427 [INFO] PluginManage:283 - PluginManage : Loaded plugins [18]
2024-12-31 11:28:53,711 [INFO] PinOutPanel:1561 - setPackage(No Configuration,No Configuration)
2024-12-31 11:28:53,832 [INFO] CADModel:165 - CPN selected for project level
2024-12-31 11:28:53,833 [INFO] CADModel:114 - Register for checkConnection events
2024-12-31 11:28:53,853 [INFO] IPUIPlugin:80 - create IPUIPlugin
2024-12-31 11:28:53,853 [INFO] PluginManager:220 - loadIPPluginJar : add adc
2024-12-31 11:28:53,856 [INFO] IPUIPlugin:80 - create IPUIPlugin
2024-12-31 11:28:53,856 [INFO] PluginManager:220 - loadIPPluginJar : add aes
2024-12-31 11:28:53,859 [INFO] IPUIPlugin:80 - create IPUIPlugin
2024-12-31 11:28:53,859 [INFO] PluginManager:220 - loadIPPluginJar : add can
2024-12-31 11:28:53,861 [INFO] IPUIPlugin:80 - create IPUIPlugin
2024-12-31 11:28:53,861 [INFO] PluginManager:220 - loadIPPluginJar : add comp
2024-12-31 11:28:53,864 [INFO] IPUIPlugin:80 - create IPUIPlugin
2024-12-31 11:28:53,864 [INFO] PluginManager:220 - loadIPPluginJar : add cryp
2024-12-31 11:28:53,868 [INFO] IPUIPlugin:80 - create IPUIPlugin
2024-12-31 11:28:53,868 [INFO] PluginManager:220 - loadIPPluginJar : add ddr_ctrl_phy
2024-12-31 11:28:53,871 [INFO] IPUIPlugin:80 - create IPUIPlugin
2024-12-31 11:28:53,871 [INFO] PluginManager:220 - loadIPPluginJar : add dfsdm
2024-12-31 11:28:53,877 [INFO] IPUIPlugin:80 - create IPUIPlugin
2024-12-31 11:28:53,878 [INFO] PluginManager:220 - loadIPPluginJar : add dma
2024-12-31 11:28:53,881 [INFO] IPUIPlugin:80 - create IPUIPlugin
2024-12-31 11:28:53,882 [INFO] PluginManager:220 - loadIPPluginJar : add dma3
2024-12-31 11:28:53,885 [INFO] IPUIPlugin:80 - create IPUIPlugin
2024-12-31 11:28:53,885 [INFO] PluginManager:220 - loadIPPluginJar : add extmemmanager
2024-12-31 11:28:53,886 [INFO] IPUIPlugin:80 - create IPUIPlugin
2024-12-31 11:28:53,887 [INFO] PluginManager:220 - loadIPPluginJar : add fatfs
2024-12-31 11:28:53,891 [INFO] IPUIPlugin:80 - create IPUIPlugin
2024-12-31 11:28:53,891 [INFO] PluginManager:220 - loadIPPluginJar : add fmc
2024-12-31 11:28:53,897 [INFO] IPUIPlugin:80 - create IPUIPlugin
2024-12-31 11:28:53,897 [INFO] PluginManager:220 - loadIPPluginJar : add freertos
2024-12-31 11:28:53,899 [INFO] IPUIPlugin:80 - create IPUIPlugin
2024-12-31 11:28:53,899 [INFO] PluginManager:220 - loadIPPluginJar : add genericplugin
2024-12-31 11:28:53,901 [INFO] IPUIPlugin:80 - create IPUIPlugin
2024-12-31 11:28:53,901 [INFO] PluginManager:220 - loadIPPluginJar : add gfxmmu
2024-12-31 11:28:53,905 [INFO] IPUIPlugin:80 - create IPUIPlugin
2024-12-31 11:28:53,906 [INFO] PluginManager:220 - loadIPPluginJar : add gic
2024-12-31 11:28:53,911 [INFO] IPUIPlugin:80 - create IPUIPlugin
2024-12-31 11:28:53,911 [INFO] PluginManager:220 - loadIPPluginJar : add gpio
2024-12-31 11:28:53,915 [INFO] IPUIPlugin:80 - create IPUIPlugin
2024-12-31 11:28:53,915 [INFO] PluginManager:220 - loadIPPluginJar : add gtzc
2024-12-31 11:28:53,918 [INFO] IPUIPlugin:80 - create IPUIPlugin
2024-12-31 11:28:53,918 [INFO] PluginManager:220 - loadIPPluginJar : add hash
2024-12-31 11:28:53,921 [INFO] IPUIPlugin:80 - create IPUIPlugin
2024-12-31 11:28:53,921 [INFO] PluginManager:220 - loadIPPluginJar : add i2c
2024-12-31 11:28:53,924 [INFO] IPUIPlugin:80 - create IPUIPlugin
2024-12-31 11:28:53,924 [INFO] PluginManager:220 - loadIPPluginJar : add i2s
2024-12-31 11:28:53,928 [INFO] IPUIPlugin:80 - create IPUIPlugin
2024-12-31 11:28:53,928 [INFO] PluginManager:220 - loadIPPluginJar : add i3c
2024-12-31 11:28:53,932 [INFO] IPUIPlugin:80 - create IPUIPlugin
2024-12-31 11:28:53,932 [INFO] PluginManager:220 - loadIPPluginJar : add ipddr
2024-12-31 11:28:53,943 [INFO] IPUIPlugin:80 - create IPUIPlugin
2024-12-31 11:28:53,944 [INFO] PluginManager:220 - loadIPPluginJar : add linkedlist
2024-12-31 11:28:53,949 [INFO] IPUIPlugin:80 - create IPUIPlugin
2024-12-31 11:28:53,950 [INFO] PluginManager:220 - loadIPPluginJar : add lorawan
2024-12-31 11:28:53,952 [INFO] IPUIPlugin:80 - create IPUIPlugin
2024-12-31 11:28:53,952 [INFO] PluginManager:220 - loadIPPluginJar : add ltdc
2024-12-31 11:28:53,960 [INFO] IPUIPlugin:80 - create IPUIPlugin
2024-12-31 11:28:53,960 [INFO] PluginManager:220 - loadIPPluginJar : add mdma
2024-12-31 11:28:53,965 [INFO] IPUIPlugin:80 - create IPUIPlugin
2024-12-31 11:28:53,965 [INFO] PluginManager:220 - loadIPPluginJar : add nvic
2024-12-31 11:28:53,969 [INFO] IPUIPlugin:80 - create IPUIPlugin
2024-12-31 11:28:53,969 [INFO] PluginManager:220 - loadIPPluginJar : add opamp
2024-12-31 11:28:53,972 [INFO] IPUIPlugin:80 - create IPUIPlugin
2024-12-31 11:28:53,972 [INFO] PluginManager:220 - loadIPPluginJar : add openamp
2024-12-31 11:28:53,975 [INFO] IPUIPlugin:80 - create IPUIPlugin
2024-12-31 11:28:53,975 [INFO] PluginManager:220 - loadIPPluginJar : add pdm2pcm
2024-12-31 11:28:53,981 [INFO] IPUIPlugin:80 - create IPUIPlugin
2024-12-31 11:28:53,983 [INFO] PluginManager:220 - loadIPPluginJar : add plateformsettings
2024-12-31 11:28:53,985 [INFO] IPUIPlugin:80 - create IPUIPlugin
2024-12-31 11:28:53,985 [INFO] PluginManager:220 - loadIPPluginJar : add quadspi
2024-12-31 11:28:53,987 [INFO] IPUIPlugin:80 - create IPUIPlugin
2024-12-31 11:28:53,988 [INFO] PluginManager:220 - loadIPPluginJar : add radio
2024-12-31 11:28:53,992 [INFO] IPUIPlugin:80 - create IPUIPlugin
2024-12-31 11:28:53,992 [INFO] PluginManager:220 - loadIPPluginJar : add resmgrutility
2024-12-31 11:28:53,995 [INFO] IPUIPlugin:80 - create IPUIPlugin
2024-12-31 11:28:53,995 [INFO] PluginManager:220 - loadIPPluginJar : add sai
2024-12-31 11:28:53,997 [INFO] IPUIPlugin:80 - create IPUIPlugin
2024-12-31 11:28:53,997 [INFO] PluginManager:220 - loadIPPluginJar : add spi
2024-12-31 11:28:54,002 [INFO] IPUIPlugin:80 - create IPUIPlugin
2024-12-31 11:28:54,002 [INFO] PluginManager:220 - loadIPPluginJar : add stm32_wpan
2024-12-31 11:28:54,005 [INFO] IPUIPlugin:80 - create IPUIPlugin
2024-12-31 11:28:54,005 [INFO] PluginManager:220 - loadIPPluginJar : add tim
2024-12-31 11:28:54,008 [INFO] IPUIPlugin:80 - create IPUIPlugin
2024-12-31 11:28:54,008 [INFO] PluginManager:220 - loadIPPluginJar : add touchsensing
2024-12-31 11:28:54,011 [INFO] IPUIPlugin:80 - create IPUIPlugin
2024-12-31 11:28:54,011 [INFO] PluginManager:220 - loadIPPluginJar : add tracer_emb
2024-12-31 11:28:54,013 [INFO] IPUIPlugin:80 - create IPUIPlugin
2024-12-31 11:28:54,014 [INFO] PluginManager:220 - loadIPPluginJar : add ts
2024-12-31 11:28:54,016 [INFO] IPUIPlugin:80 - create IPUIPlugin
2024-12-31 11:28:54,016 [INFO] PluginManager:220 - loadIPPluginJar : add tsc
2024-12-31 11:28:54,018 [INFO] IPUIPlugin:80 - create IPUIPlugin
2024-12-31 11:28:54,019 [INFO] PluginManager:220 - loadIPPluginJar : add ucpd
2024-12-31 11:28:54,022 [INFO] IPUIPlugin:80 - create IPUIPlugin
2024-12-31 11:28:54,023 [INFO] PluginManager:220 - loadIPPluginJar : add usart
2024-12-31 11:28:54,026 [INFO] IPUIPlugin:80 - create IPUIPlugin
2024-12-31 11:28:54,026 [INFO] PluginManager:220 - loadIPPluginJar : add usbx
2024-12-31 11:28:54,179 [INFO] CADModel:165 - CPN selected for project level
2024-12-31 11:28:54,179 [INFO] CADModel:114 - Register for checkConnection events
2024-12-31 11:28:54,179 [FATAL] Updater:334 - Updater called before beeing initialized
2024-12-31 11:28:54,179 [ERROR] CADModel:125 - Updater not yet initialized, retry later 
2024-12-31 11:28:54,342 [INFO] CADModel:165 - CPN selected for project level
2024-12-31 11:28:54,342 [INFO] CADModel:114 - Register for checkConnection events
2024-12-31 11:28:54,342 [FATAL] Updater:334 - Updater called before beeing initialized
2024-12-31 11:28:54,342 [ERROR] CADModel:125 - Updater not yet initialized, retry later 
2024-12-31 11:28:54,346 [FATAL] Updater:334 - Updater called before beeing initialized
2024-12-31 11:28:54,483 [FATAL] Updater:334 - Updater called before beeing initialized
2024-12-31 11:28:54,488 [INFO] DbMcusAds:53 - JSON generation date=Tue Dec 17 21:31:15 IST 2024 (1734451275196)
2024-12-31 11:28:54,488 [FATAL] Updater:334 - Updater called before beeing initialized
2024-12-31 11:28:54,529 [WARN] DetailPanel:346 - Failed to get advertising image, set to default
2024-12-31 11:28:54,609 [FATAL] Updater:334 - Updater called before beeing initialized
2024-12-31 11:28:54,612 [FATAL] Updater:334 - Updater called before beeing initialized
2024-12-31 11:28:54,612 [FATAL] Updater:334 - Updater called before beeing initialized
2024-12-31 11:28:54,612 [WARN] DetailPanel:346 - Failed to get advertising image, set to default
2024-12-31 11:28:54,612 [FATAL] Updater:334 - Updater called before beeing initialized
2024-12-31 11:28:54,674 [ERROR] Updater:1164 - MainUpdater not yet initialized. External WinMGr cannot be set.
2024-12-31 11:28:54,678 [INFO] Updater:1100 - Updater Version found : 6.12.1
2024-12-31 11:28:54,706 [INFO] ApplicationProperties:184 - Using Application install path: C:\ST\STM32CubeIDE_1.16.1\STM32CubeIDE\plugins\com.st.stm32cube.common.mx_6.12.1.202409122256
2024-12-31 11:28:56,171 [INFO] ThirdPartyUpdaterWithRetryManager:70 - Updater plugin not ready yet. [2/15]
2024-12-31 11:28:56,300 [ERROR] LogOutputStream:75 - [STDERR_REDIRECT] Dec 31, 2024 11:28:56 AM java.util.prefs.WindowsPreferences <init>
2024-12-31 11:28:56,303 [ERROR] LogOutputStream:75 - [STDERR_REDIRECT] WARNING: Could not open/create prefs root node Software\JavaSoft\Prefs at root 0xffffffff80000002. Windows RegCreateKeyEx(...) returned error code 5.
2024-12-31 11:28:56,303 [ERROR] LogOutputStream:75 - [STDERR_REDIRECT] 
2024-12-31 11:28:56,627 [INFO] MainUpdater:2873 - connection check result : 10
2024-12-31 11:28:56,628 [INFO] MainUpdater:290 - Updater Check For Update Now.
2024-12-31 11:28:56,628 [INFO] MicroXplorer:498 - Change Database Version : DB.6.0.121
2024-12-31 11:28:56,672 [INFO] McuFinderGlobals:63 - Set McuFinder mode to 2 (CubeIDE integrated)
2024-12-31 11:28:56,673 [INFO] UserAuth:417 - Internet connection configuration mode: 1
2024-12-31 11:28:56,754 [INFO] JxBrowserEngine:152 - Initiate JxBrowser Engine with user profile folder
2024-12-31 11:28:56,869 [INFO] CheckServerUpdateThread:120 - End of CheckServer Thread
2024-12-31 11:28:58,035 [INFO] WebApp:167 - Instantiating new browser for Auth
2024-12-31 11:28:59,434 [INFO] WebApp:448 - Apply proxy settings
2024-12-31 11:28:59,435 [INFO] WebApp:533 - Chromium requires no authentication
2024-12-31 11:28:59,462 [INFO] WebApp:476 - Direct internet connection detected
2024-12-31 11:28:59,537 [INFO] WebApp:869 - Register for checkConnection events
2024-12-31 11:28:59,538 [INFO] WebApp:448 - Apply proxy settings
2024-12-31 11:28:59,538 [INFO] WebApp:533 - Chromium requires no authentication
2024-12-31 11:28:59,540 [INFO] WebApp:476 - Direct internet connection detected
2024-12-31 11:28:59,933 [WARN] PackLoader:240 - Cannot read IP mode file for STMicroelectronics.FP-SNS-MOTENVWB1.1.4.0
2024-12-31 11:28:59,952 [WARN] PackLoader:240 - Cannot read IP mode file for STMicroelectronics.FP-ATR-ASTRA1.2.0.1
2024-12-31 11:28:59,962 [INFO] WebApp:220 - Starting web application
2024-12-31 11:28:59,963 [INFO] WebApp:578 - Web application path used C:\ST\STM32CubeIDE_1.16.1\STM32CubeIDE\plugins\com.st.stm32cube.common.mx_6.12.1.202409122256\db\plugins\mcufinder\reactClient1\index.html
2024-12-31 11:28:59,972 [WARN] PackLoader:240 - Cannot read IP mode file for STMicroelectronics.X-CUBE-SMBUS.2.1.0
2024-12-31 11:29:00,008 [WARN] PackLoader:240 - Cannot read IP mode file for STMicroelectronics.X-CUBE-WB05N.1.1.0
2024-12-31 11:29:00,043 [INFO] WebApp:186 - Connection restablished
2024-12-31 11:29:00,092 [WARN] PackLoader:240 - Cannot read IP mode file for STMicroelectronics.X-CUBE-AZRTOS-F7.1.1.0
2024-12-31 11:29:00,309 [WARN] PackLoader:240 - Cannot read IP mode file for STMicroelectronics.X-CUBE-MEMS1.11.0.0
2024-12-31 11:29:00,382 [INFO] UserAuth:417 - Internet connection configuration mode: 1
2024-12-31 11:29:00,692 [WARN] PackLoader:240 - Cannot read IP mode file for STMicroelectronics.FP-SNS-FLIGHT1.5.0.2
2024-12-31 11:29:00,710 [WARN] PackLoader:240 - Cannot read IP mode file for STMicroelectronics.X-CUBE-DISPLAY.3.0.0
2024-12-31 11:29:00,732 [WARN] PackLoader:240 - Cannot read IP mode file for STMicroelectronics.X-CUBE-BLE1.7.0.0
2024-12-31 11:29:00,751 [WARN] PackLoader:240 - Cannot read IP mode file for STMicroelectronics.X-CUBE-NFC10.1.0.0
2024-12-31 11:29:00,784 [WARN] PackLoader:240 - Cannot read IP mode file for STMicroelectronics.X-CUBE-BLEMGR.4.0.0
2024-12-31 11:29:00,805 [WARN] PackLoader:240 - Cannot read IP mode file for emotas.I-CUBE-CANOPEN.1.3.0
2024-12-31 11:29:00,824 [WARN] PackLoader:240 - Cannot read IP mode file for STMicroelectronics.X-CUBE-BLEMGR.3.1.0
2024-12-31 11:29:00,842 [WARN] PackLoader:240 - Cannot read IP mode file for STMicroelectronics.FP-SNS-SMARTAG2.1.2.0
2024-12-31 11:29:00,952 [WARN] PackLoader:240 - Cannot read IP mode file for STMicroelectronics.X-CUBE-MEMS1.11.1.0
2024-12-31 11:29:01,352 [INFO] LogOutputStream:77 - [STDOUT_REDIRECT] 1 : Invalid condition id : UX_CORESTACK_Condition cause : null
2024-12-31 11:29:01,354 [INFO] LogOutputStream:77 - [STDOUT_REDIRECT] 1 : Invalid condition id : UX_CORESTACK_Condition cause : null
2024-12-31 11:29:01,357 [INFO] LogOutputStream:77 - [STDOUT_REDIRECT] 1 : Invalid condition id : UX_CORESTACK_Condition cause : null
2024-12-31 11:29:01,359 [INFO] LogOutputStream:77 - [STDOUT_REDIRECT] 1 : Invalid condition id : UX_CORESTACK_Condition cause : null
2024-12-31 11:29:01,363 [INFO] LogOutputStream:77 - [STDOUT_REDIRECT] 1 : Invalid condition id : UX_CORESTACK_Condition cause : null
2024-12-31 11:29:01,370 [WARN] PackLoader:240 - Cannot read IP mode file for STMicroelectronics.X-CUBE-AZRTOS-WL.2.0.0
2024-12-31 11:29:01,383 [WARN] PackLoader:240 - Cannot read IP mode file for STMicroelectronics.FP-SNS-MOTENV1.5.0.0
2024-12-31 11:29:01,396 [WARN] PackLoader:240 - Cannot read IP mode file for wolfSSL.I-CUBE-wolfMQTT.1.19.0
2024-12-31 11:29:01,420 [WARN] PackLoader:240 - Cannot read IP mode file for WES.I-CUBE-Cesium.1.3.0
2024-12-31 11:29:01,432 [WARN] PackLoader:240 - Cannot read IP mode file for STMicroelectronics.X-CUBE-BLE2.3.3.0
2024-12-31 11:29:01,448 [WARN] PackLoader:240 - Cannot read IP mode file for STMicroelectronics.X-CUBE-NFC9.1.0.0
2024-12-31 11:29:01,464 [WARN] PackLoader:240 - Cannot read IP mode file for STMicroelectronics.X-CUBE-TCPP.4.1.0
2024-12-31 11:29:01,502 [WARN] PackLoader:240 - Cannot read IP mode file for STMicroelectronics.X-CUBE-AZRTOS-G0.1.1.0
2024-12-31 11:29:01,521 [WARN] PackLoader:240 - Cannot read IP mode file for STMicroelectronics.X-CUBE-SAFEA1.1.2.2
2024-12-31 11:29:01,536 [WARN] PackLoader:240 - Cannot read IP mode file for STMicroelectronics.X-CUBE-NFC4.3.0.0
2024-12-31 11:29:01,562 [WARN] PackLoader:240 - Cannot read IP mode file for EmbeddedOffice.I-CUBE-FS-RTOS.1.0.1
2024-12-31 11:29:01,567 [ERROR] ConditionMgr:805 - Attr not supported : Dmpu
2024-12-31 11:29:01,568 [ERROR] ConditionMgr:805 - Attr not supported : Dmpu
2024-12-31 11:29:01,568 [ERROR] ConditionMgr:805 - Attr not supported : Dmpu
2024-12-31 11:29:01,568 [ERROR] ConditionMgr:805 - Attr not supported : Dmpu
2024-12-31 11:29:01,569 [ERROR] ConditionMgr:805 - Attr not supported : Dmpu
2024-12-31 11:29:01,569 [ERROR] ConditionMgr:805 - Attr not supported : Dmpu
2024-12-31 11:29:01,569 [ERROR] ConditionMgr:805 - Attr not supported : Dmpu
2024-12-31 11:29:01,569 [ERROR] ConditionMgr:805 - Attr not supported : Dmpu
2024-12-31 11:29:01,569 [ERROR] ConditionMgr:805 - Attr not supported : Dmpu
2024-12-31 11:29:01,569 [ERROR] ConditionMgr:805 - Attr not supported : Dmpu
2024-12-31 11:29:01,569 [ERROR] ConditionMgr:805 - Attr not supported : Dmpu
2024-12-31 11:29:01,570 [ERROR] ConditionMgr:805 - Attr not supported : Dmpu
2024-12-31 11:29:01,570 [ERROR] ConditionMgr:805 - Attr not supported : Dmpu
2024-12-31 11:29:01,571 [ERROR] ConditionMgr:805 - Attr not supported : Dmpu
2024-12-31 11:29:01,571 [ERROR] ConditionMgr:805 - Attr not supported : Dmpu
2024-12-31 11:29:01,571 [ERROR] ConditionMgr:805 - Attr not supported : Dmpu
2024-12-31 11:29:01,571 [ERROR] ConditionMgr:805 - Attr not supported : Dmpu
2024-12-31 11:29:01,572 [ERROR] ConditionMgr:805 - Attr not supported : Dmpu
2024-12-31 11:29:01,572 [ERROR] ConditionMgr:805 - Attr not supported : Dmpu
2024-12-31 11:29:01,572 [ERROR] ConditionMgr:805 - Attr not supported : Dmpu
2024-12-31 11:29:01,572 [ERROR] ConditionMgr:805 - Attr not supported : Dmpu
2024-12-31 11:29:01,572 [ERROR] ConditionMgr:805 - Attr not supported : Dmpu
2024-12-31 11:29:01,572 [ERROR] ConditionMgr:805 - Attr not supported : Dmpu
2024-12-31 11:29:01,572 [ERROR] ConditionMgr:805 - Attr not supported : Dmpu
2024-12-31 11:29:01,572 [ERROR] ConditionMgr:805 - Attr not supported : Dmpu
2024-12-31 11:29:01,574 [ERROR] ConditionMgr:805 - Attr not supported : Dmpu
2024-12-31 11:29:01,574 [ERROR] ConditionMgr:805 - Attr not supported : Dmpu
2024-12-31 11:29:01,574 [ERROR] ConditionMgr:805 - Attr not supported : Dmpu
2024-12-31 11:29:01,574 [ERROR] ConditionMgr:805 - Attr not supported : Dmpu
2024-12-31 11:29:01,574 [ERROR] ConditionMgr:805 - Attr not supported : Dmpu
2024-12-31 11:29:01,574 [ERROR] ConditionMgr:805 - Attr not supported : Dmpu
2024-12-31 11:29:01,574 [ERROR] ConditionMgr:805 - Attr not supported : Dmpu
2024-12-31 11:29:01,575 [ERROR] ConditionMgr:805 - Attr not supported : Dmpu
2024-12-31 11:29:01,575 [ERROR] ConditionMgr:805 - Attr not supported : Dmpu
2024-12-31 11:29:01,575 [ERROR] ConditionMgr:805 - Attr not supported : Dmpu
2024-12-31 11:29:01,575 [ERROR] ConditionMgr:805 - Attr not supported : Dmpu
2024-12-31 11:29:01,575 [ERROR] ConditionMgr:805 - Attr not supported : Dmpu
2024-12-31 11:29:01,576 [ERROR] ConditionMgr:805 - Attr not supported : Dmpu
2024-12-31 11:29:01,576 [ERROR] ConditionMgr:805 - Attr not supported : Dmpu
2024-12-31 11:29:01,576 [ERROR] ConditionMgr:805 - Attr not supported : Dmpu
2024-12-31 11:29:01,576 [ERROR] ConditionMgr:805 - Attr not supported : Dmpu
2024-12-31 11:29:01,576 [ERROR] ConditionMgr:805 - Attr not supported : Dmpu
2024-12-31 11:29:01,577 [ERROR] ConditionMgr:805 - Attr not supported : Dmpu
2024-12-31 11:29:01,577 [ERROR] ConditionMgr:805 - Attr not supported : Dmpu
2024-12-31 11:29:01,577 [ERROR] ConditionMgr:805 - Attr not supported : Dmpu
2024-12-31 11:29:01,577 [ERROR] ConditionMgr:805 - Attr not supported : Dmpu
2024-12-31 11:29:01,578 [ERROR] ConditionMgr:805 - Attr not supported : Dmpu
2024-12-31 11:29:01,579 [ERROR] ConditionMgr:805 - Attr not supported : Dmpu
2024-12-31 11:29:01,579 [ERROR] ConditionMgr:805 - Attr not supported : Dmpu
2024-12-31 11:29:01,579 [ERROR] ConditionMgr:805 - Attr not supported : Dmpu
2024-12-31 11:29:01,580 [ERROR] ConditionMgr:805 - Attr not supported : Dmpu
2024-12-31 11:29:01,580 [ERROR] ConditionMgr:805 - Attr not supported : Dmpu
2024-12-31 11:29:01,580 [ERROR] ConditionMgr:805 - Attr not supported : Dmpu
2024-12-31 11:29:01,581 [ERROR] ConditionMgr:805 - Attr not supported : Dmpu
2024-12-31 11:29:01,581 [ERROR] ConditionMgr:805 - Attr not supported : Dmpu
2024-12-31 11:29:01,582 [ERROR] ConditionMgr:805 - Attr not supported : Dmpu
2024-12-31 11:29:01,582 [ERROR] ConditionMgr:805 - Attr not supported : Dmpu
2024-12-31 11:29:01,582 [ERROR] ConditionMgr:805 - Attr not supported : Dmpu
2024-12-31 11:29:01,583 [ERROR] ConditionMgr:805 - Attr not supported : Dmpu
2024-12-31 11:29:01,583 [ERROR] ConditionMgr:805 - Attr not supported : Dmpu
2024-12-31 11:29:01,583 [ERROR] ConditionMgr:805 - Attr not supported : Dmpu
2024-12-31 11:29:01,583 [ERROR] ConditionMgr:805 - Attr not supported : Dmpu
2024-12-31 11:29:01,584 [ERROR] ConditionMgr:805 - Attr not supported : Dmpu
2024-12-31 11:29:01,584 [ERROR] ConditionMgr:805 - Attr not supported : Dmpu
2024-12-31 11:29:01,594 [ERROR] Engine:466 - C:\Users\akpandey\.stm32cubemx\thirdparties\pdsc\STMicroelectronics.X-CUBE-TCPP.4.2.0.pdsc: PDSC version is not supported
2024-12-31 11:29:01,606 [WARN] PackLoader:240 - Cannot read IP mode file for RealThread.X-CUBE-RT-Thread_Nano.4.1.1
2024-12-31 11:29:01,618 [WARN] PackLoader:240 - Cannot read IP mode file for STMicroelectronics.FP-ATR-SIGFOX1.3.2.0
2024-12-31 11:29:01,630 [WARN] ConditionMgr:438 - getConditionDescription Invalid condition id : Cortex-A Device cause : null
2024-12-31 11:29:01,663 [WARN] ConditionMgr:1039 - genDependencies : Invalid condition id : Cortex-A Device cause : null
2024-12-31 11:29:01,663 [WARN] ConditionMgr:1039 - genDependencies : Invalid condition id : Cortex-A Device cause : null
2024-12-31 11:29:01,664 [WARN] ConditionMgr:1039 - genDependencies : Invalid condition id : Cortex-A Device cause : null
2024-12-31 11:29:01,676 [WARN] PackLoader:240 - Cannot read IP mode file for STMicroelectronics.X-CUBE-EEPRMA1.5.1.0
2024-12-31 11:29:01,696 [WARN] PackLoader:240 - Cannot read IP mode file for wolfSSL.I-CUBE-wolfSSL.5.7.4
2024-12-31 11:29:01,710 [WARN] PackLoader:240 - Cannot read IP mode file for ITTIA_DB.I-CUBE-ITTIADB.8.9.0
2024-12-31 11:29:01,788 [WARN] PackLoader:240 - Cannot read IP mode file for SEGGER.I-CUBE-embOS.1.3.1
2024-12-31 11:29:01,898 [WARN] PackLoader:240 - Cannot read IP mode file for STMicroelectronics.X-CUBE-ALGOBUILD.1.4.0
2024-12-31 11:29:01,907 [WARN] PackLoader:240 - Cannot read IP mode file for STMicroelectronics.X-CUBE-AI.9.1.0
2024-12-31 11:29:01,943 [WARN] PackLoader:240 - Cannot read IP mode file for STMicroelectronics.X-CUBE-AZRTOS-F4.1.1.0
2024-12-31 11:29:01,963 [WARN] PackLoader:240 - Cannot read IP mode file for STMicroelectronics.X-CUBE-ISPU.2.1.0
2024-12-31 11:29:01,977 [WARN] PackLoader:240 - Cannot read IP mode file for STMicroelectronics.X-CUBE-FREERTOS.1.2.0
2024-12-31 11:29:02,009 [WARN] PackLoader:240 - Cannot read IP mode file for STMicroelectronics.X-CUBE-AZRTOS-L5.2.0.0
2024-12-31 11:29:02,030 [WARN] PackLoader:240 - Cannot read IP mode file for STMicroelectronics.X-CUBE-NFC6.3.1.0
2024-12-31 11:29:02,044 [WARN] PackLoader:240 - Cannot read IP mode file for STMicroelectronics.X-CUBE-DPower.1.2.0
2024-12-31 11:29:02,064 [WARN] PackLoader:240 - Cannot read IP mode file for STMicroelectronics.X-CUBE-FREERTOS.1.3.0
2024-12-31 11:29:02,075 [WARN] PackLoader:240 - Cannot read IP mode file for STMicroelectronics.X-CUBE-NFC7.1.0.1
2024-12-31 11:29:02,110 [WARN] ConditionMgr:438 - getConditionDescription Invalid condition id : LAN8742 Phy interface Condition cause : null
2024-12-31 11:29:02,112 [WARN] PackLoader:240 - Cannot read IP mode file for STMicroelectronics.X-CUBE-AZRTOS-L4.2.0.0
2024-12-31 11:29:02,114 [WARN] ConditionMgr:1039 - genDependencies : Invalid condition id : LAN8742 Phy interface Condition cause : null
2024-12-31 11:29:02,115 [WARN] ConditionMgr:1039 - genDependencies : Invalid condition id : LAN8742 Phy interface Condition cause : null
2024-12-31 11:29:02,117 [WARN] ConditionMgr:1039 - genDependencies : Invalid condition id : LAN8742 Phy interface Condition cause : null
2024-12-31 11:29:02,135 [WARN] PackLoader:240 - Cannot read IP mode file for STMicroelectronics.X-CUBE-SFXS2LP1.4.0.0
2024-12-31 11:29:02,176 [WARN] PackLoader:240 - Cannot read IP mode file for STMicroelectronics.X-CUBE-AZRTOS-H7.3.3.0
2024-12-31 11:29:02,212 [WARN] PackLoader:240 - Cannot read IP mode file for STMicroelectronics.X-CUBE-IPS.3.0.0
2024-12-31 11:29:02,250 [WARN] ConditionMgr:438 - getConditionDescription Invalid condition id : UX DEVICE CLASS RTOS Condition cause : null
2024-12-31 11:29:02,251 [WARN] ConditionMgr:438 - getConditionDescription Invalid condition id : UX DEVICE CLASS RTOS Condition cause : null
2024-12-31 11:29:02,256 [WARN] PackLoader:240 - Cannot read IP mode file for STMicroelectronics.X-CUBE-AZRTOS-WB.2.0.0
2024-12-31 11:29:02,257 [WARN] ConditionMgr:1039 - genDependencies : Invalid condition id : UX DEVICE CLASS RTOS Condition cause : null
2024-12-31 11:29:02,258 [WARN] ConditionMgr:1039 - genDependencies : Invalid condition id : UX DEVICE CLASS RTOS Condition cause : null
2024-12-31 11:29:02,259 [WARN] ConditionMgr:1039 - genDependencies : Invalid condition id : UX DEVICE CLASS RTOS Condition cause : null
2024-12-31 11:29:02,259 [WARN] ConditionMgr:1039 - genDependencies : Invalid condition id : UX DEVICE CLASS RTOS Condition cause : null
2024-12-31 11:29:02,260 [WARN] ConditionMgr:1039 - genDependencies : Invalid condition id : UX DEVICE CLASS RTOS Condition cause : null
2024-12-31 11:29:02,275 [WARN] PackLoader:240 - Cannot read IP mode file for STMicroelectronics.X-CUBE-GNSS1.7.0.0
2024-12-31 11:29:02,291 [WARN] PackLoader:240 - Cannot read IP mode file for STMicroelectronics.X-CUBE-GNSS1.7.0.1
2024-12-31 11:29:02,326 [WARN] PackLoader:240 - Cannot read IP mode file for STMicroelectronics.FP-SNS-STBOX1.2.0.0
2024-12-31 11:29:02,353 [WARN] PackLoader:240 - Cannot read IP mode file for STMicroelectronics.X-CUBE-SUBG2.5.0.0
2024-12-31 11:29:02,374 [WARN] PackLoader:240 - Cannot read IP mode file for Cesanta.I-CUBE-Mongoose.7.13.0
2024-12-31 11:29:02,401 [WARN] PackLoader:240 - Cannot read IP mode file for STMicroelectronics.X-CUBE-AZRTOS-G4.2.0.0
2024-12-31 11:29:02,413 [WARN] PackLoader:240 - Cannot read IP mode file for STMicroelectronics.X-CUBE-ALS.1.0.2
2024-12-31 11:29:02,425 [WARN] PackLoader:240 - Cannot read IP mode file for STMicroelectronics.X-CUBE-TOUCHGFX.4.24.1
2024-12-31 11:29:02,435 [WARN] PackLoader:240 - Cannot read IP mode file for wolfSSL.I-CUBE-wolfTPM.3.4.0
2024-12-31 11:29:02,447 [WARN] PackLoader:240 - Cannot read IP mode file for portGmbH.I-Cube-SoM-uGOAL.1.1.0
2024-12-31 11:29:02,477 [WARN] PackLoader:240 - Cannot read IP mode file for STMicroelectronics.X-CUBE-AZRTOS-H7RS.1.0.0
2024-12-31 11:29:02,501 [WARN] PackLoader:240 - Cannot read IP mode file for STMicroelectronics.X-CUBE-TOF1.3.4.2
2024-12-31 11:29:02,560 [WARN] PackLoader:240 - Cannot read IP mode file for Infineon.AIROC-Wi-Fi-Bluetooth-STM32.1.6.1
2024-12-31 11:29:02,576 [WARN] PackLoader:240 - Cannot read IP mode file for wolfSSL.I-CUBE-wolfSSH.1.4.17
2024-12-31 11:29:02,578 [INFO] ThirdParty:978 - Integrity check success = true
2024-12-31 11:29:02,578 [INFO] IntegrityCheckThread:100 - exiting critical section [integrity check]
2024-12-31 11:29:02,578 [INFO] IntegrityCheckThread:103 - End integrity checks thread
2024-12-31 11:30:50,769 [INFO] McuFinderGlobals:63 - Set McuFinder mode to 2 (CubeIDE integrated)
2024-12-31 11:30:50,777 [INFO] MainUpdater:2873 - connection check result : 10
2024-12-31 11:30:50,779 [INFO] MainUpdater:2873 - connection check result : 10
2024-12-31 11:30:50,891 [INFO] RulesReader:64 - Compatibility file has been processed (297 Rules)
2024-12-31 11:30:50,907 [INFO] RulesReader:64 - Compatibility file has been processed (297 Rules)
2024-12-31 11:30:50,924 [INFO] MicroXplorer:468 - Change Database Path : 
2024-12-31 11:30:50,924 [INFO] MicroXplorer:498 - Change Database Version : DB.6.0.121
2024-12-31 11:30:50,941 [WARN] ThirdParty:871 - waiting for thirdparty lock release [close project]
2024-12-31 11:30:50,941 [INFO] ThirdParty:873 - entering critical section [close project]
2024-12-31 11:30:50,943 [INFO] ThirdParty:883 - exiting critical section [close project]
2024-12-31 11:30:50,955 [INFO] PinOutPanel:1561 - setPackage(No Configuration,No Configuration)
2024-12-31 11:30:50,965 [INFO] UtilMem:75 - Begin LoadConfig() Used Memory: 843366904 Bytes (1073741824)
2024-12-31 11:30:50,969 [INFO] MicroXplorer:468 - Change Database Path : 
2024-12-31 11:30:50,969 [INFO] MicroXplorer:498 - Change Database Version : DB.6.0.121
2024-12-31 11:30:50,970 [INFO] OpenFileManager:332 - Change cursor
2024-12-31 11:30:51,048 [INFO] Mcu:2032 - Initializing MCU STM32H747XIHx STM32H747XIHx STM32H747XIH6
2024-12-31 11:31:00,397 [INFO] Context:742 - Trying to add GPIOservice into a context  which must be forbidden
2024-12-31 11:31:00,397 [INFO] Context:742 - Trying to add GPIOservice into a context  which must be forbidden
2024-12-31 11:31:04,168 [INFO] Context:742 - Trying to add GPIOservice into a context  which must be forbidden
2024-12-31 11:31:04,169 [INFO] Context:742 - Trying to add GPIOservice into a context  which must be forbidden
2024-12-31 11:31:04,610 [INFO] RtosManager:555 - Registered RTOS mode: class=CMSIS, group=RTOS, mode=CMSIS_V1, owner=FREERTOS_M7
2024-12-31 11:31:04,611 [INFO] RtosManager:555 - Registered RTOS mode: class=CMSIS, group=RTOS2, mode=CMSIS_V2, owner=FREERTOS_M7
2024-12-31 11:31:04,611 [INFO] RtosManager:555 - Registered RTOS mode: class=RTOS, group=Core, mode=CMSIS_V1, owner=FREERTOS_M7
2024-12-31 11:31:04,611 [INFO] RtosManager:555 - Registered RTOS mode: class=RTOS, group=Core, mode=CMSIS_V2, owner=FREERTOS_M7
2024-12-31 11:31:04,612 [WARN] ModelIntegratedComponent:184 - Missing modes for component STMicroelectronics:FreeRTOS:0.0.1:STMicroelectronics:RTOS:FreeRTOS:Core:::10.2.0:
2024-12-31 11:31:04,631 [WARN] ModelIntegratedComponent:63 - No mode defined for component null
2024-12-31 11:31:04,632 [WARN] ModelIntegratedComponent:63 - No mode defined for component null
2024-12-31 11:31:04,632 [WARN] ModelIntegratedComponent:63 - No mode defined for component null
2024-12-31 11:31:04,632 [WARN] ModelIntegratedComponent:63 - No mode defined for component null
2024-12-31 11:31:04,632 [WARN] ModelIntegratedComponent:63 - No mode defined for component null
2024-12-31 11:31:04,633 [WARN] ModelIntegratedComponent:63 - No mode defined for component null
2024-12-31 11:31:04,633 [WARN] ModelIntegratedComponent:63 - No mode defined for component null
2024-12-31 11:31:04,633 [WARN] ModelIntegratedComponent:63 - No mode defined for component null
2024-12-31 11:31:04,633 [WARN] ModelIntegratedComponent:63 - No mode defined for component null
2024-12-31 11:31:04,633 [WARN] ModelIntegratedComponent:63 - No mode defined for component null
2024-12-31 11:31:04,633 [WARN] ModelIntegratedComponent:63 - No mode defined for component null
2024-12-31 11:31:04,633 [WARN] ModelIntegratedComponent:63 - No mode defined for component null
2024-12-31 11:31:04,633 [WARN] ModelIntegratedComponent:63 - No mode defined for component null
2024-12-31 11:31:04,633 [WARN] ModelIntegratedComponent:63 - No mode defined for component null
2024-12-31 11:31:04,633 [WARN] ModelIntegratedComponent:63 - No mode defined for component null
2024-12-31 11:31:04,633 [WARN] ModelIntegratedComponent:63 - No mode defined for component null
2024-12-31 11:31:04,633 [WARN] ModelIntegratedComponent:63 - No mode defined for component null
2024-12-31 11:31:04,633 [WARN] ModelIntegratedComponent:63 - No mode defined for component null
2024-12-31 11:31:04,633 [WARN] ModelIntegratedComponent:63 - No mode defined for component null
2024-12-31 11:31:04,633 [WARN] ModelIntegratedComponent:63 - No mode defined for component null
2024-12-31 11:31:04,633 [WARN] ModelIntegratedComponent:63 - No mode defined for component null
2024-12-31 11:31:04,633 [WARN] ModelIntegratedComponent:63 - No mode defined for component null
2024-12-31 11:31:04,634 [WARN] ModelIntegratedComponent:63 - No mode defined for component null
2024-12-31 11:31:04,634 [WARN] ModelIntegratedComponent:63 - No mode defined for component null
2024-12-31 11:31:04,634 [WARN] ModelIntegratedComponent:63 - No mode defined for component null
2024-12-31 11:31:04,634 [WARN] ModelIntegratedComponent:63 - No mode defined for component null
2024-12-31 11:31:04,634 [WARN] ModelIntegratedComponent:63 - No mode defined for component null
2024-12-31 11:31:04,634 [WARN] ModelIntegratedComponent:63 - No mode defined for component null
2024-12-31 11:31:04,634 [WARN] ModelIntegratedComponent:63 - No mode defined for component null
2024-12-31 11:31:04,634 [WARN] ModelIntegratedComponent:63 - No mode defined for component null
2024-12-31 11:31:04,634 [WARN] ModelIntegratedComponent:63 - No mode defined for component null
2024-12-31 11:31:04,634 [WARN] ModelIntegratedComponent:63 - No mode defined for component null
2024-12-31 11:31:04,634 [WARN] ModelIntegratedComponent:63 - No mode defined for component null
2024-12-31 11:31:04,634 [WARN] ModelIntegratedComponent:63 - No mode defined for component null
2024-12-31 11:31:04,634 [WARN] ModelIntegratedComponent:63 - No mode defined for component null
2024-12-31 11:31:04,635 [WARN] ModelPack:524 - Component already loaded: STMicroelectronics:HAL Drivers:0.0.0:STMicroelectronics:Device:STMicro_Driver:XSPI:HAL::0.0.1:HAL_XSPI
2024-12-31 11:31:04,916 [INFO] RtosManager:555 - Registered RTOS mode: class=CMSIS, group=RTOS, mode=CMSIS_V1, owner=FREERTOS_M4
2024-12-31 11:31:04,916 [INFO] RtosManager:555 - Registered RTOS mode: class=CMSIS, group=RTOS2, mode=CMSIS_V2, owner=FREERTOS_M4
2024-12-31 11:31:04,917 [INFO] RtosManager:555 - Registered RTOS mode: class=RTOS, group=Core, mode=CMSIS_V1, owner=FREERTOS_M4
2024-12-31 11:31:04,917 [INFO] RtosManager:555 - Registered RTOS mode: class=RTOS, group=Core, mode=CMSIS_V2, owner=FREERTOS_M4
2024-12-31 11:31:04,917 [WARN] ModelIntegratedComponent:184 - Missing modes for component STMicroelectronics:FreeRTOS:0.0.1:STMicroelectronics:RTOS:FreeRTOS:Core:::10.2.0:
2024-12-31 11:31:04,929 [WARN] ModelIntegratedComponent:63 - No mode defined for component null
2024-12-31 11:31:04,929 [WARN] ModelIntegratedComponent:63 - No mode defined for component null
2024-12-31 11:31:04,929 [WARN] ModelIntegratedComponent:63 - No mode defined for component null
2024-12-31 11:31:04,929 [WARN] ModelIntegratedComponent:63 - No mode defined for component null
2024-12-31 11:31:04,929 [WARN] ModelIntegratedComponent:63 - No mode defined for component null
2024-12-31 11:31:04,929 [WARN] ModelIntegratedComponent:63 - No mode defined for component null
2024-12-31 11:31:04,929 [WARN] ModelIntegratedComponent:63 - No mode defined for component null
2024-12-31 11:31:04,929 [WARN] ModelIntegratedComponent:63 - No mode defined for component null
2024-12-31 11:31:04,929 [WARN] ModelIntegratedComponent:63 - No mode defined for component null
2024-12-31 11:31:04,929 [WARN] ModelIntegratedComponent:63 - No mode defined for component null
2024-12-31 11:31:04,929 [WARN] ModelIntegratedComponent:63 - No mode defined for component null
2024-12-31 11:31:04,930 [WARN] ModelIntegratedComponent:63 - No mode defined for component null
2024-12-31 11:31:04,930 [WARN] ModelIntegratedComponent:63 - No mode defined for component null
2024-12-31 11:31:04,930 [WARN] ModelIntegratedComponent:63 - No mode defined for component null
2024-12-31 11:31:04,930 [WARN] ModelIntegratedComponent:63 - No mode defined for component null
2024-12-31 11:31:04,930 [WARN] ModelIntegratedComponent:63 - No mode defined for component null
2024-12-31 11:31:04,930 [WARN] ModelIntegratedComponent:63 - No mode defined for component null
2024-12-31 11:31:04,930 [WARN] ModelIntegratedComponent:63 - No mode defined for component null
2024-12-31 11:31:04,930 [WARN] ModelIntegratedComponent:63 - No mode defined for component null
2024-12-31 11:31:04,930 [WARN] ModelIntegratedComponent:63 - No mode defined for component null
2024-12-31 11:31:04,930 [WARN] ModelIntegratedComponent:63 - No mode defined for component null
2024-12-31 11:31:04,930 [WARN] ModelIntegratedComponent:63 - No mode defined for component null
2024-12-31 11:31:04,930 [WARN] ModelIntegratedComponent:63 - No mode defined for component null
2024-12-31 11:31:04,930 [WARN] ModelIntegratedComponent:63 - No mode defined for component null
2024-12-31 11:31:04,930 [WARN] ModelIntegratedComponent:63 - No mode defined for component null
2024-12-31 11:31:04,930 [WARN] ModelIntegratedComponent:63 - No mode defined for component null
2024-12-31 11:31:04,931 [WARN] ModelIntegratedComponent:63 - No mode defined for component null
2024-12-31 11:31:04,931 [WARN] ModelIntegratedComponent:63 - No mode defined for component null
2024-12-31 11:31:04,931 [WARN] ModelIntegratedComponent:63 - No mode defined for component null
2024-12-31 11:31:04,931 [WARN] ModelIntegratedComponent:63 - No mode defined for component null
2024-12-31 11:31:04,931 [WARN] ModelIntegratedComponent:63 - No mode defined for component null
2024-12-31 11:31:04,931 [WARN] ModelIntegratedComponent:63 - No mode defined for component null
2024-12-31 11:31:04,931 [WARN] ModelIntegratedComponent:63 - No mode defined for component null
2024-12-31 11:31:04,931 [WARN] ModelIntegratedComponent:63 - No mode defined for component null
2024-12-31 11:31:04,931 [WARN] ModelIntegratedComponent:63 - No mode defined for component null
2024-12-31 11:31:04,931 [WARN] ModelPack:524 - Component already loaded: STMicroelectronics:HAL Drivers:0.0.0:STMicroelectronics:Device:STMicro_Driver:XSPI:HAL::0.0.1:HAL_XSPI
2024-12-31 11:31:05,072 [INFO] ThirdPartyModel:298 - Start build external matchings
2024-12-31 11:31:05,572 [INFO] ThirdPartyModel:316 - End build external matchings
2024-12-31 11:31:05,592 [INFO] ThirdPartyModel:298 - Start build external matchings
2024-12-31 11:31:06,012 [INFO] ThirdPartyModel:316 - End build external matchings
2024-12-31 11:31:06,044 [INFO] ImportTextPane:205 - (OptionalMessage_ERROR) IP (RCC) : Parameter (DSIFreq_Value) has invalid value (62500000)
2024-12-31 11:31:06,045 [INFO] ImportTextPane:205 - (OptionalMessage_ERROR) IP (RCC) : Parameter (FDCANFreq_Value) has invalid value (160000000)
2024-12-31 11:31:06,045 [INFO] ImportTextPane:205 - (OptionalMessage_ERROR) IP (RCC) : Invalid parameter (FamilyName)
2024-12-31 11:31:06,045 [INFO] ImportTextPane:205 - (OptionalMessage_ERROR) IP (RCC) : Parameter (SAI1Freq_Value) has invalid value (160000000)
2024-12-31 11:31:06,045 [INFO] ImportTextPane:205 - (OptionalMessage_ERROR) IP (RCC) : Parameter (SAI23Freq_Value) has invalid value (160000000)
2024-12-31 11:31:06,045 [INFO] ImportTextPane:205 - (OptionalMessage_ERROR) IP (RCC) : Parameter (SAI4AFreq_Value) has invalid value (160000000)
2024-12-31 11:31:06,046 [INFO] ImportTextPane:205 - (OptionalMessage_ERROR) IP (RCC) : Parameter (SAI4BFreq_Value) has invalid value (160000000)
2024-12-31 11:31:06,046 [INFO] ImportTextPane:205 - (OptionalMessage_ERROR) IP (RCC) : Parameter (USBFreq_Value) has invalid value (160000000)
2024-12-31 11:31:07,128 [INFO] ApiDb:581 - Connected to CubeFinder SQLite database (C:\Users\akpandey\.stmcufinder\plugins\mcufinder\mcu\cube-finder-db.db)
2024-12-31 11:31:07,316 [INFO] ApiDb:668 - CubeFinder database Data Model version=2.1
2024-12-31 11:31:07,316 [INFO] ApiDb:669 - CubeFinder database Configuration version=3.0.39
2024-12-31 11:31:07,316 [INFO] ApiDb:670 - CubeFinder database generation date=2024-11-21 (1732182206)
2024-12-31 11:31:07,317 [INFO] ApiDb:671 - CubeFinder database FW Pack versions=[FP-ATR-ASTRA1_V2.0.0, FP-SNS-FLIGHT1_V5.0.2, FP-SNS-MOTENV1_V5.0.0, FP-SNS-MOTENVWB1_V1.4.0, FP-SNS-SMARTAG2_V1.2.0, FP-SNS-STBOX1_V2.0.0, STM32Cube_FW_C0_V1.3.0, STM32Cube_FW_F4_V1.28.1, STM32Cube_FW_F7_V1.17.2, STM32Cube_FW_G0_V1.6.2, STM32Cube_FW_G4_V1.6.1, STM32Cube_FW_H5_V1.4.0, STM32Cube_FW_H7RS_V1.1.0, STM32Cube_FW_H7_V1.12.0, STM32Cube_FW_L0_V1.12.2, STM32Cube_FW_L4_V1.18.1, STM32Cube_FW_L5_V1.5.1, STM32Cube_FW_N6_V1.0.0, STM32Cube_FW_U0_V1.2.0, STM32Cube_FW_U3_V1.0.0, STM32Cube_FW_U5_V1.7.0, STM32Cube_FW_WB0_V1.1.0, STM32Cube_FW_WBA_V1.5.0, STM32Cube_FW_WB_V1.21.0, STM32Cube_FW_WL3_V1.0.0, STM32Cube_FW_WL_V1.3.0, X-CUBE-ALGOBUILD_V1.4.0, X-CUBE-ALS_V1.0.2, X-CUBE-AZRTOS-F4_V1.1.0, X-CUBE-AZRTOS-F7_V1.1.0, X-CUBE-AZRTOS-G0_V1.1.0, X-CUBE-AZRTOS-G4_V2.0.0, X-CUBE-AZRTOS-H7RS_V1.0.0, X-CUBE-AZRTOS-H7_V3.3.0, X-CUBE-AZRTOS-L4_V2.0.0, X-CUBE-AZRTOS-L5_V2.0.0, X-CUBE-AZRTOS-WB_V2.0.0, X-CUBE-AZRTOS-WL_V2.0.0, X-CUBE-BLE1_V7.0.0, X-CUBE-BLE2_V3.3.0, X-CUBE-BLEMGR_V3.1.0, X-CUBE-EEPRMA1_V5.1.0, X-CUBE-FREERTOS_V1.2.0, X-CUBE-GNSS1_V6.0.0, X-CUBE-MEMS1_V11.0.0, X-CUBE-NFC4_V3.0.0, X-CUBE-NFC7_V1.0.1, X-CUBE-SFXS2LP1_V4.0.0, X-CUBE-SUBG2_V5.0.0, X-CUBE-TOF1_V3.4.2]
2024-12-31 11:31:07,555 [INFO] DbBoardsSqlite:226 - include board P-NUCLEO-WB55-NUCLEO as a kit item of type 'Nucleo-64'
2024-12-31 11:31:07,555 [INFO] DbBoardsSqlite:226 - include board P-NUCLEO-WB55-USBDONGLE as a kit item of type 'Nucleo USB Dongle'
2024-12-31 11:31:07,558 [INFO] DbBoardsSqlite:226 - include board STEVAL-IDP005V1 as a kit item of type 'Evaluation Board'
2024-12-31 11:31:07,559 [INFO] DbBoardsSqlite:226 - include board STEVAL-IDP005V2 as a kit item of type 'Evaluation Board'
2024-12-31 11:31:08,592 [INFO] ApiDb:240 - Found 646 in-development CPN: [B-G473E-ZEST1S, B-WB1M-WPAN1, B-WL5M-SUBG1, NUCLEO-C031C6, NUCLEO-C071RB, NUCLEO-H503RB, NUCLEO-H533RE, NUCLEO-H563ZI, NUCLEO-H7S3L8, NUCLEO-U031R8, NUCLEO-U083RC, NUCLEO-U545RE-Q, NUCLEO-U5A5ZJ-Q, NUCLEO-WB05KZ, NUCLEO-WB07CC, NUCLEO-WB09KE, NUCLEO-WBA52CG, NUCLEO-WBA55CG, STEVAL-PROTEUS1, STEVAL-SMARTAG2, STEVAL-STWINBX1, STM320518-EVAL, STM32C0116-DK, STM32C011D6Y3TR, STM32C011D6Y6TR, STM32C011F4P3, STM32C011F4P6, STM32C011F4U3, STM32C011F4U6TR, STM32C011F6P3, STM32C011F6P6, STM32C011F6U3, STM32C011F6U6TR, STM32C011J4M3, STM32C011J4M6, STM32C011J6M3, STM32C011J6M6, STM32C0316-DK, STM32C031C4T3, STM32C031C4T6, STM32C031C4U3, STM32C031C4U6, STM32C031C6T3, STM32C031C6T6, STM32C031C6U3, STM32C031C6U6, STM32C031F4P3, STM32C031F4P6, STM32C031F6P3, STM32C031F6P6, STM32C031G4U3, STM32C031G4U6, STM32C031G6U3, STM32C031G6U6, STM32C031K4T3, STM32C031K4T6, STM32C031K4U3, STM32C031K4U6, STM32C031K6T3, STM32C031K6T6, STM32C031K6U3, STM32C031K6U6, STM32C071C8T6, STM32C071C8T6N, STM32C071C8U6, STM32C071C8U6N, STM32C071CBT6, STM32C071CBT6N, STM32C071CBU6, STM32C071CBU6N, STM32C071F8P6, STM32C071F8P6N, STM32C071FBP6, STM32C071FBP6N, STM32C071FBY6TR, STM32C071G8U6, STM32C071G8U6N, STM32C071GBU6, STM32C071GBU6N, STM32C071K8T6, STM32C071K8T6N, STM32C071K8U6, STM32C071K8U6N, STM32C071KBT6, STM32C071KBT6N, STM32C071KBU6, STM32C071KBU6N, STM32C071R8T6, STM32C071R8T6N, STM32C071RBI6N, STM32C071RBT6, STM32C071RBT6N, STM32G071K8TXN, STM32G071K8UXN, STM32G081GBU6N, STM32G081KBT6N, STM32G081KBUXN, STM32G0B1CCT6N, STM32G0B1KCT6, STM32G0B1NEY6TR, STM32G0B1RCT6N, STM32G0C1CCT6, STM32G0C1CCT6N, STM32G0C1CCU6N, STM32G0C1CET6N, STM32G0C1CEU6N, STM32G0C1KCT6, STM32G0C1NEY6TR, STM32G0C1RCI6N, STM32G0C1RCT6N, STM32G0C1REI6N, STM32G0C1RET6N, STM32G0C1VCI6, STM32G0C1VEI6, STM32G411C6T3, STM32G411C6T6, STM32G411C6U3, STM32G411C6U6, STM32G411C8T3, STM32G411C8T6, STM32G411C8U3, STM32G411C8U6, STM32G411CBT3, STM32G411CBT6, STM32G411CBU3, STM32G411CBU6, STM32G411K6T3, STM32G411K6T6, STM32G411K6U3, STM32G411K6U6, STM32G411K8T3, STM32G411K8T6, STM32G411K8U3, STM32G411K8U6, STM32G411KBT3, STM32G411KBT6, STM32G411KBU3, STM32G411KBU6, STM32G411M6T3, STM32G411M6T6, STM32G411M8T3, STM32G411M8T6, STM32G411MBT3, STM32G411MBT6, STM32G411R6T3, STM32G411R6T6, STM32G411R8T3, STM32G411R8T6, STM32G411RBT3, STM32G411RBT6, STM32G414CBT3, STM32G414CBT6, STM32G414CBU3, STM32G414CBU6, STM32G414CCT3, STM32G414CCT6, STM32G414CCU3, STM32G414CCU6, STM32G414MBT3, STM32G414MBT6, STM32G414MCT3, STM32G414MCT6, STM32G414RBT3, STM32G414RBT6, STM32G414RCT3, STM32G414RCT6, STM32G414VBT3, STM32G414VBT6, STM32G414VCT3, STM32G414VCT6, STM32G431CBT3Z, STM32G431RBT3Z, STM32G471CCT6, STM32G471CCU6, STM32G471CET3, STM32G471CET6, STM32G471CEU3, STM32G471CEU6, STM32G471MCT6, STM32G471MET3, STM32G471MET6, STM32G471MEY6TR, STM32G471QCT6, STM32G471QET3, STM32G471RCT6, STM32G471RET3, STM32G471RET6, STM32G471VCH6, STM32G471VCI6, STM32G471VCT6, STM32G471VEH3, STM32G471VEH6, STM32G471VEI3, STM32G471VEI6, STM32G471VET3, STM32G471VET6, STM32G473QET3Z, STM32G473RET3Z, STM32G474CCT6, STM32G491RET3Z, STM32H503CBT6, STM32H503CBU6, STM32H503EBY6TR, STM32H503KBU6, STM32H503RBT6, STM32H523CCT6, STM32H523CCU6, STM32H523CET6, STM32H523CEU6, STM32H523HEY6TR, STM32H523RCT6, STM32H523RET6, STM32H523VCI6, STM32H523VCT6, STM32H523VEI6, STM32H523VET6, STM32H523ZCJ6, STM32H523ZCT6, STM32H523ZEJ6, STM32H523ZET6, STM32H533CET6, STM32H533CEU6, STM32H533HEY6TR, STM32H533RET6, STM32H533VEI6, STM32H533VET6, STM32H533ZEJ6, STM32H533ZET6, STM32H562AGI6, STM32H562AII6, STM32H562IGK6, STM32H562IGT6, STM32H562IIK6, STM32H562IIT6, STM32H562RGT6, STM32H562RGV6, STM32H562RIT6, STM32H562RIV6, STM32H562VGT6, STM32H562VIT6, STM32H562ZGT6, STM32H562ZIT6, STM32H563AGI6, STM32H563AII3Q, STM32H563AII6, STM32H563IGK6, STM32H563IGT6, STM32H563IIK3Q, STM32H563IIK6, STM32H563IIT3Q, STM32H563IIT6, STM32H563MIY3QTR, STM32H563RGT6, STM32H563RGV6, STM32H563RIT6, STM32H563RIV6, STM32H563VGT6, STM32H563VIT3Q, STM32H563VIT6, STM32H563ZGT6, STM32H563ZIT3Q, STM32H563ZIT6, STM32H573AII3Q, STM32H573AII6, STM32H573I-DK, STM32H573IIK3Q, STM32H573IIK6, STM32H573IIT3Q, STM32H573IIT6, STM32H573MIY3QTR, STM32H573RIT6, STM32H573RIV6, STM32H573VIT3Q, STM32H573VIT6, STM32H573ZIT3Q, STM32H573ZIT6, STM32H7R3A8I6, STM32H7R3I8K6, STM32H7R3I8T6, STM32H7R3L8H6, STM32H7R3L8H6H, STM32H7R3R8V6, STM32H7R3V8H6, STM32H7R3V8T6, STM32H7R3V8Y6TR, STM32H7R3Z8J6, STM32H7R3Z8T6, STM32H7R7A8I6, STM32H7R7I8K6, STM32H7R7I8T6, STM32H7R7L8H6, STM32H7R7L8H6H, STM32H7R7Z8J6, STM32H7S3A8I6, STM32H7S3I8K6, STM32H7S3I8T6, STM32H7S3L8H6, STM32H7S3L8H6H, STM32H7S3R8V6, STM32H7S3V8H6, STM32H7S3V8T6, STM32H7S3V8Y6TR, STM32H7S3Z8J6, STM32H7S3Z8T6, STM32H7S78-DK, STM32H7S7A8I6, STM32H7S7I8K6, STM32H7S7I8T6, STM32H7S7L8H6, STM32H7S7L8H6H, STM32H7S7Z8J6, STM32L4R5QGI6STR, STM32MP131AAE3, STM32MP131AAF3, STM32MP131AAG3, STM32MP131CAE3, STM32MP131CAF3, STM32MP131CAG3, STM32MP131DAE7, STM32MP131DAF7, STM32MP131DAG7, STM32MP131FAE7, STM32MP131FAF7, STM32MP131FAG7, STM32MP133AAE3, STM32MP133AAF3, STM32MP133AAG3, STM32MP133CAE3, STM32MP133CAF3, STM32MP133CAG3, STM32MP133DAE7, STM32MP133DAF7, STM32MP133DAG7, STM32MP133FAE7, STM32MP133FAF7, STM32MP133FAG7, STM32MP135AAE3, STM32MP135AAF3, STM32MP135AAG3, STM32MP135CAE3, STM32MP135CAF3, STM32MP135CAG3, STM32MP135DAE7, STM32MP135DAF7, STM32MP135DAG7, STM32MP135F-DK, STM32MP135FAE7, STM32MP135FAF7, STM32MP135FAF7T, STM32MP135FAF7U, STM32MP135FAG7, STM32MP251AAI3, STM32MP251AAK3, STM32MP251AAL3, STM32MP251CAI3, STM32MP251CAK3, STM32MP251CAL3, STM32MP251DAI3, STM32MP251DAK3, STM32MP251DAL3, STM32MP251FAI3, STM32MP251FAK3, STM32MP251FAL3, STM32MP253AAI3, STM32MP253AAK3, STM32MP253AAL3, STM32MP253CAI3, STM32MP253CAK3, STM32MP253CAL3, STM32MP253DAI3, STM32MP253DAK3, STM32MP253DAL3, STM32MP253FAI3, STM32MP253FAK3, STM32MP253FAL3, STM32MP255AAI3, STM32MP255AAK3, STM32MP255AAL3, STM32MP255CAI3, STM32MP255CAK3, STM32MP255CAL3, STM32MP255DAI3, STM32MP255DAK3, STM32MP255DAL3, STM32MP255FAI3, STM32MP255FAK3, STM32MP255FAL3, STM32MP257AAI3, STM32MP257AAK3, STM32MP257AAL3, STM32MP257CAI3, STM32MP257CAK3, STM32MP257CAL3, STM32MP257DAI3, STM32MP257DAK3, STM32MP257DAL3, STM32MP257F-DK, STM32MP257F-EV1, STM32MP257FAI3, STM32MP257FAK3, STM32MP257FAL3, STM32U031C6T6, STM32U031C6U6, STM32U031C8T6, STM32U031C8U6, STM32U031F4P6, STM32U031F6P6, STM32U031F8P6, STM32U031G6Y6TR, STM32U031G8Y6TR, STM32U031K4U6, STM32U031K6U6, STM32U031K8U6, STM32U031R6I6, STM32U031R6T6, STM32U031R8I6, STM32U031R8T6, STM32U073C8T6, STM32U073C8U6, STM32U073CBT6, STM32U073CBU6, STM32U073CCT6, STM32U073CCU6, STM32U073H8Y6TR, STM32U073HBY6TR, STM32U073HCY6TR, STM32U073K8U6, STM32U073KBU6, STM32U073KCU6, STM32U073M8I6, STM32U073M8T6, STM32U073MBI6, STM32U073MBT6, STM32U073MCI6, STM32U073MCT6, STM32U073R8I6, STM32U073R8T6, STM32U073RBI6, STM32U073RBT6, STM32U073RCI6, STM32U073RCT6, STM32U083C-DK, STM32U083CCT6, STM32U083CCU6, STM32U083HCY6TR, STM32U083KCU6, STM32U083MCI6, STM32U083MCT6, STM32U083RCI6, STM32U083RCT6, STM32U535CBT6, STM32U535CBT6Q, STM32U535CBU6, STM32U535CBU6Q, STM32U535CCT6, STM32U535CCT6Q, STM32U535CCU6, STM32U535CCU6Q, STM32U535CET6, STM32U535CET6Q, STM32U535CEU6, STM32U535CEU6Q, STM32U535JEY6QTR, STM32U535NCY6QTR, STM32U535NEY6QTR, STM32U535RBI6, STM32U535RBI6Q, STM32U535RBT6, STM32U535RBT6Q, STM32U535RCI6, STM32U535RCI6Q, STM32U535RCT6, STM32U535RCT6Q, STM32U535REI6, STM32U535REI6Q, STM32U535RET6, STM32U535RET6Q, STM32U535VCI6, STM32U535VCI6Q, STM32U535VCT6, STM32U535VCT6Q, STM32U535VEI6, STM32U535VEI6Q, STM32U535VET6, STM32U535VET6Q, STM32U545CET6, STM32U545CET6Q, STM32U545CEU6, STM32U545CEU6Q, STM32U545JEY6QTR, STM32U545NEY6QTR, STM32U545REI6, STM32U545REI6Q, STM32U545RET6, STM32U545RET6Q, STM32U545VEI6, STM32U545VEI6Q, STM32U545VET6, STM32U545VET6Q, STM32U595AIH6, STM32U595AIH6Q, STM32U595AJH6, STM32U595AJH6Q, STM32U595QII6, STM32U595QII6Q, STM32U595QJI6, STM32U595QJI6Q, STM32U595RIT6, STM32U595RIT6Q, STM32U595RJT6, STM32U595RJT6Q, STM32U595VIT6, STM32U595VIT6Q, STM32U595VJT6, STM32U595VJT6Q, STM32U595ZIT6, STM32U595ZIT6Q, STM32U595ZIY6QTR, STM32U595ZJT6, STM32U595ZJT6Q, STM32U595ZJY6QTR, STM32U599BJY6QTR, STM32U599NIH6Q, STM32U599NJH6Q, STM32U599VIT6Q, STM32U599VJT6, STM32U599VJT6Q, STM32U599ZIT6Q, STM32U599ZIY6QTR, STM32U599ZJT6Q, STM32U599ZJY6QTR, STM32U5A5AJH6, STM32U5A5AJH6Q, STM32U5A5QII3Q , STM32U5A5QJI6, STM32U5A5QJI6Q, STM32U5A5RJT6, STM32U5A5RJT6Q, STM32U5A5VJT6, STM32U5A5VJT6Q, STM32U5A5ZJT6, STM32U5A5ZJT6Q, STM32U5A5ZJY6QTR, STM32U5A9BJY6QTR, STM32U5A9J-DK, STM32U5A9NJH6Q, STM32U5A9VJT6Q, STM32U5A9ZJT6Q, STM32U5A9ZJY6QTR, STM32U5F7VIT6, STM32U5F7VIT6Q, STM32U5F7VJT6, STM32U5F7VJT6Q, STM32U5F9BJY6QTR, STM32U5F9NJH6Q, STM32U5F9VIT6Q, STM32U5F9VJT6Q, STM32U5F9ZIJ6QTR, STM32U5F9ZIT6Q, STM32U5F9ZJJ6QTR, STM32U5F9ZJT6Q, STM32U5G7VJT6, STM32U5G7VJT6Q, STM32U5G9BJY6QTR, STM32U5G9J-DK1, STM32U5G9J-DK2, STM32U5G9NJH6Q, STM32U5G9VJT6Q, STM32U5G9ZJJ6QTR, STM32U5G9ZJT6Q, STM32WB05KZV6TR, STM32WB05KZV7TR, STM32WB05TZF6TR, STM32WB05TZF7TR, STM32WB06CCF6TR, STM32WB06CCF7TR, STM32WB06CCV6TR, STM32WB06CCV7TR, STM32WB06KCV6TR, STM32WB06KCV7TR, STM32WB07CCF6TR, STM32WB07CCF7TR, STM32WB07CCV6TR, STM32WB07CCV7TR, STM32WB07KCV6TR, STM32WB07KCV7TR, STM32WB09KEV6TR, STM32WB09KEV7TR, STM32WB09TEF6TR, STM32WB09TEF7TR, STM32WB1MMCH6, STM32WBA50KGU6, STM32WBA50KGU6TR, STM32WBA52CEU6, STM32WBA52CEU6TR, STM32WBA52CEU7, STM32WBA52CEU7TR, STM32WBA52CGU6, STM32WBA52CGU6TR, STM32WBA52CGU6U, STM32WBA52CGU7, STM32WBA52CGU7TR, STM32WBA52KEU6, STM32WBA52KEU6TR, STM32WBA52KGU6, STM32WBA52KGU6TR, STM32WBA54CEU6, STM32WBA54CEU6TR, STM32WBA54CEU7, STM32WBA54CEU7TR, STM32WBA54CGU6, STM32WBA54CGU6TR, STM32WBA54CGU7, STM32WBA54CGU7TR, STM32WBA54KEU6, STM32WBA54KEU6TR, STM32WBA54KEU7, STM32WBA54KEU7TR, STM32WBA54KGU6, STM32WBA54KGU6TR, STM32WBA54KGU7, STM32WBA54KGU7TR, STM32WBA55CEU6, STM32WBA55CEU6TR, STM32WBA55CEU7, STM32WBA55CEU7TR, STM32WBA55CGU6, STM32WBA55CGU6TR, STM32WBA55CGU6U, STM32WBA55CGU7, STM32WBA55CGU7TR, STM32WBA55G-DK1, STM32WBA55HEF6, STM32WBA55HEF7, STM32WBA55HGF6, STM32WBA55HGF7, STM32WBA55UEI6, STM32WBA55UEI6TR, STM32WBA55UEI7, STM32WBA55UEI7TR, STM32WBA55UGI6, STM32WBA55UGI6TR, STM32WBA55UGI7, STM32WBA55UGI7TR, STM32WL5MOCH6, STM32WL5MOCH6TR]
2024-12-31 11:31:08,598 [INFO] ApiDb:668 - CubeFinder database Data Model version=2.1
2024-12-31 11:31:08,598 [INFO] ApiDb:669 - CubeFinder database Configuration version=3.0.39
2024-12-31 11:31:08,598 [INFO] ApiDb:670 - CubeFinder database generation date=2024-11-21 (1732182206)
2024-12-31 11:31:08,598 [INFO] ApiDb:671 - CubeFinder database FW Pack versions=[FP-ATR-ASTRA1_V2.0.0, FP-SNS-FLIGHT1_V5.0.2, FP-SNS-MOTENV1_V5.0.0, FP-SNS-MOTENVWB1_V1.4.0, FP-SNS-SMARTAG2_V1.2.0, FP-SNS-STBOX1_V2.0.0, STM32Cube_FW_C0_V1.3.0, STM32Cube_FW_F4_V1.28.1, STM32Cube_FW_F7_V1.17.2, STM32Cube_FW_G0_V1.6.2, STM32Cube_FW_G4_V1.6.1, STM32Cube_FW_H5_V1.4.0, STM32Cube_FW_H7RS_V1.1.0, STM32Cube_FW_H7_V1.12.0, STM32Cube_FW_L0_V1.12.2, STM32Cube_FW_L4_V1.18.1, STM32Cube_FW_L5_V1.5.1, STM32Cube_FW_N6_V1.0.0, STM32Cube_FW_U0_V1.2.0, STM32Cube_FW_U3_V1.0.0, STM32Cube_FW_U5_V1.7.0, STM32Cube_FW_WB0_V1.1.0, STM32Cube_FW_WBA_V1.5.0, STM32Cube_FW_WB_V1.21.0, STM32Cube_FW_WL3_V1.0.0, STM32Cube_FW_WL_V1.3.0, X-CUBE-ALGOBUILD_V1.4.0, X-CUBE-ALS_V1.0.2, X-CUBE-AZRTOS-F4_V1.1.0, X-CUBE-AZRTOS-F7_V1.1.0, X-CUBE-AZRTOS-G0_V1.1.0, X-CUBE-AZRTOS-G4_V2.0.0, X-CUBE-AZRTOS-H7RS_V1.0.0, X-CUBE-AZRTOS-H7_V3.3.0, X-CUBE-AZRTOS-L4_V2.0.0, X-CUBE-AZRTOS-L5_V2.0.0, X-CUBE-AZRTOS-WB_V2.0.0, X-CUBE-AZRTOS-WL_V2.0.0, X-CUBE-BLE1_V7.0.0, X-CUBE-BLE2_V3.3.0, X-CUBE-BLEMGR_V3.1.0, X-CUBE-EEPRMA1_V5.1.0, X-CUBE-FREERTOS_V1.2.0, X-CUBE-GNSS1_V6.0.0, X-CUBE-MEMS1_V11.0.0, X-CUBE-NFC4_V3.0.0, X-CUBE-NFC7_V1.0.1, X-CUBE-SFXS2LP1_V4.0.0, X-CUBE-SUBG2_V5.0.0, X-CUBE-TOF1_V3.4.2]
2024-12-31 11:31:10,859 [INFO] ApiDb:240 - Found 646 in-development CPN: [B-G473E-ZEST1S, B-WB1M-WPAN1, B-WL5M-SUBG1, NUCLEO-C031C6, NUCLEO-C071RB, NUCLEO-H503RB, NUCLEO-H533RE, NUCLEO-H563ZI, NUCLEO-H7S3L8, NUCLEO-U031R8, NUCLEO-U083RC, NUCLEO-U545RE-Q, NUCLEO-U5A5ZJ-Q, NUCLEO-WB05KZ, NUCLEO-WB07CC, NUCLEO-WB09KE, NUCLEO-WBA52CG, NUCLEO-WBA55CG, STEVAL-PROTEUS1, STEVAL-SMARTAG2, STEVAL-STWINBX1, STM320518-EVAL, STM32C0116-DK, STM32C011D6Y3TR, STM32C011D6Y6TR, STM32C011F4P3, STM32C011F4P6, STM32C011F4U3, STM32C011F4U6TR, STM32C011F6P3, STM32C011F6P6, STM32C011F6U3, STM32C011F6U6TR, STM32C011J4M3, STM32C011J4M6, STM32C011J6M3, STM32C011J6M6, STM32C0316-DK, STM32C031C4T3, STM32C031C4T6, STM32C031C4U3, STM32C031C4U6, STM32C031C6T3, STM32C031C6T6, STM32C031C6U3, STM32C031C6U6, STM32C031F4P3, STM32C031F4P6, STM32C031F6P3, STM32C031F6P6, STM32C031G4U3, STM32C031G4U6, STM32C031G6U3, STM32C031G6U6, STM32C031K4T3, STM32C031K4T6, STM32C031K4U3, STM32C031K4U6, STM32C031K6T3, STM32C031K6T6, STM32C031K6U3, STM32C031K6U6, STM32C071C8T6, STM32C071C8T6N, STM32C071C8U6, STM32C071C8U6N, STM32C071CBT6, STM32C071CBT6N, STM32C071CBU6, STM32C071CBU6N, STM32C071F8P6, STM32C071F8P6N, STM32C071FBP6, STM32C071FBP6N, STM32C071FBY6TR, STM32C071G8U6, STM32C071G8U6N, STM32C071GBU6, STM32C071GBU6N, STM32C071K8T6, STM32C071K8T6N, STM32C071K8U6, STM32C071K8U6N, STM32C071KBT6, STM32C071KBT6N, STM32C071KBU6, STM32C071KBU6N, STM32C071R8T6, STM32C071R8T6N, STM32C071RBI6N, STM32C071RBT6, STM32C071RBT6N, STM32G071K8TXN, STM32G071K8UXN, STM32G081GBU6N, STM32G081KBT6N, STM32G081KBUXN, STM32G0B1CCT6N, STM32G0B1KCT6, STM32G0B1NEY6TR, STM32G0B1RCT6N, STM32G0C1CCT6, STM32G0C1CCT6N, STM32G0C1CCU6N, STM32G0C1CET6N, STM32G0C1CEU6N, STM32G0C1KCT6, STM32G0C1NEY6TR, STM32G0C1RCI6N, STM32G0C1RCT6N, STM32G0C1REI6N, STM32G0C1RET6N, STM32G0C1VCI6, STM32G0C1VEI6, STM32G411C6T3, STM32G411C6T6, STM32G411C6U3, STM32G411C6U6, STM32G411C8T3, STM32G411C8T6, STM32G411C8U3, STM32G411C8U6, STM32G411CBT3, STM32G411CBT6, STM32G411CBU3, STM32G411CBU6, STM32G411K6T3, STM32G411K6T6, STM32G411K6U3, STM32G411K6U6, STM32G411K8T3, STM32G411K8T6, STM32G411K8U3, STM32G411K8U6, STM32G411KBT3, STM32G411KBT6, STM32G411KBU3, STM32G411KBU6, STM32G411M6T3, STM32G411M6T6, STM32G411M8T3, STM32G411M8T6, STM32G411MBT3, STM32G411MBT6, STM32G411R6T3, STM32G411R6T6, STM32G411R8T3, STM32G411R8T6, STM32G411RBT3, STM32G411RBT6, STM32G414CBT3, STM32G414CBT6, STM32G414CBU3, STM32G414CBU6, STM32G414CCT3, STM32G414CCT6, STM32G414CCU3, STM32G414CCU6, STM32G414MBT3, STM32G414MBT6, STM32G414MCT3, STM32G414MCT6, STM32G414RBT3, STM32G414RBT6, STM32G414RCT3, STM32G414RCT6, STM32G414VBT3, STM32G414VBT6, STM32G414VCT3, STM32G414VCT6, STM32G431CBT3Z, STM32G431RBT3Z, STM32G471CCT6, STM32G471CCU6, STM32G471CET3, STM32G471CET6, STM32G471CEU3, STM32G471CEU6, STM32G471MCT6, STM32G471MET3, STM32G471MET6, STM32G471MEY6TR, STM32G471QCT6, STM32G471QET3, STM32G471RCT6, STM32G471RET3, STM32G471RET6, STM32G471VCH6, STM32G471VCI6, STM32G471VCT6, STM32G471VEH3, STM32G471VEH6, STM32G471VEI3, STM32G471VEI6, STM32G471VET3, STM32G471VET6, STM32G473QET3Z, STM32G473RET3Z, STM32G474CCT6, STM32G491RET3Z, STM32H503CBT6, STM32H503CBU6, STM32H503EBY6TR, STM32H503KBU6, STM32H503RBT6, STM32H523CCT6, STM32H523CCU6, STM32H523CET6, STM32H523CEU6, STM32H523HEY6TR, STM32H523RCT6, STM32H523RET6, STM32H523VCI6, STM32H523VCT6, STM32H523VEI6, STM32H523VET6, STM32H523ZCJ6, STM32H523ZCT6, STM32H523ZEJ6, STM32H523ZET6, STM32H533CET6, STM32H533CEU6, STM32H533HEY6TR, STM32H533RET6, STM32H533VEI6, STM32H533VET6, STM32H533ZEJ6, STM32H533ZET6, STM32H562AGI6, STM32H562AII6, STM32H562IGK6, STM32H562IGT6, STM32H562IIK6, STM32H562IIT6, STM32H562RGT6, STM32H562RGV6, STM32H562RIT6, STM32H562RIV6, STM32H562VGT6, STM32H562VIT6, STM32H562ZGT6, STM32H562ZIT6, STM32H563AGI6, STM32H563AII3Q, STM32H563AII6, STM32H563IGK6, STM32H563IGT6, STM32H563IIK3Q, STM32H563IIK6, STM32H563IIT3Q, STM32H563IIT6, STM32H563MIY3QTR, STM32H563RGT6, STM32H563RGV6, STM32H563RIT6, STM32H563RIV6, STM32H563VGT6, STM32H563VIT3Q, STM32H563VIT6, STM32H563ZGT6, STM32H563ZIT3Q, STM32H563ZIT6, STM32H573AII3Q, STM32H573AII6, STM32H573I-DK, STM32H573IIK3Q, STM32H573IIK6, STM32H573IIT3Q, STM32H573IIT6, STM32H573MIY3QTR, STM32H573RIT6, STM32H573RIV6, STM32H573VIT3Q, STM32H573VIT6, STM32H573ZIT3Q, STM32H573ZIT6, STM32H7R3A8I6, STM32H7R3I8K6, STM32H7R3I8T6, STM32H7R3L8H6, STM32H7R3L8H6H, STM32H7R3R8V6, STM32H7R3V8H6, STM32H7R3V8T6, STM32H7R3V8Y6TR, STM32H7R3Z8J6, STM32H7R3Z8T6, STM32H7R7A8I6, STM32H7R7I8K6, STM32H7R7I8T6, STM32H7R7L8H6, STM32H7R7L8H6H, STM32H7R7Z8J6, STM32H7S3A8I6, STM32H7S3I8K6, STM32H7S3I8T6, STM32H7S3L8H6, STM32H7S3L8H6H, STM32H7S3R8V6, STM32H7S3V8H6, STM32H7S3V8T6, STM32H7S3V8Y6TR, STM32H7S3Z8J6, STM32H7S3Z8T6, STM32H7S78-DK, STM32H7S7A8I6, STM32H7S7I8K6, STM32H7S7I8T6, STM32H7S7L8H6, STM32H7S7L8H6H, STM32H7S7Z8J6, STM32L4R5QGI6STR, STM32MP131AAE3, STM32MP131AAF3, STM32MP131AAG3, STM32MP131CAE3, STM32MP131CAF3, STM32MP131CAG3, STM32MP131DAE7, STM32MP131DAF7, STM32MP131DAG7, STM32MP131FAE7, STM32MP131FAF7, STM32MP131FAG7, STM32MP133AAE3, STM32MP133AAF3, STM32MP133AAG3, STM32MP133CAE3, STM32MP133CAF3, STM32MP133CAG3, STM32MP133DAE7, STM32MP133DAF7, STM32MP133DAG7, STM32MP133FAE7, STM32MP133FAF7, STM32MP133FAG7, STM32MP135AAE3, STM32MP135AAF3, STM32MP135AAG3, STM32MP135CAE3, STM32MP135CAF3, STM32MP135CAG3, STM32MP135DAE7, STM32MP135DAF7, STM32MP135DAG7, STM32MP135F-DK, STM32MP135FAE7, STM32MP135FAF7, STM32MP135FAF7T, STM32MP135FAF7U, STM32MP135FAG7, STM32MP251AAI3, STM32MP251AAK3, STM32MP251AAL3, STM32MP251CAI3, STM32MP251CAK3, STM32MP251CAL3, STM32MP251DAI3, STM32MP251DAK3, STM32MP251DAL3, STM32MP251FAI3, STM32MP251FAK3, STM32MP251FAL3, STM32MP253AAI3, STM32MP253AAK3, STM32MP253AAL3, STM32MP253CAI3, STM32MP253CAK3, STM32MP253CAL3, STM32MP253DAI3, STM32MP253DAK3, STM32MP253DAL3, STM32MP253FAI3, STM32MP253FAK3, STM32MP253FAL3, STM32MP255AAI3, STM32MP255AAK3, STM32MP255AAL3, STM32MP255CAI3, STM32MP255CAK3, STM32MP255CAL3, STM32MP255DAI3, STM32MP255DAK3, STM32MP255DAL3, STM32MP255FAI3, STM32MP255FAK3, STM32MP255FAL3, STM32MP257AAI3, STM32MP257AAK3, STM32MP257AAL3, STM32MP257CAI3, STM32MP257CAK3, STM32MP257CAL3, STM32MP257DAI3, STM32MP257DAK3, STM32MP257DAL3, STM32MP257F-DK, STM32MP257F-EV1, STM32MP257FAI3, STM32MP257FAK3, STM32MP257FAL3, STM32U031C6T6, STM32U031C6U6, STM32U031C8T6, STM32U031C8U6, STM32U031F4P6, STM32U031F6P6, STM32U031F8P6, STM32U031G6Y6TR, STM32U031G8Y6TR, STM32U031K4U6, STM32U031K6U6, STM32U031K8U6, STM32U031R6I6, STM32U031R6T6, STM32U031R8I6, STM32U031R8T6, STM32U073C8T6, STM32U073C8U6, STM32U073CBT6, STM32U073CBU6, STM32U073CCT6, STM32U073CCU6, STM32U073H8Y6TR, STM32U073HBY6TR, STM32U073HCY6TR, STM32U073K8U6, STM32U073KBU6, STM32U073KCU6, STM32U073M8I6, STM32U073M8T6, STM32U073MBI6, STM32U073MBT6, STM32U073MCI6, STM32U073MCT6, STM32U073R8I6, STM32U073R8T6, STM32U073RBI6, STM32U073RBT6, STM32U073RCI6, STM32U073RCT6, STM32U083C-DK, STM32U083CCT6, STM32U083CCU6, STM32U083HCY6TR, STM32U083KCU6, STM32U083MCI6, STM32U083MCT6, STM32U083RCI6, STM32U083RCT6, STM32U535CBT6, STM32U535CBT6Q, STM32U535CBU6, STM32U535CBU6Q, STM32U535CCT6, STM32U535CCT6Q, STM32U535CCU6, STM32U535CCU6Q, STM32U535CET6, STM32U535CET6Q, STM32U535CEU6, STM32U535CEU6Q, STM32U535JEY6QTR, STM32U535NCY6QTR, STM32U535NEY6QTR, STM32U535RBI6, STM32U535RBI6Q, STM32U535RBT6, STM32U535RBT6Q, STM32U535RCI6, STM32U535RCI6Q, STM32U535RCT6, STM32U535RCT6Q, STM32U535REI6, STM32U535REI6Q, STM32U535RET6, STM32U535RET6Q, STM32U535VCI6, STM32U535VCI6Q, STM32U535VCT6, STM32U535VCT6Q, STM32U535VEI6, STM32U535VEI6Q, STM32U535VET6, STM32U535VET6Q, STM32U545CET6, STM32U545CET6Q, STM32U545CEU6, STM32U545CEU6Q, STM32U545JEY6QTR, STM32U545NEY6QTR, STM32U545REI6, STM32U545REI6Q, STM32U545RET6, STM32U545RET6Q, STM32U545VEI6, STM32U545VEI6Q, STM32U545VET6, STM32U545VET6Q, STM32U595AIH6, STM32U595AIH6Q, STM32U595AJH6, STM32U595AJH6Q, STM32U595QII6, STM32U595QII6Q, STM32U595QJI6, STM32U595QJI6Q, STM32U595RIT6, STM32U595RIT6Q, STM32U595RJT6, STM32U595RJT6Q, STM32U595VIT6, STM32U595VIT6Q, STM32U595VJT6, STM32U595VJT6Q, STM32U595ZIT6, STM32U595ZIT6Q, STM32U595ZIY6QTR, STM32U595ZJT6, STM32U595ZJT6Q, STM32U595ZJY6QTR, STM32U599BJY6QTR, STM32U599NIH6Q, STM32U599NJH6Q, STM32U599VIT6Q, STM32U599VJT6, STM32U599VJT6Q, STM32U599ZIT6Q, STM32U599ZIY6QTR, STM32U599ZJT6Q, STM32U599ZJY6QTR, STM32U5A5AJH6, STM32U5A5AJH6Q, STM32U5A5QII3Q , STM32U5A5QJI6, STM32U5A5QJI6Q, STM32U5A5RJT6, STM32U5A5RJT6Q, STM32U5A5VJT6, STM32U5A5VJT6Q, STM32U5A5ZJT6, STM32U5A5ZJT6Q, STM32U5A5ZJY6QTR, STM32U5A9BJY6QTR, STM32U5A9J-DK, STM32U5A9NJH6Q, STM32U5A9VJT6Q, STM32U5A9ZJT6Q, STM32U5A9ZJY6QTR, STM32U5F7VIT6, STM32U5F7VIT6Q, STM32U5F7VJT6, STM32U5F7VJT6Q, STM32U5F9BJY6QTR, STM32U5F9NJH6Q, STM32U5F9VIT6Q, STM32U5F9VJT6Q, STM32U5F9ZIJ6QTR, STM32U5F9ZIT6Q, STM32U5F9ZJJ6QTR, STM32U5F9ZJT6Q, STM32U5G7VJT6, STM32U5G7VJT6Q, STM32U5G9BJY6QTR, STM32U5G9J-DK1, STM32U5G9J-DK2, STM32U5G9NJH6Q, STM32U5G9VJT6Q, STM32U5G9ZJJ6QTR, STM32U5G9ZJT6Q, STM32WB05KZV6TR, STM32WB05KZV7TR, STM32WB05TZF6TR, STM32WB05TZF7TR, STM32WB06CCF6TR, STM32WB06CCF7TR, STM32WB06CCV6TR, STM32WB06CCV7TR, STM32WB06KCV6TR, STM32WB06KCV7TR, STM32WB07CCF6TR, STM32WB07CCF7TR, STM32WB07CCV6TR, STM32WB07CCV7TR, STM32WB07KCV6TR, STM32WB07KCV7TR, STM32WB09KEV6TR, STM32WB09KEV7TR, STM32WB09TEF6TR, STM32WB09TEF7TR, STM32WB1MMCH6, STM32WBA50KGU6, STM32WBA50KGU6TR, STM32WBA52CEU6, STM32WBA52CEU6TR, STM32WBA52CEU7, STM32WBA52CEU7TR, STM32WBA52CGU6, STM32WBA52CGU6TR, STM32WBA52CGU6U, STM32WBA52CGU7, STM32WBA52CGU7TR, STM32WBA52KEU6, STM32WBA52KEU6TR, STM32WBA52KGU6, STM32WBA52KGU6TR, STM32WBA54CEU6, STM32WBA54CEU6TR, STM32WBA54CEU7, STM32WBA54CEU7TR, STM32WBA54CGU6, STM32WBA54CGU6TR, STM32WBA54CGU7, STM32WBA54CGU7TR, STM32WBA54KEU6, STM32WBA54KEU6TR, STM32WBA54KEU7, STM32WBA54KEU7TR, STM32WBA54KGU6, STM32WBA54KGU6TR, STM32WBA54KGU7, STM32WBA54KGU7TR, STM32WBA55CEU6, STM32WBA55CEU6TR, STM32WBA55CEU7, STM32WBA55CEU7TR, STM32WBA55CGU6, STM32WBA55CGU6TR, STM32WBA55CGU6U, STM32WBA55CGU7, STM32WBA55CGU7TR, STM32WBA55G-DK1, STM32WBA55HEF6, STM32WBA55HEF7, STM32WBA55HGF6, STM32WBA55HGF7, STM32WBA55UEI6, STM32WBA55UEI6TR, STM32WBA55UEI7, STM32WBA55UEI7TR, STM32WBA55UGI6, STM32WBA55UGI6TR, STM32WBA55UGI7, STM32WBA55UGI7TR, STM32WL5MOCH6, STM32WL5MOCH6TR]
2024-12-31 11:31:10,864 [INFO] DbMcus:218 - Found 4389 MCUs, 4389 are supported
2024-12-31 11:31:10,864 [INFO] ApiDb:423 - Load user favorites file C:\Users\akpandey/.stm32cubeide/favorites.mcus.txt: 0 item(s)
2024-12-31 11:31:10,864 [INFO] ApiDb:427 - User favorites MCUs=[]
2024-12-31 11:31:10,865 [INFO] DbMcus:224 - Set 0 / 0 favorites MCUs
2024-12-31 11:31:11,470 [INFO] BoardInfo:889 - No configuration file found for board P-NUCLEO-WB55
2024-12-31 11:31:11,471 [INFO] DbBoards:161 - Kit is not supported: P-NUCLEO-WB55
2024-12-31 11:31:11,476 [INFO] BoardInfo:889 - No configuration file found for board STEVAL-BFA001V1B
2024-12-31 11:31:11,477 [INFO] DbBoards:161 - Kit is not supported: STEVAL-BFA001V1B
2024-12-31 11:31:11,478 [INFO] BoardInfo:889 - No configuration file found for board STEVAL-BFA001V2B
2024-12-31 11:31:11,478 [INFO] DbBoards:161 - Kit is not supported: STEVAL-BFA001V2B
2024-12-31 11:31:11,649 [INFO] DbBoards:168 - Found 201 boards, 198 are supported
2024-12-31 11:31:11,649 [INFO] DbBoards:169 - Found 201 boards, 25 of them is supported for  Bsp
2024-12-31 11:31:11,653 [INFO] ApiDb:423 - Load user favorites file C:\Users\akpandey/.stm32cubeide/favorites.boards.txt: 0 item(s)
2024-12-31 11:31:11,654 [INFO] ApiDb:427 - User favorites Boards=[]
2024-12-31 11:31:11,654 [INFO] DbBoards:198 - Set 0 / 0 favorites Boards
2024-12-31 11:31:11,750 [INFO] UtilMem:75 - End LoadConfig() Used Memory: 756967072 Bytes (1073741824)
2024-12-31 11:31:11,994 [WARN] ThirdParty:833 - waiting for thirdparty lock release [change project]
2024-12-31 11:31:11,994 [INFO] ThirdParty:835 - entering critical section [change project]
2024-12-31 11:31:11,994 [INFO] ThirdParty:1030 - CMSIS Pack Vendor :STMicroelectronics USBPD 4.1
2024-12-31 11:31:11,994 [INFO] ThirdParty:1030 - CMSIS Pack Vendor :STMicroelectronics X-CUBE-AZRTOS-H7 3.3.0
2024-12-31 11:31:11,994 [INFO] ThirdParty:1030 - CMSIS Pack Vendor :STMicroelectronics X-CUBE-NFC9 1.0.0
2024-12-31 11:31:11,994 [INFO] ThirdParty:1030 - CMSIS Pack Vendor :STMicroelectronics USB_HOST 2.0.0
2024-12-31 11:31:11,994 [INFO] ThirdParty:1030 - CMSIS Pack Vendor :STMicroelectronics FP-SNS-MOTENVWB1 1.4.0
2024-12-31 11:31:11,994 [INFO] ThirdParty:1030 - CMSIS Pack Vendor :STMicroelectronics X-CUBE-AZRTOS-F4 1.1.0
2024-12-31 11:31:11,994 [INFO] ThirdParty:1030 - CMSIS Pack Vendor :STMicroelectronics LIBJPEG 8.0.0
2024-12-31 11:31:11,995 [INFO] ThirdParty:1030 - CMSIS Pack Vendor :STMicroelectronics FP-ATR-ASTRA1 2.0.1
2024-12-31 11:31:11,995 [INFO] ThirdParty:1030 - CMSIS Pack Vendor :STMicroelectronics X-CUBE-SMBUS 2.1.0
2024-12-31 11:31:11,995 [INFO] ThirdParty:1030 - CMSIS Pack Vendor :STMicroelectronics X-CUBE-WB05N 1.1.0
2024-12-31 11:31:11,995 [INFO] ThirdParty:1030 - CMSIS Pack Vendor :STMicroelectronics USB_DEVICE 3.0.0
2024-12-31 11:31:11,995 [INFO] ThirdParty:1030 - CMSIS Pack Vendor :STMicroelectronics X-CUBE-TCPP 4.1.0
2024-12-31 11:31:11,995 [INFO] ThirdParty:1030 - CMSIS Pack Vendor :STMicroelectronics X-CUBE-ISPU 2.1.0
2024-12-31 11:31:11,995 [INFO] ThirdParty:1030 - CMSIS Pack Vendor :STMicroelectronics X-CUBE-FREERTOS 1.2.0
2024-12-31 11:31:11,995 [INFO] ThirdParty:1030 - CMSIS Pack Vendor :STMicroelectronics X-CUBE-IPS 3.0.0
2024-12-31 11:31:11,995 [INFO] ThirdParty:1030 - CMSIS Pack Vendor :STMicroelectronics X-CUBE-AZRTOS-WB 2.0.0
2024-12-31 11:31:11,995 [INFO] ThirdParty:1030 - CMSIS Pack Vendor :STMicroelectronics X-CUBE-GNSS1 7.0.0
2024-12-31 11:31:11,995 [INFO] ThirdParty:1030 - CMSIS Pack Vendor :STMicroelectronics X-CUBE-GNSS1 7.0.1
2024-12-31 11:31:11,995 [INFO] ThirdParty:1030 - CMSIS Pack Vendor :STMicroelectronics X-CUBE-AZRTOS-F7 1.1.0
2024-12-31 11:31:11,995 [INFO] ThirdParty:1030 - CMSIS Pack Vendor :STMicroelectronics X-CUBE-AZRTOS-L5 2.0.0
2024-12-31 11:31:11,995 [INFO] ThirdParty:1030 - CMSIS Pack Vendor :STMicroelectronics USB_DEVICE 2.0.0
2024-12-31 11:31:11,995 [INFO] ThirdParty:1030 - CMSIS Pack Vendor :STMicroelectronics X-CUBE-NFC6 3.1.0
2024-12-31 11:31:11,995 [INFO] ThirdParty:1030 - CMSIS Pack Vendor :STMicroelectronics FP-SNS-STBOX1 2.0.0
2024-12-31 11:31:11,995 [INFO] ThirdParty:1030 - CMSIS Pack Vendor :STMicroelectronics X-CUBE-MEMS1 11.0.0
2024-12-31 11:31:11,995 [INFO] ThirdParty:1030 - CMSIS Pack Vendor :STMicroelectronics FreeRTOS 0.0.1
2024-12-31 11:31:11,995 [INFO] ThirdParty:1030 - CMSIS Pack Vendor :STMicroelectronics X-CUBE-AZRTOS-G0 1.1.0
2024-12-31 11:31:11,995 [INFO] ThirdParty:1030 - CMSIS Pack Vendor :STMicroelectronics X-CUBE-SAFEA1 1.2.2
2024-12-31 11:31:11,995 [INFO] ThirdParty:1030 - CMSIS Pack Vendor :STMicroelectronics X-CUBE-NFC4 3.0.0
2024-12-31 11:31:11,996 [INFO] ThirdParty:1030 - CMSIS Pack Vendor :STMicroelectronics X-CUBE-DPower 1.2.0
2024-12-31 11:31:11,996 [INFO] ThirdParty:1030 - CMSIS Pack Vendor :STMicroelectronics X-CUBE-SUBG2 5.0.0
2024-12-31 11:31:11,996 [INFO] ThirdParty:1030 - CMSIS Pack Vendor :STMicroelectronics STM32_WPAN 1.0.0
2024-12-31 11:31:11,996 [INFO] ThirdParty:1030 - CMSIS Pack Vendor :EmbeddedOffice I-CUBE-FS-RTOS 1.0.1
2024-12-31 11:31:11,996 [INFO] ThirdParty:1030 - CMSIS Pack Vendor :STMicroelectronics lwIP 2.0.3
2024-12-31 11:31:11,996 [INFO] ThirdParty:1030 - CMSIS Pack Vendor :STMicroelectronics FP-SNS-FLIGHT1 5.0.2
2024-12-31 11:31:11,996 [INFO] ThirdParty:1030 - CMSIS Pack Vendor :Cesanta I-CUBE-Mongoose 7.13.0
2024-12-31 11:31:11,996 [INFO] ThirdParty:1030 - CMSIS Pack Vendor :STMicroelectronics USB_HOST 1.0.0
2024-12-31 11:31:11,996 [INFO] ThirdParty:1030 - CMSIS Pack Vendor :STMicroelectronics X-CUBE-AZRTOS-G4 2.0.0
2024-12-31 11:31:11,996 [INFO] ThirdParty:1030 - CMSIS Pack Vendor :STMicroelectronics PDM2PCM 3.1.0
2024-12-31 11:31:11,996 [INFO] ThirdParty:1030 - CMSIS Pack Vendor :STMicroelectronics PDM2PCM 3.3.0
2024-12-31 11:31:11,996 [INFO] ThirdParty:1030 - CMSIS Pack Vendor :STMicroelectronics X-CUBE-DISPLAY 3.0.0
2024-12-31 11:31:11,996 [INFO] ThirdParty:1030 - CMSIS Pack Vendor :RealThread X-CUBE-RT-Thread_Nano 4.1.1
2024-12-31 11:31:11,996 [INFO] ThirdParty:1030 - CMSIS Pack Vendor :STMicroelectronics X-CUBE-BLE1 7.0.0
2024-12-31 11:31:11,996 [INFO] ThirdParty:1030 - CMSIS Pack Vendor :STMicroelectronics FP-ATR-SIGFOX1 3.2.0
2024-12-31 11:31:11,996 [INFO] ThirdParty:1030 - CMSIS Pack Vendor :STMicroelectronics X-CUBE-NFC10 1.0.0
2024-12-31 11:31:11,996 [INFO] ThirdParty:1030 - CMSIS Pack Vendor :quantropi X-CUBE-qispace-sdk-base 1.9.3
2024-12-31 11:31:11,996 [INFO] ThirdParty:1030 - CMSIS Pack Vendor :STMicroelectronics X-CUBE-BLEMGR 4.0.0
2024-12-31 11:31:11,996 [INFO] ThirdParty:1030 - CMSIS Pack Vendor :STMicroelectronics X-CUBE-EEPRMA1 5.1.0
2024-12-31 11:31:11,996 [INFO] ThirdParty:1030 - CMSIS Pack Vendor :STMicroelectronics HAL Drivers 0.0.0
2024-12-31 11:31:11,996 [INFO] ThirdParty:1030 - CMSIS Pack Vendor :STMicroelectronics MBEDTLS 2.16.2
2024-12-31 11:31:11,996 [INFO] ThirdParty:1030 - CMSIS Pack Vendor :STMicroelectronics X-CUBE-ALS 1.0.2
2024-12-31 11:31:11,996 [INFO] ThirdParty:1030 - CMSIS Pack Vendor :emotas I-CUBE-CANOPEN 1.3.0
2024-12-31 11:31:11,996 [INFO] ThirdParty:1030 - CMSIS Pack Vendor :STMicroelectronics X-CUBE-FREERTOS 1.3.0
2024-12-31 11:31:11,996 [INFO] ThirdParty:1030 - CMSIS Pack Vendor :wolfSSL I-CUBE-wolfSSL 5.7.4
2024-12-31 11:31:11,996 [INFO] ThirdParty:1030 - CMSIS Pack Vendor :STMicroelectronics X-CUBE-NFC7 1.0.1
2024-12-31 11:31:11,996 [INFO] ThirdParty:1030 - CMSIS Pack Vendor :STMicroelectronics MBEDTLS 2.14.1
2024-12-31 11:31:11,996 [INFO] ThirdParty:1030 - CMSIS Pack Vendor :ITTIA_DB I-CUBE-ITTIADB 8.9.0
2024-12-31 11:31:11,996 [INFO] ThirdParty:1030 - CMSIS Pack Vendor :STMicroelectronics X-CUBE-TOUCHGFX 4.24.1
2024-12-31 11:31:11,996 [INFO] ThirdParty:1030 - CMSIS Pack Vendor :wolfSSL I-CUBE-wolfTPM 3.4.0
2024-12-31 11:31:11,996 [INFO] ThirdParty:1030 - CMSIS Pack Vendor :portGmbH I-Cube-SoM-uGOAL 1.1.0
2024-12-31 11:31:11,997 [INFO] ThirdParty:1030 - CMSIS Pack Vendor :STMicroelectronics X-CUBE-BLEMGR 3.1.0
2024-12-31 11:31:11,997 [INFO] ThirdParty:1030 - CMSIS Pack Vendor :STMicroelectronics ThreadX 1.0.0
2024-12-31 11:31:11,997 [INFO] ThirdParty:1030 - CMSIS Pack Vendor :STMicroelectronics FP-SNS-SMARTAG2 1.2.0
2024-12-31 11:31:11,997 [INFO] ThirdParty:1030 - CMSIS Pack Vendor :STMicroelectronics X-CUBE-MEMS1 11.1.0
2024-12-31 11:31:11,997 [INFO] ThirdParty:1030 - CMSIS Pack Vendor :STMicroelectronics X-CUBE-AZRTOS-WL 2.0.0
2024-12-31 11:31:11,997 [INFO] ThirdParty:1030 - CMSIS Pack Vendor :SEGGER I-CUBE-embOS 1.3.1
2024-12-31 11:31:11,997 [INFO] ThirdParty:1030 - CMSIS Pack Vendor :STMicroelectronics X-CUBE-ALGOBUILD 1.4.0
2024-12-31 11:31:11,997 [INFO] ThirdParty:1030 - CMSIS Pack Vendor :STMicroelectronics FP-SNS-MOTENV1 5.0.0
2024-12-31 11:31:11,997 [INFO] ThirdParty:1030 - CMSIS Pack Vendor :STMicroelectronics USB_DEVICE 1.0.0
2024-12-31 11:31:11,997 [INFO] ThirdParty:1030 - CMSIS Pack Vendor :STMicroelectronics X-CUBE-AZRTOS-H7RS 1.0.0
2024-12-31 11:31:11,997 [INFO] ThirdParty:1030 - CMSIS Pack Vendor :wolfSSL I-CUBE-wolfMQTT 1.19.0
2024-12-31 11:31:11,997 [INFO] ThirdParty:1030 - CMSIS Pack Vendor :STMicroelectronics X-CUBE-AZRTOS-L4 2.0.0
2024-12-31 11:31:11,997 [INFO] ThirdParty:1030 - CMSIS Pack Vendor :STMicroelectronics ThreadX 0.0.2
2024-12-31 11:31:11,997 [INFO] ThirdParty:1030 - CMSIS Pack Vendor :WES I-CUBE-Cesium 1.3.0
2024-12-31 11:31:11,997 [INFO] ThirdParty:1030 - CMSIS Pack Vendor :STMicroelectronics lwIP 2.1.2
2024-12-31 11:31:11,997 [INFO] ThirdParty:1030 - CMSIS Pack Vendor :STMicroelectronics X-CUBE-SFXS2LP1 4.0.0
2024-12-31 11:31:11,997 [INFO] ThirdParty:1030 - CMSIS Pack Vendor :STMicroelectronics X-CUBE-BLE2 3.3.0
2024-12-31 11:31:11,997 [INFO] ThirdParty:1030 - CMSIS Pack Vendor :STMicroelectronics X-CUBE-TOF1 3.4.2
2024-12-31 11:31:11,997 [INFO] ThirdParty:1030 - CMSIS Pack Vendor :STMicroelectronics X-CUBE-AI 9.1.0
2024-12-31 11:31:11,997 [INFO] ThirdParty:1030 - CMSIS Pack Vendor :Infineon AIROC-Wi-Fi-Bluetooth-STM32 1.6.1
2024-12-31 11:31:11,997 [INFO] ThirdParty:1030 - CMSIS Pack Vendor :STMicroelectronics PDM2PCM 3.2.0
2024-12-31 11:31:11,997 [INFO] ThirdParty:1030 - CMSIS Pack Vendor :wolfSSL I-CUBE-wolfSSH 1.4.17
2024-12-31 11:31:11,997 [INFO] ThirdParty:841 - exiting critical section [change project]
2024-12-31 11:31:13,448 [INFO] PinOutPanel:1561 - setPackage(No Configuration,No Configuration)
2024-12-31 11:31:13,450 [INFO] PinOutPanel:1561 - setPackage(STM32H747XIHx,TFBGA240)
2024-12-31 11:31:15,472 [INFO] UtilMem:75 - Before build in PCC Used Memory: 747247616 Bytes (1073741824)
2024-12-31 11:31:17,291 [INFO] UtilMem:75 - After build in PCC Used Memory: 901088704 Bytes (1073741824)
2024-12-31 11:31:17,391 [INFO] IPUIPlugin:80 - create IPUIPlugin
2024-12-31 11:31:17,392 [INFO] IPUIPlugin:80 - create IPUIPlugin
2024-12-31 11:31:17,392 [INFO] IPUIPlugin:80 - create IPUIPlugin
2024-12-31 11:31:17,392 [INFO] IPUIPlugin:80 - create IPUIPlugin
2024-12-31 11:31:17,392 [INFO] IPUIPlugin:80 - create IPUIPlugin
2024-12-31 11:31:17,392 [INFO] IPUIPlugin:80 - create IPUIPlugin
2024-12-31 11:31:17,393 [INFO] IPUIPlugin:80 - create IPUIPlugin
2024-12-31 11:31:17,393 [INFO] IPUIPlugin:80 - create IPUIPlugin
2024-12-31 11:31:17,393 [INFO] IPUIPlugin:80 - create IPUIPlugin
2024-12-31 11:31:17,393 [INFO] IPUIPlugin:80 - create IPUIPlugin
2024-12-31 11:31:17,394 [INFO] IPUIPlugin:80 - create IPUIPlugin
2024-12-31 11:31:17,394 [INFO] IPUIPlugin:80 - create IPUIPlugin
2024-12-31 11:31:17,394 [INFO] IPUIPlugin:80 - create IPUIPlugin
2024-12-31 11:31:17,394 [INFO] IPUIPlugin:80 - create IPUIPlugin
2024-12-31 11:31:17,394 [INFO] IPUIPlugin:80 - create IPUIPlugin
2024-12-31 11:31:17,395 [INFO] IPUIPlugin:80 - create IPUIPlugin
2024-12-31 11:31:17,395 [INFO] IPUIPlugin:80 - create IPUIPlugin
2024-12-31 11:31:17,395 [INFO] IPUIPlugin:80 - create IPUIPlugin
2024-12-31 11:31:17,395 [INFO] IPUIPlugin:80 - create IPUIPlugin
2024-12-31 11:31:17,395 [INFO] IPUIPlugin:80 - create IPUIPlugin
2024-12-31 11:31:17,395 [INFO] IPUIPlugin:80 - create IPUIPlugin
2024-12-31 11:31:17,395 [INFO] IPUIPlugin:80 - create IPUIPlugin
2024-12-31 11:31:17,395 [INFO] IPUIPlugin:80 - create IPUIPlugin
2024-12-31 11:31:17,396 [INFO] IPUIPlugin:80 - create IPUIPlugin
2024-12-31 11:31:17,396 [INFO] IPUIPlugin:80 - create IPUIPlugin
2024-12-31 11:31:17,396 [INFO] IPUIPlugin:80 - create IPUIPlugin
2024-12-31 11:31:17,396 [INFO] IPUIPlugin:80 - create IPUIPlugin
2024-12-31 11:31:17,397 [INFO] IPUIPlugin:80 - create IPUIPlugin
2024-12-31 11:31:17,397 [INFO] IPUIPlugin:80 - create IPUIPlugin
2024-12-31 11:31:17,397 [INFO] IPUIPlugin:80 - create IPUIPlugin
2024-12-31 11:31:17,397 [INFO] IPUIPlugin:80 - create IPUIPlugin
2024-12-31 11:31:17,397 [INFO] IPUIPlugin:80 - create IPUIPlugin
2024-12-31 11:31:17,397 [INFO] IPUIPlugin:80 - create IPUIPlugin
2024-12-31 11:31:17,398 [INFO] IPUIPlugin:80 - create IPUIPlugin
2024-12-31 11:31:17,398 [INFO] IPUIPlugin:80 - create IPUIPlugin
2024-12-31 11:31:17,398 [INFO] IPUIPlugin:80 - create IPUIPlugin
2024-12-31 11:31:17,400 [INFO] IPUIPlugin:80 - create IPUIPlugin
2024-12-31 11:31:17,402 [INFO] IPUIPlugin:80 - create IPUIPlugin
2024-12-31 11:31:17,403 [INFO] IPUIPlugin:80 - create IPUIPlugin
2024-12-31 11:31:17,404 [INFO] IPUIPlugin:80 - create IPUIPlugin
2024-12-31 11:31:17,405 [INFO] IPUIPlugin:80 - create IPUIPlugin
2024-12-31 11:31:17,405 [INFO] IPUIPlugin:80 - create IPUIPlugin
2024-12-31 11:31:17,406 [INFO] IPUIPlugin:80 - create IPUIPlugin
2024-12-31 11:31:17,407 [INFO] IPUIPlugin:80 - create IPUIPlugin
2024-12-31 11:31:17,407 [INFO] IPUIPlugin:80 - create IPUIPlugin
2024-12-31 11:31:17,408 [INFO] IPUIPlugin:80 - create IPUIPlugin
2024-12-31 11:31:17,408 [INFO] IPUIPlugin:80 - create IPUIPlugin
2024-12-31 11:31:17,409 [INFO] IPUIPlugin:80 - create IPUIPlugin
2024-12-31 11:31:17,409 [INFO] IPUIPlugin:80 - create IPUIPlugin
2024-12-31 11:31:17,409 [INFO] IPUIPlugin:80 - create IPUIPlugin
2024-12-31 11:31:17,410 [INFO] IPUIPlugin:80 - create IPUIPlugin
2024-12-31 11:31:17,410 [INFO] IPUIPlugin:80 - create IPUIPlugin
2024-12-31 11:31:17,410 [INFO] IPUIPlugin:80 - create IPUIPlugin
2024-12-31 11:31:17,411 [INFO] IPUIPlugin:80 - create IPUIPlugin
2024-12-31 11:31:17,411 [INFO] IPUIPlugin:80 - create IPUIPlugin
2024-12-31 11:31:17,411 [INFO] IPUIPlugin:80 - create IPUIPlugin
2024-12-31 11:31:17,412 [INFO] IPUIPlugin:80 - create IPUIPlugin
2024-12-31 11:31:17,412 [INFO] IPUIPlugin:80 - create IPUIPlugin
2024-12-31 11:31:17,413 [INFO] IPUIPlugin:80 - create IPUIPlugin
2024-12-31 11:31:17,414 [INFO] IPUIPlugin:80 - create IPUIPlugin
2024-12-31 11:31:17,432 [INFO] IPUIPlugin:80 - create IPUIPlugin
2024-12-31 11:31:17,435 [INFO] IPUIPlugin:80 - create IPUIPlugin
2024-12-31 11:31:17,440 [INFO] IPUIPlugin:80 - create IPUIPlugin
2024-12-31 11:31:17,442 [INFO] IPUIPlugin:80 - create IPUIPlugin
2024-12-31 11:31:17,443 [INFO] IPUIPlugin:80 - create IPUIPlugin
2024-12-31 11:31:17,445 [INFO] IPUIPlugin:80 - create IPUIPlugin
2024-12-31 11:31:17,446 [INFO] IPUIPlugin:80 - create IPUIPlugin
2024-12-31 11:31:17,446 [INFO] IPUIPlugin:80 - create IPUIPlugin
2024-12-31 11:31:17,447 [INFO] IPUIPlugin:80 - create IPUIPlugin
2024-12-31 11:31:17,449 [INFO] IPUIPlugin:80 - create IPUIPlugin
2024-12-31 11:31:17,450 [INFO] IPUIPlugin:80 - create IPUIPlugin
2024-12-31 11:31:17,451 [INFO] IPUIPlugin:80 - create IPUIPlugin
2024-12-31 11:31:17,452 [INFO] IPUIPlugin:80 - create IPUIPlugin
2024-12-31 11:31:17,452 [INFO] IPUIPlugin:80 - create IPUIPlugin
2024-12-31 11:31:17,453 [INFO] IPUIPlugin:80 - create IPUIPlugin
2024-12-31 11:31:17,455 [INFO] IPUIPlugin:80 - create IPUIPlugin
2024-12-31 11:31:17,456 [INFO] IPUIPlugin:80 - create IPUIPlugin
2024-12-31 11:31:17,457 [INFO] IPUIPlugin:80 - create IPUIPlugin
2024-12-31 11:31:17,458 [INFO] IPUIPlugin:80 - create IPUIPlugin
2024-12-31 11:31:17,459 [INFO] IPUIPlugin:80 - create IPUIPlugin
2024-12-31 11:31:17,459 [INFO] IPUIPlugin:80 - create IPUIPlugin
2024-12-31 11:31:17,460 [INFO] IPUIPlugin:80 - create IPUIPlugin
2024-12-31 11:31:17,461 [INFO] IPUIPlugin:80 - create IPUIPlugin
2024-12-31 11:31:17,462 [INFO] IPUIPlugin:80 - create IPUIPlugin
2024-12-31 11:31:17,463 [INFO] IPUIPlugin:80 - create IPUIPlugin
2024-12-31 11:31:17,463 [INFO] IPUIPlugin:80 - create IPUIPlugin
2024-12-31 11:31:17,464 [INFO] IPUIPlugin:80 - create IPUIPlugin
2024-12-31 11:31:17,465 [INFO] IPUIPlugin:80 - create IPUIPlugin
2024-12-31 11:31:17,466 [INFO] IPUIPlugin:80 - create IPUIPlugin
2024-12-31 11:31:17,468 [INFO] IPUIPlugin:80 - create IPUIPlugin
2024-12-31 11:31:17,469 [INFO] IPUIPlugin:80 - create IPUIPlugin
2024-12-31 11:31:17,471 [INFO] IPUIPlugin:80 - create IPUIPlugin
2024-12-31 11:31:17,471 [INFO] IPUIPlugin:80 - create IPUIPlugin
2024-12-31 11:31:17,473 [INFO] IPUIPlugin:80 - create IPUIPlugin
2024-12-31 11:31:17,475 [INFO] IPUIPlugin:80 - create IPUIPlugin
2024-12-31 11:31:17,476 [INFO] IPUIPlugin:80 - create IPUIPlugin
2024-12-31 11:31:17,477 [INFO] IPUIPlugin:80 - create IPUIPlugin
2024-12-31 11:31:17,479 [INFO] IPUIPlugin:80 - create IPUIPlugin
2024-12-31 11:31:17,480 [INFO] IPUIPlugin:80 - create IPUIPlugin
2024-12-31 11:31:17,482 [INFO] IPUIPlugin:80 - create IPUIPlugin
2024-12-31 11:31:17,483 [INFO] IPUIPlugin:80 - create IPUIPlugin
2024-12-31 11:31:17,486 [INFO] IPUIPlugin:80 - create IPUIPlugin
2024-12-31 11:31:17,487 [INFO] IPUIPlugin:80 - create IPUIPlugin
2024-12-31 11:31:17,489 [INFO] IPUIPlugin:80 - create IPUIPlugin
2024-12-31 11:31:17,490 [INFO] IPUIPlugin:80 - create IPUIPlugin
2024-12-31 11:31:17,491 [INFO] IPUIPlugin:80 - create IPUIPlugin
2024-12-31 11:31:17,493 [INFO] IPUIPlugin:80 - create IPUIPlugin
2024-12-31 11:31:17,494 [INFO] IPUIPlugin:80 - create IPUIPlugin
2024-12-31 11:31:17,495 [INFO] IPUIPlugin:80 - create IPUIPlugin
2024-12-31 11:31:17,497 [INFO] IPUIPlugin:80 - create IPUIPlugin
2024-12-31 11:31:17,498 [INFO] IPUIPlugin:80 - create IPUIPlugin
2024-12-31 11:31:17,681 [INFO] ApiDbMcu:508 - Load IP Config File for PDM2PCM
2024-12-31 11:31:17,695 [INFO] ApiDbMcu:508 - Load IP Config File for PDM2PCM
2024-12-31 11:31:18,106 [INFO] CADModel:165 - CPN selected for project levelSTM32H747XIH6
2024-12-31 11:31:18,107 [INFO] CADModel:114 - Register for checkConnection events
2024-12-31 11:31:18,190 [INFO] OpenFileManager:363 - Restore cursor
2024-12-31 15:54:36,262 [INFO] UtilMem:75 - End SaveConfig() Used Memory: 812218496 Bytes (1073741824)
2024-12-31 15:54:37,565 [INFO] UtilMem:75 - End SaveConfig() Used Memory: 850493568 Bytes (1073741824)
2024-12-31 15:54:37,798 [INFO] UtilMem:75 - End SaveConfig() Used Memory: 880375936 Bytes (1073741824)
2024-12-31 15:54:38,349 [INFO] BlockDiagram:2766 - set Specific Code input for plugin: RCC
2024-12-31 15:54:38,349 [INFO] BlockDiagram:2766 - set Specific Code input for plugin: SYS
2024-12-31 15:54:38,349 [INFO] BlockDiagram:2766 - set Specific Code input for plugin: NVIC2
2024-12-31 15:54:38,350 [INFO] BlockDiagram:2766 - set Specific Code input for plugin: GPIO
2024-12-31 15:54:38,350 [INFO] BlockDiagram:2766 - set Specific Code input for plugin: SYS_M4
2024-12-31 15:54:38,350 [INFO] BlockDiagram:2766 - set Specific Code input for plugin: NVIC1
2024-12-31 15:54:38,352 [INFO] CodeGenerator:807 - code generatio: config db path: C:\ST\STM32CubeIDE_1.16.1\STM32CubeIDE\plugins\com.st.stm32cube.common.mx_6.12.1.202409122256\\db\
2024-12-31 15:54:38,402 [INFO] CodeGenerator:1531 - *******************Project context M7 selected
2024-12-31 15:54:38,505 [INFO] CodeEngine:255 - oldGeneratedFile, D:\STM32CUBEIDE\led_h747\MXTmpFiles\license.tmp_save
2024-12-31 15:54:38,903 [INFO] CodeEngine:279 - Generated code: D:\STM32CUBEIDE\led_h747\MXTmpFiles\license.tmp
2024-12-31 15:54:38,987 [INFO] CodeEngine:255 - oldGeneratedFile, D:\STM32CUBEIDE\led_h747\CM7\MXTmpFiles\gpio.tmp_save
2024-12-31 15:54:39,100 [INFO] CodeEngine:279 - Generated code: D:\STM32CUBEIDE\led_h747\CM7\MXTmpFiles\gpio.tmp
2024-12-31 15:54:39,120 [WARN] IPConfigManager:98 - WARNING: Missing Config File for NVIC1 ip!!
2024-12-31 15:54:39,160 [INFO] CodeEngine:255 - oldGeneratedFile, D:\STM32CUBEIDE\led_h747\CM7\MXTmpFiles\cortex.tmp_save
2024-12-31 15:54:39,214 [INFO] CodeEngine:279 - Generated code: D:\STM32CUBEIDE\led_h747\CM7\MXTmpFiles\cortex.tmp
2024-12-31 15:54:39,220 [INFO] CodeEngine:255 - oldGeneratedFile, D:\STM32CUBEIDE\led_h747\CM7\Core\Src\stm32h7xx_it.c_save
2024-12-31 15:54:39,326 [INFO] CodeEngine:279 - Generated code: D:\STM32CUBEIDE\led_h747\CM7\Core\Src\stm32h7xx_it.c
2024-12-31 15:54:39,331 [INFO] CodeEngine:255 - oldGeneratedFile, D:\STM32CUBEIDE\led_h747\CM7\Core\Inc\stm32h7xx_it.h_save
2024-12-31 15:54:39,383 [INFO] CodeEngine:279 - Generated code: D:\STM32CUBEIDE\led_h747\CM7\Core\Inc\stm32h7xx_it.h
2024-12-31 15:54:39,449 [INFO] CodeEngine:255 - oldGeneratedFile, D:\STM32CUBEIDE\led_h747\CM7\Core\Src\stm32h7xx_hal_msp.c_save
2024-12-31 15:54:39,539 [INFO] CodeEngine:279 - Generated code: D:\STM32CUBEIDE\led_h747\CM7\Core\Src\stm32h7xx_hal_msp.c
2024-12-31 15:54:39,542 [INFO] CodeEngine:255 - oldGeneratedFile, D:\STM32CUBEIDE\led_h747\CM7\MXTmpFiles\system.tmp_save
2024-12-31 15:54:39,589 [INFO] CodeEngine:279 - Generated code: D:\STM32CUBEIDE\led_h747\CM7\MXTmpFiles\system.tmp
2024-12-31 15:54:39,601 [INFO] CodeEngine:311 - oldGeneratedFile, D:\STM32CUBEIDE\led_h747\CM7\Core\Inc\stm32h7xx_hal_conf.h_save
2024-12-31 15:54:39,669 [INFO] CodeEngine:335 - Generated code: D:\STM32CUBEIDE\led_h747\CM7\Core\Inc\stm32h7xx_hal_conf.h
2024-12-31 15:54:39,738 [WARN] IPConfigManager:3554 - IP not found : NVIC
2024-12-31 15:54:39,739 [WARN] CodeGenerator:4002 - IP not found : null
2024-12-31 15:54:39,745 [INFO] CodeEngine:255 - oldGeneratedFile, D:\STM32CUBEIDE\led_h747\CM7\Core\Inc\main.h_save
2024-12-31 15:54:39,826 [INFO] CodeEngine:279 - Generated code: D:\STM32CUBEIDE\led_h747\CM7\Core\Inc\main.h
2024-12-31 15:54:39,829 [INFO] CodeEngine:255 - oldGeneratedFile, D:\STM32CUBEIDE\led_h747\CM7\Core\Src\main.c_save
2024-12-31 15:54:39,932 [INFO] CodeEngine:279 - Generated code: D:\STM32CUBEIDE\led_h747\CM7\Core\Src\main.c
2024-12-31 15:54:39,991 [INFO] CodeGenerator:1531 - *******************Project context M4 selected
2024-12-31 15:54:40,044 [INFO] CodeEngine:255 - oldGeneratedFile, D:\STM32CUBEIDE\led_h747\MXTmpFiles\license.tmp_save
2024-12-31 15:54:40,117 [INFO] CodeEngine:279 - Generated code: D:\STM32CUBEIDE\led_h747\MXTmpFiles\license.tmp
2024-12-31 15:54:40,131 [INFO] CodeEngine:255 - oldGeneratedFile, D:\STM32CUBEIDE\led_h747\CM4\MXTmpFiles\gpio.tmp_save
2024-12-31 15:54:40,208 [INFO] CodeEngine:279 - Generated code: D:\STM32CUBEIDE\led_h747\CM4\MXTmpFiles\gpio.tmp
2024-12-31 15:54:40,245 [WARN] IPConfigManager:98 - WARNING: Missing Config File for NVIC2 ip!!
2024-12-31 15:54:40,280 [INFO] CodeEngine:255 - oldGeneratedFile, D:\STM32CUBEIDE\led_h747\CM4\MXTmpFiles\cortex.tmp_save
2024-12-31 15:54:40,357 [INFO] CodeEngine:279 - Generated code: D:\STM32CUBEIDE\led_h747\CM4\MXTmpFiles\cortex.tmp
2024-12-31 15:54:40,378 [INFO] CodeEngine:255 - oldGeneratedFile, D:\STM32CUBEIDE\led_h747\CM4\Core\Src\stm32h7xx_it.c_save
2024-12-31 15:54:40,427 [INFO] CodeEngine:279 - Generated code: D:\STM32CUBEIDE\led_h747\CM4\Core\Src\stm32h7xx_it.c
2024-12-31 15:54:40,430 [INFO] CodeEngine:255 - oldGeneratedFile, D:\STM32CUBEIDE\led_h747\CM4\Core\Inc\stm32h7xx_it.h_save
2024-12-31 15:54:40,472 [INFO] CodeEngine:279 - Generated code: D:\STM32CUBEIDE\led_h747\CM4\Core\Inc\stm32h7xx_it.h
2024-12-31 15:54:40,508 [INFO] CodeEngine:255 - oldGeneratedFile, D:\STM32CUBEIDE\led_h747\CM4\Core\Src\stm32h7xx_hal_msp.c_save
2024-12-31 15:54:40,569 [INFO] CodeEngine:279 - Generated code: D:\STM32CUBEIDE\led_h747\CM4\Core\Src\stm32h7xx_hal_msp.c
2024-12-31 15:54:40,573 [INFO] CodeEngine:255 - oldGeneratedFile, D:\STM32CUBEIDE\led_h747\CM4\MXTmpFiles\system.tmp_save
2024-12-31 15:54:40,612 [INFO] CodeEngine:279 - Generated code: D:\STM32CUBEIDE\led_h747\CM4\MXTmpFiles\system.tmp
2024-12-31 15:54:40,617 [INFO] CodeEngine:311 - oldGeneratedFile, D:\STM32CUBEIDE\led_h747\CM4\Core\Inc\stm32h7xx_hal_conf.h_save
2024-12-31 15:54:40,665 [INFO] CodeEngine:335 - Generated code: D:\STM32CUBEIDE\led_h747\CM4\Core\Inc\stm32h7xx_hal_conf.h
2024-12-31 15:54:40,679 [WARN] IPConfigManager:3554 - IP not found : NVIC
2024-12-31 15:54:40,679 [WARN] CodeGenerator:4002 - IP not found : null
2024-12-31 15:54:40,684 [INFO] CodeEngine:255 - oldGeneratedFile, D:\STM32CUBEIDE\led_h747\CM4\Core\Inc\main.h_save
2024-12-31 15:54:40,729 [INFO] CodeEngine:279 - Generated code: D:\STM32CUBEIDE\led_h747\CM4\Core\Inc\main.h
2024-12-31 15:54:40,731 [INFO] CodeEngine:255 - oldGeneratedFile, D:\STM32CUBEIDE\led_h747\CM4\Core\Src\main.c_save
2024-12-31 15:54:40,805 [INFO] CodeEngine:279 - Generated code: D:\STM32CUBEIDE\led_h747\CM4\Core\Src\main.c
2024-12-31 15:54:41,217 [INFO] ProjectBuilder:3249 - Time for Copy HAL[1] : 286mS.
2024-12-31 15:54:41,236 [INFO] ProjectBuilder:4828 - Project Generator version: 4.5.0-B34
2024-12-31 15:54:41,323 [INFO] ConfigFileManager:1531 - The Die is : DIE450
2024-12-31 15:54:42,205 [INFO] LogOutputStream:77 - [STDOUT_REDIRECT] 
2024-12-31 15:54:46,565 [INFO] ProjectBuilder:5097 - Time for Generating toolchain IDE Files: 5328mS.
2024-12-31 15:54:46,566 [INFO] ProjectBuilder:3107 - Time for Copy CMSIS : 1mS.
2024-12-31 15:54:46,568 [INFO] ProjectBuilder:3107 - Time for Copy CMSIS : 0mS.
2024-12-31 15:54:48,365 [ERROR] LogOutputStream:75 - [STDERR_REDIRECT] 
2024-12-31 15:54:48,369 [ERROR] LogOutputStream:75 - [STDERR_REDIRECT] 
