2025-04-29 11:28:22,416 [INFO] Activator:176 - 


2025-04-29 11:28:22,434 [INFO] Activator:177 - !SESSION log4j initialized
2025-04-29 11:28:32,819 [INFO] LogOutputStream:77 - [STDOUT_REDIRECT] 
2025-04-29 11:28:36,547 [INFO] ApplicationProperties:184 - Using Application install path: C:\ST\STM32CubeIDE_1.16.1\STM32CubeIDE\plugins\com.st.stm32cube.common.mx_6.13.0.202411220809
2025-04-29 11:28:36,564 [INFO] DbMcusXml:78 - Set database path to: C:\ST\STM32CubeIDE_1.16.1\STM32CubeIDE\plugins\com.st.stm32cube.common.mx_6.13.0.202411220809\\db\/mcu/
2025-04-29 11:28:36,564 [INFO] ApiDb:274 - Set plugin database path to: C:\ST\STM32CubeIDE_1.16.1\STM32CubeIDE\plugins\com.st.stm32cube.common.mx_6.13.0.202411220809\\db\/plugins/boardmanager/
2025-04-29 11:28:36,574 [WARN] ApiDb:259 - Overriding images path with different value:  => C:\ST\STM32CubeIDE_1.16.1\STM32CubeIDE\plugins\com.st.stm32cube.common.mx_6.13.0.202411220809\\db\/plugins/mcufinder/images/
2025-04-29 11:28:36,579 [INFO] ApiDb:250 - Set database path to: C:\Users\akpandey\.stmcufinder\plugins\mcufinder//mcu/
2025-04-29 11:28:36,581 [INFO] DbMcusAds:125 - Set database path to: C:\Users\akpandey\.stmcufinder\plugins\mcufinder//mcu/
2025-04-29 11:28:36,583 [INFO] CrossReferenceDbSqlite:203 - Set database path to: C:\Users\akpandey\.stmcufinder\plugins\mcufinder//mcu/cs/
2025-04-29 11:28:36,748 [INFO] RulesReader:64 - Compatibility file has been processed (297 Rules)
2025-04-29 11:28:36,849 [INFO] DbMcusXml:78 - Set database path to: C:\ST\STM32CubeIDE_1.16.1\STM32CubeIDE\plugins\com.st.stm32cube.common.mx_6.13.0.202411220809\\db\/mcu/
2025-04-29 11:28:36,849 [INFO] ApiDb:274 - Set plugin database path to: C:\ST\STM32CubeIDE_1.16.1\STM32CubeIDE\plugins\com.st.stm32cube.common.mx_6.13.0.202411220809\\db\/plugins/boardmanager/
2025-04-29 11:28:36,850 [INFO] ApiDb:261 - Set plugin images path to: C:\ST\STM32CubeIDE_1.16.1\STM32CubeIDE\plugins\com.st.stm32cube.common.mx_6.13.0.202411220809\\db\/plugins/mcufinder/images/
2025-04-29 11:28:36,850 [WARN] DbFile:41 - Overriding database path with different value: C:\Users\akpandey\.stmcufinder\plugins\mcufinder/ => C:\Users\akpandey\.stmcufinder\plugins\mcufinder
2025-04-29 11:28:36,851 [INFO] ApiDb:250 - Set database path to: C:\Users\akpandey\.stmcufinder\plugins\mcufinder//mcu/
2025-04-29 11:28:36,851 [WARN] DbFile:41 - Overriding database path with different value: C:\Users\akpandey\.stmcufinder\plugins\mcufinder/ => C:\Users\akpandey\.stmcufinder\plugins\mcufinder
2025-04-29 11:28:36,851 [INFO] DbMcusAds:125 - Set database path to: C:\Users\akpandey\.stmcufinder\plugins\mcufinder//mcu/
2025-04-29 11:28:36,851 [WARN] DbFile:41 - Overriding database path with different value: C:\Users\akpandey\.stmcufinder\plugins\mcufinder/ => C:\Users\akpandey\.stmcufinder\plugins\mcufinder
2025-04-29 11:28:36,851 [WARN] DbFile:41 - Overriding database path with different value: C:\Users\akpandey\.stmcufinder\plugins\mcufinder/ => C:\Users\akpandey\.stmcufinder\plugins\mcufinder
2025-04-29 11:28:36,851 [INFO] CrossReferenceDbSqlite:203 - Set database path to: C:\Users\akpandey\.stmcufinder\plugins\mcufinder//mcu/cs/
2025-04-29 11:28:36,965 [INFO] MainPanel:272 - HeapMemory: 268435456
2025-04-29 11:28:37,072 [INFO] DbMcusXml:78 - Set database path to: C:\ST\STM32CubeIDE_1.16.1\STM32CubeIDE\plugins\com.st.stm32cube.common.mx_6.13.0.202411220809\\db\/mcu/
2025-04-29 11:28:37,072 [INFO] ApiDb:274 - Set plugin database path to: C:\ST\STM32CubeIDE_1.16.1\STM32CubeIDE\plugins\com.st.stm32cube.common.mx_6.13.0.202411220809\\db\/plugins/boardmanager/
2025-04-29 11:28:37,073 [INFO] ApiDb:261 - Set plugin images path to: C:\ST\STM32CubeIDE_1.16.1\STM32CubeIDE\plugins\com.st.stm32cube.common.mx_6.13.0.202411220809\\db\/plugins/mcufinder/images/
2025-04-29 11:28:37,073 [WARN] DbFile:41 - Overriding database path with different value: C:\Users\akpandey\.stmcufinder\plugins\mcufinder/ => C:\Users\akpandey\.stmcufinder\plugins\mcufinder
2025-04-29 11:28:37,073 [INFO] ApiDb:250 - Set database path to: C:\Users\akpandey\.stmcufinder\plugins\mcufinder//mcu/
2025-04-29 11:28:37,074 [WARN] DbFile:41 - Overriding database path with different value: C:\Users\akpandey\.stmcufinder\plugins\mcufinder/ => C:\Users\akpandey\.stmcufinder\plugins\mcufinder
2025-04-29 11:28:37,074 [INFO] DbMcusAds:125 - Set database path to: C:\Users\akpandey\.stmcufinder\plugins\mcufinder//mcu/
2025-04-29 11:28:37,074 [WARN] DbFile:41 - Overriding database path with different value: C:\Users\akpandey\.stmcufinder\plugins\mcufinder/ => C:\Users\akpandey\.stmcufinder\plugins\mcufinder
2025-04-29 11:28:37,075 [WARN] DbFile:41 - Overriding database path with different value: C:\Users\akpandey\.stmcufinder\plugins\mcufinder/ => C:\Users\akpandey\.stmcufinder\plugins\mcufinder
2025-04-29 11:28:37,075 [INFO] CrossReferenceDbSqlite:203 - Set database path to: C:\Users\akpandey\.stmcufinder\plugins\mcufinder//mcu/cs/
2025-04-29 11:28:37,110 [INFO] ApplicationProperties:184 - Using Application install path: C:\ST\STM32CubeIDE_1.16.1\STM32CubeIDE\plugins\com.st.stm32cube.common.mx_6.13.0.202411220809
2025-04-29 11:28:37,112 [INFO] PluginManage:196 - Search for loadable plugins [exclusion list=, ]
2025-04-29 11:28:37,113 [INFO] PluginManage:310 - Check plugin analytics
2025-04-29 11:28:37,381 [INFO] AnalyticsPlugin:253 - Accepted Software Licenses: 
2025-04-29 11:28:37,381 [INFO] AnalyticsPlugin:255 - Accepted CMSIS Pack Licenses: 
2025-04-29 11:28:37,381 [INFO] AnalyticsPlugin:257 - Accepted Firmware Licenses: FW.G4.1.6.0,FW.H7.1.11.0,FW.F4.1.28.0,FW.H7.1.12.0
2025-04-29 11:28:37,386 [INFO] PluginManage:359 - Loaded plugin analytics (category:tool,tabindex:-1)
2025-04-29 11:28:37,388 [INFO] PluginManage:310 - Check plugin cadmodel
2025-04-29 11:28:37,394 [INFO] CADModel:105 - Init CAD model plugin
2025-04-29 11:28:37,395 [INFO] PluginManage:359 - Loaded plugin cadmodel (category:power,tabindex:5)
2025-04-29 11:28:37,395 [INFO] PluginManage:310 - Check plugin clock
2025-04-29 11:28:37,407 [INFO] PluginManage:359 - Loaded plugin clock (category:base,tabindex:2)
2025-04-29 11:28:37,407 [INFO] PluginManage:310 - Check plugin ddr
2025-04-29 11:28:37,410 [INFO] PluginManage:359 - Loaded plugin ddr (category:tool,tabindex:6)
2025-04-29 11:28:37,411 [INFO] PluginManage:310 - Check plugin filemanager
2025-04-29 11:28:37,630 [INFO] PluginManage:359 - Loaded plugin filemanager (category:base,tabindex:10)
2025-04-29 11:28:37,631 [INFO] PluginManage:310 - Check plugin ipmanager
2025-04-29 11:28:37,639 [INFO] PluginManage:359 - Loaded plugin ipmanager (category:base,tabindex:5)
2025-04-29 11:28:37,639 [INFO] PluginManage:310 - Check plugin lpbam
2025-04-29 11:28:37,651 [INFO] PluginManage:359 - Loaded plugin lpbam (category:base,tabindex:0)
2025-04-29 11:28:37,651 [INFO] PluginManage:310 - Check plugin memorymap
2025-04-29 11:28:37,667 [INFO] PluginManage:359 - Loaded plugin memorymap (category:base,tabindex:4)
2025-04-29 11:28:37,667 [INFO] PluginManage:310 - Check plugin pinoutandconfiguration
2025-04-29 11:28:37,678 [INFO] PluginManage:359 - Loaded plugin pinoutandconfiguration (category:base,tabindex:1)
2025-04-29 11:28:37,678 [INFO] PluginManage:310 - Check plugin pinoutconfig
2025-04-29 11:28:37,821 [WARN] SupportedApi:132 - Cannot load RTOS API schema: s4s-elt-must-match.1: The content of 'definitions' must match (annotation?, (simpleType | complexType)?, (unique | key | keyref)*)). A problem was found starting at: attribute.
2025-04-29 11:28:38,131 [INFO] PluginManage:359 - Loaded plugin pinoutconfig (category:base,tabindex:0)
2025-04-29 11:28:38,131 [INFO] PluginManage:310 - Check plugin power
2025-04-29 11:28:38,147 [INFO] PluginManage:359 - Loaded plugin power (category:power,tabindex:4)
2025-04-29 11:28:38,147 [INFO] PluginManage:310 - Check plugin projectmanager
2025-04-29 11:28:38,179 [INFO] PluginManage:359 - Loaded plugin projectmanager (category:projectmanager,tabindex:4)
2025-04-29 11:28:38,180 [INFO] PluginManage:310 - Check plugin rif
2025-04-29 11:28:38,193 [INFO] PluginManage:359 - Loaded plugin rif (category:base,tabindex:3)
2025-04-29 11:28:38,194 [INFO] PluginManage:310 - Check plugin thirdparty
2025-04-29 11:28:38,480 [INFO] PluginManage:359 - Loaded plugin thirdparty (category:base,tabindex:-1)
2025-04-29 11:28:38,480 [INFO] PluginManage:310 - Check plugin tools
2025-04-29 11:28:38,480 [WARN] IntegrityCheckThread:84 - waiting for thirdparty lock release [integrity check]
2025-04-29 11:28:38,480 [INFO] IntegrityCheckThread:86 - entering critical section [integrity check]
2025-04-29 11:28:38,481 [INFO] ThirdPartyUpdaterWithRetryManager:70 - Updater plugin not ready yet. [1/15]
2025-04-29 11:28:38,486 [INFO] PluginManage:359 - Loaded plugin tools (category:base,tabindex:7)
2025-04-29 11:28:38,486 [INFO] PluginManage:310 - Check plugin tutovideos
2025-04-29 11:28:39,065 [INFO] PluginManage:359 - Loaded plugin tutovideos (category:base,tabindex:-1)
2025-04-29 11:28:39,066 [INFO] PluginManage:310 - Check plugin updater
2025-04-29 11:28:39,132 [INFO] PluginManage:359 - Loaded plugin updater (category:base,tabindex:12)
2025-04-29 11:28:39,139 [INFO] PluginManage:310 - Check plugin userauth
2025-04-29 11:28:39,153 [INFO] UserAuth:118 - Init User Auth plugin
2025-04-29 11:28:39,156 [INFO] PluginManage:359 - Loaded plugin userauth (category:base,tabindex:14)
2025-04-29 11:28:39,158 [INFO] PluginManage:283 - PluginManage : Loaded plugins [18]
2025-04-29 11:28:40,069 [INFO] PinOutPanel:1589 - setPackage(No Configuration,No Configuration)
2025-04-29 11:28:40,427 [INFO] CADModel:165 - CPN selected for project level
2025-04-29 11:28:40,428 [INFO] CADModel:114 - Register for checkConnection events
2025-04-29 11:28:40,484 [INFO] IPUIPlugin:80 - create IPUIPlugin
2025-04-29 11:28:40,485 [INFO] PluginManager:220 - loadIPPluginJar : add adc
2025-04-29 11:28:40,495 [INFO] IPUIPlugin:80 - create IPUIPlugin
2025-04-29 11:28:40,502 [INFO] PluginManager:220 - loadIPPluginJar : add aes
2025-04-29 11:28:40,519 [INFO] IPUIPlugin:80 - create IPUIPlugin
2025-04-29 11:28:40,519 [INFO] PluginManager:220 - loadIPPluginJar : add can
2025-04-29 11:28:40,525 [INFO] IPUIPlugin:80 - create IPUIPlugin
2025-04-29 11:28:40,525 [INFO] PluginManager:220 - loadIPPluginJar : add comp
2025-04-29 11:28:40,531 [INFO] IPUIPlugin:80 - create IPUIPlugin
2025-04-29 11:28:40,532 [INFO] PluginManager:220 - loadIPPluginJar : add cryp
2025-04-29 11:28:40,540 [INFO] IPUIPlugin:80 - create IPUIPlugin
2025-04-29 11:28:40,540 [INFO] PluginManager:220 - loadIPPluginJar : add ddr_ctrl_phy
2025-04-29 11:28:40,547 [INFO] IPUIPlugin:80 - create IPUIPlugin
2025-04-29 11:28:40,548 [INFO] PluginManager:220 - loadIPPluginJar : add dfsdm
2025-04-29 11:28:40,562 [INFO] IPUIPlugin:80 - create IPUIPlugin
2025-04-29 11:28:40,564 [INFO] PluginManager:220 - loadIPPluginJar : add dma
2025-04-29 11:28:40,570 [INFO] IPUIPlugin:80 - create IPUIPlugin
2025-04-29 11:28:40,571 [INFO] PluginManager:220 - loadIPPluginJar : add dma3
2025-04-29 11:28:40,578 [INFO] IPUIPlugin:80 - create IPUIPlugin
2025-04-29 11:28:40,578 [INFO] PluginManager:220 - loadIPPluginJar : add extmemmanager
2025-04-29 11:28:40,581 [INFO] IPUIPlugin:80 - create IPUIPlugin
2025-04-29 11:28:40,582 [INFO] PluginManager:220 - loadIPPluginJar : add fatfs
2025-04-29 11:28:40,592 [INFO] IPUIPlugin:80 - create IPUIPlugin
2025-04-29 11:28:40,593 [INFO] PluginManager:220 - loadIPPluginJar : add fmc
2025-04-29 11:28:40,604 [INFO] IPUIPlugin:80 - create IPUIPlugin
2025-04-29 11:28:40,604 [INFO] PluginManager:220 - loadIPPluginJar : add freertos
2025-04-29 11:28:40,607 [INFO] IPUIPlugin:80 - create IPUIPlugin
2025-04-29 11:28:40,608 [INFO] PluginManager:220 - loadIPPluginJar : add genericplugin
2025-04-29 11:28:40,612 [INFO] IPUIPlugin:80 - create IPUIPlugin
2025-04-29 11:28:40,612 [INFO] PluginManager:220 - loadIPPluginJar : add gfxmmu
2025-04-29 11:28:40,626 [INFO] IPUIPlugin:80 - create IPUIPlugin
2025-04-29 11:28:40,626 [INFO] PluginManager:220 - loadIPPluginJar : add gic
2025-04-29 11:28:40,635 [INFO] IPUIPlugin:80 - create IPUIPlugin
2025-04-29 11:28:40,636 [INFO] PluginManager:220 - loadIPPluginJar : add gpio
2025-04-29 11:28:40,643 [INFO] IPUIPlugin:80 - create IPUIPlugin
2025-04-29 11:28:40,643 [INFO] PluginManager:220 - loadIPPluginJar : add gtzc
2025-04-29 11:28:40,648 [INFO] IPUIPlugin:80 - create IPUIPlugin
2025-04-29 11:28:40,648 [INFO] PluginManager:220 - loadIPPluginJar : add hash
2025-04-29 11:28:40,657 [INFO] IPUIPlugin:80 - create IPUIPlugin
2025-04-29 11:28:40,657 [INFO] PluginManager:220 - loadIPPluginJar : add i2c
2025-04-29 11:28:40,663 [INFO] IPUIPlugin:80 - create IPUIPlugin
2025-04-29 11:28:40,664 [INFO] PluginManager:220 - loadIPPluginJar : add i2s
2025-04-29 11:28:40,672 [INFO] IPUIPlugin:80 - create IPUIPlugin
2025-04-29 11:28:40,673 [INFO] PluginManager:220 - loadIPPluginJar : add i3c
2025-04-29 11:28:40,680 [INFO] IPUIPlugin:80 - create IPUIPlugin
2025-04-29 11:28:40,680 [INFO] PluginManager:220 - loadIPPluginJar : add ipddr
2025-04-29 11:28:40,695 [INFO] IPUIPlugin:80 - create IPUIPlugin
2025-04-29 11:28:40,696 [INFO] PluginManager:220 - loadIPPluginJar : add linkedlist
2025-04-29 11:28:40,703 [INFO] IPUIPlugin:80 - create IPUIPlugin
2025-04-29 11:28:40,703 [INFO] PluginManager:220 - loadIPPluginJar : add lorawan
2025-04-29 11:28:40,705 [INFO] IPUIPlugin:80 - create IPUIPlugin
2025-04-29 11:28:40,706 [INFO] PluginManager:220 - loadIPPluginJar : add ltdc
2025-04-29 11:28:40,723 [INFO] IPUIPlugin:80 - create IPUIPlugin
2025-04-29 11:28:40,723 [INFO] PluginManager:220 - loadIPPluginJar : add mdma
2025-04-29 11:28:40,731 [INFO] IPUIPlugin:80 - create IPUIPlugin
2025-04-29 11:28:40,732 [INFO] PluginManager:220 - loadIPPluginJar : add nvic
2025-04-29 11:28:40,766 [INFO] IPUIPlugin:80 - create IPUIPlugin
2025-04-29 11:28:40,767 [INFO] PluginManager:220 - loadIPPluginJar : add opamp
