2025-01-02 10:39:56,456 [INFO] Activator:176 - 


2025-01-02 10:39:56,462 [INFO] Activator:177 - !SESSION log4j initialized
2025-01-02 10:40:01,331 [INFO] LogOutputStream:77 - [STDOUT_REDIRECT] 
2025-01-02 10:40:02,699 [INFO] ApplicationProperties:184 - Using Application install path: C:\ST\STM32CubeIDE_1.16.1\STM32CubeIDE\plugins\com.st.stm32cube.common.mx_6.12.1.202409122256
2025-01-02 10:40:02,716 [INFO] DbMcusXml:78 - Set database path to: C:\ST\STM32CubeIDE_1.16.1\STM32CubeIDE\plugins\com.st.stm32cube.common.mx_6.12.1.202409122256\\db\/mcu/
2025-01-02 10:40:02,716 [INFO] ApiDb:274 - Set plugin database path to: C:\ST\STM32CubeIDE_1.16.1\STM32CubeIDE\plugins\com.st.stm32cube.common.mx_6.12.1.202409122256\\db\/plugins/boardmanager/
2025-01-02 10:40:02,717 [WARN] ApiDb:259 - Overriding images path with different value:  => C:\ST\STM32CubeIDE_1.16.1\STM32CubeIDE\plugins\com.st.stm32cube.common.mx_6.12.1.202409122256\\db\/plugins/mcufinder/images/
2025-01-02 10:40:02,725 [INFO] ApiDb:250 - Set database path to: C:\Users\akpandey\.stmcufinder\plugins\mcufinder//mcu/
2025-01-02 10:40:02,726 [INFO] DbMcusAds:125 - Set database path to: C:\Users\akpandey\.stmcufinder\plugins\mcufinder//mcu/
2025-01-02 10:40:02,729 [INFO] CrossReferenceDbSqlite:203 - Set database path to: C:\Users\akpandey\.stmcufinder\plugins\mcufinder//mcu/cs/
2025-01-02 10:40:02,860 [INFO] RulesReader:64 - Compatibility file has been processed (297 Rules)
2025-01-02 10:40:02,921 [INFO] DbMcusXml:78 - Set database path to: C:\ST\STM32CubeIDE_1.16.1\STM32CubeIDE\plugins\com.st.stm32cube.common.mx_6.12.1.202409122256\\db\/mcu/
2025-01-02 10:40:02,921 [INFO] ApiDb:274 - Set plugin database path to: C:\ST\STM32CubeIDE_1.16.1\STM32CubeIDE\plugins\com.st.stm32cube.common.mx_6.12.1.202409122256\\db\/plugins/boardmanager/
2025-01-02 10:40:02,921 [INFO] ApiDb:261 - Set plugin images path to: C:\ST\STM32CubeIDE_1.16.1\STM32CubeIDE\plugins\com.st.stm32cube.common.mx_6.12.1.202409122256\\db\/plugins/mcufinder/images/
2025-01-02 10:40:02,921 [WARN] DbFile:41 - Overriding database path with different value: C:\Users\akpandey\.stmcufinder\plugins\mcufinder/ => C:\Users\akpandey\.stmcufinder\plugins\mcufinder
2025-01-02 10:40:02,921 [INFO] ApiDb:250 - Set database path to: C:\Users\akpandey\.stmcufinder\plugins\mcufinder//mcu/
2025-01-02 10:40:02,921 [WARN] DbFile:41 - Overriding database path with different value: C:\Users\akpandey\.stmcufinder\plugins\mcufinder/ => C:\Users\akpandey\.stmcufinder\plugins\mcufinder
2025-01-02 10:40:02,921 [INFO] DbMcusAds:125 - Set database path to: C:\Users\akpandey\.stmcufinder\plugins\mcufinder//mcu/
2025-01-02 10:40:02,921 [WARN] DbFile:41 - Overriding database path with different value: C:\Users\akpandey\.stmcufinder\plugins\mcufinder/ => C:\Users\akpandey\.stmcufinder\plugins\mcufinder
2025-01-02 10:40:02,922 [WARN] DbFile:41 - Overriding database path with different value: C:\Users\akpandey\.stmcufinder\plugins\mcufinder/ => C:\Users\akpandey\.stmcufinder\plugins\mcufinder
2025-01-02 10:40:02,922 [INFO] CrossReferenceDbSqlite:203 - Set database path to: C:\Users\akpandey\.stmcufinder\plugins\mcufinder//mcu/cs/
2025-01-02 10:40:03,004 [INFO] MainPanel:268 - HeapMemory: 268435456
2025-01-02 10:40:03,093 [INFO] DbMcusXml:78 - Set database path to: C:\ST\STM32CubeIDE_1.16.1\STM32CubeIDE\plugins\com.st.stm32cube.common.mx_6.12.1.202409122256\\db\/mcu/
2025-01-02 10:40:03,094 [INFO] ApiDb:274 - Set plugin database path to: C:\ST\STM32CubeIDE_1.16.1\STM32CubeIDE\plugins\com.st.stm32cube.common.mx_6.12.1.202409122256\\db\/plugins/boardmanager/
2025-01-02 10:40:03,094 [INFO] ApiDb:261 - Set plugin images path to: C:\ST\STM32CubeIDE_1.16.1\STM32CubeIDE\plugins\com.st.stm32cube.common.mx_6.12.1.202409122256\\db\/plugins/mcufinder/images/
2025-01-02 10:40:03,094 [WARN] DbFile:41 - Overriding database path with different value: C:\Users\akpandey\.stmcufinder\plugins\mcufinder/ => C:\Users\akpandey\.stmcufinder\plugins\mcufinder
2025-01-02 10:40:03,094 [INFO] ApiDb:250 - Set database path to: C:\Users\akpandey\.stmcufinder\plugins\mcufinder//mcu/
2025-01-02 10:40:03,094 [WARN] DbFile:41 - Overriding database path with different value: C:\Users\akpandey\.stmcufinder\plugins\mcufinder/ => C:\Users\akpandey\.stmcufinder\plugins\mcufinder
2025-01-02 10:40:03,094 [INFO] DbMcusAds:125 - Set database path to: C:\Users\akpandey\.stmcufinder\plugins\mcufinder//mcu/
2025-01-02 10:40:03,094 [WARN] DbFile:41 - Overriding database path with different value: C:\Users\akpandey\.stmcufinder\plugins\mcufinder/ => C:\Users\akpandey\.stmcufinder\plugins\mcufinder
2025-01-02 10:40:03,094 [WARN] DbFile:41 - Overriding database path with different value: C:\Users\akpandey\.stmcufinder\plugins\mcufinder/ => C:\Users\akpandey\.stmcufinder\plugins\mcufinder
2025-01-02 10:40:03,094 [INFO] CrossReferenceDbSqlite:203 - Set database path to: C:\Users\akpandey\.stmcufinder\plugins\mcufinder//mcu/cs/
2025-01-02 10:40:03,108 [INFO] ApplicationProperties:184 - Using Application install path: C:\ST\STM32CubeIDE_1.16.1\STM32CubeIDE\plugins\com.st.stm32cube.common.mx_6.12.1.202409122256
2025-01-02 10:40:03,110 [INFO] PluginManage:196 - Search for loadable plugins [exclusion list=, ]
2025-01-02 10:40:03,111 [INFO] PluginManage:310 - Check plugin analytics
2025-01-02 10:40:03,288 [INFO] AnalyticsPlugin:253 - Accepted Software Licenses: 
2025-01-02 10:40:03,288 [INFO] AnalyticsPlugin:255 - Accepted CMSIS Pack Licenses: 
2025-01-02 10:40:03,288 [INFO] AnalyticsPlugin:257 - Accepted Firmware Licenses: FW.G4.1.6.0,FW.H7.1.11.0,FW.F4.1.28.0
2025-01-02 10:40:03,290 [INFO] PluginManage:359 - Loaded plugin analytics (category:tool,tabindex:-1)
2025-01-02 10:40:03,291 [INFO] PluginManage:310 - Check plugin cadmodel
2025-01-02 10:40:03,296 [INFO] CADModel:105 - Init CAD model plugin
2025-01-02 10:40:03,296 [INFO] PluginManage:359 - Loaded plugin cadmodel (category:power,tabindex:5)
2025-01-02 10:40:03,296 [INFO] PluginManage:310 - Check plugin clock
2025-01-02 10:40:03,309 [INFO] PluginManage:359 - Loaded plugin clock (category:base,tabindex:2)
2025-01-02 10:40:03,309 [INFO] PluginManage:310 - Check plugin ddr
2025-01-02 10:40:03,312 [INFO] PluginManage:359 - Loaded plugin ddr (category:tool,tabindex:6)
2025-01-02 10:40:03,312 [INFO] PluginManage:310 - Check plugin filemanager
2025-01-02 10:40:03,430 [INFO] PluginManage:359 - Loaded plugin filemanager (category:base,tabindex:10)
2025-01-02 10:40:03,431 [INFO] PluginManage:310 - Check plugin ipmanager
2025-01-02 10:40:03,437 [INFO] PluginManage:359 - Loaded plugin ipmanager (category:base,tabindex:5)
2025-01-02 10:40:03,438 [INFO] PluginManage:310 - Check plugin lpbam
2025-01-02 10:40:03,444 [INFO] PluginManage:359 - Loaded plugin lpbam (category:base,tabindex:0)
2025-01-02 10:40:03,445 [INFO] PluginManage:310 - Check plugin memorymap
2025-01-02 10:40:03,456 [INFO] PluginManage:359 - Loaded plugin memorymap (category:base,tabindex:4)
2025-01-02 10:40:03,456 [INFO] PluginManage:310 - Check plugin pinoutandconfiguration
2025-01-02 10:40:03,464 [INFO] PluginManage:359 - Loaded plugin pinoutandconfiguration (category:base,tabindex:1)
2025-01-02 10:40:03,464 [INFO] PluginManage:310 - Check plugin pinoutconfig
2025-01-02 10:40:03,531 [WARN] SupportedApi:132 - Cannot load RTOS API schema: s4s-elt-must-match.1: The content of 'definitions' must match (annotation?, (simpleType | complexType)?, (unique | key | keyref)*)). A problem was found starting at: attribute.
2025-01-02 10:40:03,644 [INFO] PluginManage:359 - Loaded plugin pinoutconfig (category:base,tabindex:0)
2025-01-02 10:40:03,644 [INFO] PluginManage:310 - Check plugin power
2025-01-02 10:40:03,652 [INFO] PluginManage:359 - Loaded plugin power (category:power,tabindex:4)
2025-01-02 10:40:03,653 [INFO] PluginManage:310 - Check plugin projectmanager
2025-01-02 10:40:03,664 [INFO] PluginManage:359 - Loaded plugin projectmanager (category:projectmanager,tabindex:4)
2025-01-02 10:40:03,665 [INFO] PluginManage:310 - Check plugin rif
2025-01-02 10:40:03,670 [INFO] PluginManage:359 - Loaded plugin rif (category:base,tabindex:3)
2025-01-02 10:40:03,671 [INFO] PluginManage:310 - Check plugin thirdparty
2025-01-02 10:40:03,786 [INFO] PluginManage:359 - Loaded plugin thirdparty (category:base,tabindex:-1)
2025-01-02 10:40:03,786 [INFO] PluginManage:310 - Check plugin tools
2025-01-02 10:40:03,786 [WARN] IntegrityCheckThread:84 - waiting for thirdparty lock release [integrity check]
2025-01-02 10:40:03,786 [INFO] IntegrityCheckThread:86 - entering critical section [integrity check]
2025-01-02 10:40:03,787 [INFO] ThirdPartyUpdaterWithRetryManager:70 - Updater plugin not ready yet. [1/15]
2025-01-02 10:40:03,789 [INFO] PluginManage:359 - Loaded plugin tools (category:base,tabindex:7)
2025-01-02 10:40:03,789 [INFO] PluginManage:310 - Check plugin tutovideos
2025-01-02 10:40:03,933 [INFO] PluginManage:359 - Loaded plugin tutovideos (category:base,tabindex:-1)
2025-01-02 10:40:03,933 [INFO] PluginManage:310 - Check plugin updater
2025-01-02 10:40:03,950 [INFO] PluginManage:359 - Loaded plugin updater (category:base,tabindex:12)
2025-01-02 10:40:03,950 [INFO] PluginManage:310 - Check plugin userauth
2025-01-02 10:40:03,957 [INFO] UserAuth:113 - Init User Auth plugin
2025-01-02 10:40:03,957 [INFO] PluginManage:359 - Loaded plugin userauth (category:base,tabindex:14)
2025-01-02 10:40:03,957 [INFO] PluginManage:283 - PluginManage : Loaded plugins [18]
2025-01-02 10:40:04,150 [INFO] PinOutPanel:1561 - setPackage(No Configuration,No Configuration)
2025-01-02 10:40:04,227 [INFO] CADModel:165 - CPN selected for project level
2025-01-02 10:40:04,227 [INFO] CADModel:114 - Register for checkConnection events
2025-01-02 10:40:04,244 [INFO] IPUIPlugin:80 - create IPUIPlugin
2025-01-02 10:40:04,245 [INFO] PluginManager:220 - loadIPPluginJar : add adc
2025-01-02 10:40:04,247 [INFO] IPUIPlugin:80 - create IPUIPlugin
2025-01-02 10:40:04,247 [INFO] PluginManager:220 - loadIPPluginJar : add aes
2025-01-02 10:40:04,249 [INFO] IPUIPlugin:80 - create IPUIPlugin
2025-01-02 10:40:04,249 [INFO] PluginManager:220 - loadIPPluginJar : add can
2025-01-02 10:40:04,250 [INFO] IPUIPlugin:80 - create IPUIPlugin
2025-01-02 10:40:04,251 [INFO] PluginManager:220 - loadIPPluginJar : add comp
2025-01-02 10:40:04,252 [INFO] IPUIPlugin:80 - create IPUIPlugin
2025-01-02 10:40:04,252 [INFO] PluginManager:220 - loadIPPluginJar : add cryp
2025-01-02 10:40:04,255 [INFO] IPUIPlugin:80 - create IPUIPlugin
2025-01-02 10:40:04,255 [INFO] PluginManager:220 - loadIPPluginJar : add ddr_ctrl_phy
2025-01-02 10:40:04,257 [INFO] IPUIPlugin:80 - create IPUIPlugin
2025-01-02 10:40:04,257 [INFO] PluginManager:220 - loadIPPluginJar : add dfsdm
2025-01-02 10:40:04,263 [INFO] IPUIPlugin:80 - create IPUIPlugin
2025-01-02 10:40:04,264 [INFO] PluginManager:220 - loadIPPluginJar : add dma
2025-01-02 10:40:04,266 [INFO] IPUIPlugin:80 - create IPUIPlugin
2025-01-02 10:40:04,266 [INFO] PluginManager:220 - loadIPPluginJar : add dma3
2025-01-02 10:40:04,268 [INFO] IPUIPlugin:80 - create IPUIPlugin
2025-01-02 10:40:04,268 [INFO] PluginManager:220 - loadIPPluginJar : add extmemmanager
2025-01-02 10:40:04,269 [INFO] IPUIPlugin:80 - create IPUIPlugin
2025-01-02 10:40:04,269 [INFO] PluginManager:220 - loadIPPluginJar : add fatfs
2025-01-02 10:40:04,272 [INFO] IPUIPlugin:80 - create IPUIPlugin
2025-01-02 10:40:04,272 [INFO] PluginManager:220 - loadIPPluginJar : add fmc
2025-01-02 10:40:04,280 [INFO] IPUIPlugin:80 - create IPUIPlugin
2025-01-02 10:40:04,280 [INFO] PluginManager:220 - loadIPPluginJar : add freertos
2025-01-02 10:40:04,281 [INFO] IPUIPlugin:80 - create IPUIPlugin
2025-01-02 10:40:04,282 [INFO] PluginManager:220 - loadIPPluginJar : add genericplugin
2025-01-02 10:40:04,284 [INFO] IPUIPlugin:80 - create IPUIPlugin
2025-01-02 10:40:04,284 [INFO] PluginManager:220 - loadIPPluginJar : add gfxmmu
2025-01-02 10:40:04,288 [INFO] IPUIPlugin:80 - create IPUIPlugin
2025-01-02 10:40:04,288 [INFO] PluginManager:220 - loadIPPluginJar : add gic
2025-01-02 10:40:04,294 [INFO] IPUIPlugin:80 - create IPUIPlugin
2025-01-02 10:40:04,295 [INFO] PluginManager:220 - loadIPPluginJar : add gpio
2025-01-02 10:40:04,299 [INFO] IPUIPlugin:80 - create IPUIPlugin
2025-01-02 10:40:04,299 [INFO] PluginManager:220 - loadIPPluginJar : add gtzc
2025-01-02 10:40:04,301 [INFO] IPUIPlugin:80 - create IPUIPlugin
2025-01-02 10:40:04,301 [INFO] PluginManager:220 - loadIPPluginJar : add hash
2025-01-02 10:40:04,303 [INFO] IPUIPlugin:80 - create IPUIPlugin
2025-01-02 10:40:04,303 [INFO] PluginManager:220 - loadIPPluginJar : add i2c
2025-01-02 10:40:04,316 [INFO] IPUIPlugin:80 - create IPUIPlugin
2025-01-02 10:40:04,316 [INFO] PluginManager:220 - loadIPPluginJar : add i2s
2025-01-02 10:40:04,320 [INFO] IPUIPlugin:80 - create IPUIPlugin
2025-01-02 10:40:04,320 [INFO] PluginManager:220 - loadIPPluginJar : add i3c
2025-01-02 10:40:04,323 [INFO] IPUIPlugin:80 - create IPUIPlugin
2025-01-02 10:40:04,323 [INFO] PluginManager:220 - loadIPPluginJar : add ipddr
2025-01-02 10:40:04,330 [INFO] IPUIPlugin:80 - create IPUIPlugin
2025-01-02 10:40:04,331 [INFO] PluginManager:220 - loadIPPluginJar : add linkedlist
2025-01-02 10:40:04,333 [INFO] IPUIPlugin:80 - create IPUIPlugin
2025-01-02 10:40:04,333 [INFO] PluginManager:220 - loadIPPluginJar : add lorawan
2025-01-02 10:40:04,334 [INFO] IPUIPlugin:80 - create IPUIPlugin
2025-01-02 10:40:04,334 [INFO] PluginManager:220 - loadIPPluginJar : add ltdc
2025-01-02 10:40:04,339 [INFO] IPUIPlugin:80 - create IPUIPlugin
2025-01-02 10:40:04,339 [INFO] PluginManager:220 - loadIPPluginJar : add mdma
2025-01-02 10:40:04,343 [INFO] IPUIPlugin:80 - create IPUIPlugin
2025-01-02 10:40:04,343 [INFO] PluginManager:220 - loadIPPluginJar : add nvic
2025-01-02 10:40:04,346 [INFO] IPUIPlugin:80 - create IPUIPlugin
2025-01-02 10:40:04,346 [INFO] PluginManager:220 - loadIPPluginJar : add opamp
2025-01-02 10:40:04,348 [INFO] IPUIPlugin:80 - create IPUIPlugin
2025-01-02 10:40:04,348 [INFO] PluginManager:220 - loadIPPluginJar : add openamp
2025-01-02 10:40:04,351 [INFO] IPUIPlugin:80 - create IPUIPlugin
2025-01-02 10:40:04,351 [INFO] PluginManager:220 - loadIPPluginJar : add pdm2pcm
2025-01-02 10:40:04,355 [INFO] IPUIPlugin:80 - create IPUIPlugin
2025-01-02 10:40:04,357 [INFO] PluginManager:220 - loadIPPluginJar : add plateformsettings
2025-01-02 10:40:04,359 [INFO] IPUIPlugin:80 - create IPUIPlugin
2025-01-02 10:40:04,359 [INFO] PluginManager:220 - loadIPPluginJar : add quadspi
2025-01-02 10:40:04,361 [INFO] IPUIPlugin:80 - create IPUIPlugin
2025-01-02 10:40:04,361 [INFO] PluginManager:220 - loadIPPluginJar : add radio
2025-01-02 10:40:04,364 [INFO] IPUIPlugin:80 - create IPUIPlugin
2025-01-02 10:40:04,364 [INFO] PluginManager:220 - loadIPPluginJar : add resmgrutility
2025-01-02 10:40:04,367 [INFO] IPUIPlugin:80 - create IPUIPlugin
2025-01-02 10:40:04,367 [INFO] PluginManager:220 - loadIPPluginJar : add sai
2025-01-02 10:40:04,369 [INFO] IPUIPlugin:80 - create IPUIPlugin
2025-01-02 10:40:04,369 [INFO] PluginManager:220 - loadIPPluginJar : add spi
2025-01-02 10:40:04,372 [INFO] IPUIPlugin:80 - create IPUIPlugin
2025-01-02 10:40:04,372 [INFO] PluginManager:220 - loadIPPluginJar : add stm32_wpan
2025-01-02 10:40:04,375 [INFO] IPUIPlugin:80 - create IPUIPlugin
2025-01-02 10:40:04,375 [INFO] PluginManager:220 - loadIPPluginJar : add tim
2025-01-02 10:40:04,377 [INFO] IPUIPlugin:80 - create IPUIPlugin
2025-01-02 10:40:04,378 [INFO] PluginManager:220 - loadIPPluginJar : add touchsensing
2025-01-02 10:40:04,380 [INFO] IPUIPlugin:80 - create IPUIPlugin
2025-01-02 10:40:04,380 [INFO] PluginManager:220 - loadIPPluginJar : add tracer_emb
2025-01-02 10:40:04,381 [INFO] IPUIPlugin:80 - create IPUIPlugin
2025-01-02 10:40:04,381 [INFO] PluginManager:220 - loadIPPluginJar : add ts
2025-01-02 10:40:04,383 [INFO] IPUIPlugin:80 - create IPUIPlugin
2025-01-02 10:40:04,383 [INFO] PluginManager:220 - loadIPPluginJar : add tsc
2025-01-02 10:40:04,385 [INFO] IPUIPlugin:80 - create IPUIPlugin
2025-01-02 10:40:04,385 [INFO] PluginManager:220 - loadIPPluginJar : add ucpd
2025-01-02 10:40:04,387 [INFO] IPUIPlugin:80 - create IPUIPlugin
2025-01-02 10:40:04,388 [INFO] PluginManager:220 - loadIPPluginJar : add usart
2025-01-02 10:40:04,391 [INFO] IPUIPlugin:80 - create IPUIPlugin
2025-01-02 10:40:04,391 [INFO] PluginManager:220 - loadIPPluginJar : add usbx
2025-01-02 10:40:04,504 [INFO] CADModel:165 - CPN selected for project level
2025-01-02 10:40:04,504 [INFO] CADModel:114 - Register for checkConnection events
2025-01-02 10:40:04,504 [FATAL] Updater:334 - Updater called before beeing initialized
2025-01-02 10:40:04,504 [ERROR] CADModel:125 - Updater not yet initialized, retry later 
2025-01-02 10:40:04,670 [INFO] CADModel:165 - CPN selected for project level
2025-01-02 10:40:04,670 [INFO] CADModel:114 - Register for checkConnection events
2025-01-02 10:40:04,670 [FATAL] Updater:334 - Updater called before beeing initialized
2025-01-02 10:40:04,670 [ERROR] CADModel:125 - Updater not yet initialized, retry later 
2025-01-02 10:40:04,673 [FATAL] Updater:334 - Updater called before beeing initialized
2025-01-02 10:40:04,773 [FATAL] Updater:334 - Updater called before beeing initialized
2025-01-02 10:40:04,780 [INFO] DbMcusAds:53 - JSON generation date=Tue Dec 17 21:31:15 IST 2024 (1734451275196)
2025-01-02 10:40:04,781 [FATAL] Updater:334 - Updater called before beeing initialized
2025-01-02 10:40:04,821 [WARN] DetailPanel:346 - Failed to get advertising image, set to default
2025-01-02 10:40:04,949 [FATAL] Updater:334 - Updater called before beeing initialized
2025-01-02 10:40:04,951 [FATAL] Updater:334 - Updater called before beeing initialized
2025-01-02 10:40:04,952 [FATAL] Updater:334 - Updater called before beeing initialized
2025-01-02 10:40:04,952 [WARN] DetailPanel:346 - Failed to get advertising image, set to default
2025-01-02 10:40:04,952 [FATAL] Updater:334 - Updater called before beeing initialized
2025-01-02 10:40:05,016 [ERROR] Updater:1164 - MainUpdater not yet initialized. External WinMGr cannot be set.
2025-01-02 10:40:05,019 [INFO] Updater:1100 - Updater Version found : 6.12.1
2025-01-02 10:40:05,049 [INFO] ApplicationProperties:184 - Using Application install path: C:\ST\STM32CubeIDE_1.16.1\STM32CubeIDE\plugins\com.st.stm32cube.common.mx_6.12.1.202409122256
2025-01-02 10:40:06,625 [ERROR] LogOutputStream:75 - [STDERR_REDIRECT] Jan 02, 2025 10:40:06 AM java.util.prefs.WindowsPreferences <init>
2025-01-02 10:40:06,626 [ERROR] LogOutputStream:75 - [STDERR_REDIRECT] WARNING: Could not open/create prefs root node Software\JavaSoft\Prefs at root 0xffffffff80000002. Windows RegCreateKeyEx(...) returned error code 5.
2025-01-02 10:40:06,626 [ERROR] LogOutputStream:75 - [STDERR_REDIRECT] 
2025-01-02 10:40:06,788 [INFO] ThirdPartyUpdaterWithRetryManager:70 - Updater plugin not ready yet. [2/15]
2025-01-02 10:40:06,914 [INFO] MainUpdater:2873 - connection check result : 10
2025-01-02 10:40:06,914 [INFO] MainUpdater:3567 - Updater definition file requires update
2025-01-02 10:40:06,915 [INFO] MainUpdater:290 - Updater Check For Update Now.
2025-01-02 10:40:06,915 [INFO] MicroXplorer:498 - Change Database Version : DB.6.0.121
2025-01-02 10:40:06,919 [INFO] McuFinderGlobals:63 - Set McuFinder mode to 2 (CubeIDE integrated)
2025-01-02 10:40:06,920 [INFO] UserAuth:417 - Internet connection configuration mode: 1
2025-01-02 10:40:06,938 [INFO] JxBrowserEngine:152 - Initiate JxBrowser Engine with user profile folder
2025-01-02 10:40:06,996 [INFO] ServerAccessManage:473 - Download File updaters.zip
2025-01-02 10:40:07,059 [INFO] FileExtend:240 - Unzip File : updaters.zip
2025-01-02 10:40:07,059 [INFO] FileExtend:255 - Standard Zip Deflate
2025-01-02 10:40:07,486 [INFO] ServerAccessManage:473 - Download File PacksControlFlags.xml
2025-01-02 10:40:07,644 [INFO] ServerAccessManage:473 - Download File cubemx.pidx
2025-01-02 10:40:07,774 [INFO] LoadServerUpdatesThread:375 - End of LoadServerUpdate Thread
2025-01-02 10:40:07,969 [INFO] CheckServerUpdateThread:120 - End of CheckServer Thread
2025-01-02 10:40:08,053 [INFO] WebApp:167 - Instantiating new browser for Auth
2025-01-02 10:40:08,844 [INFO] WebApp:448 - Apply proxy settings
2025-01-02 10:40:08,844 [INFO] WebApp:533 - Chromium requires no authentication
2025-01-02 10:40:08,861 [INFO] WebApp:476 - Direct internet connection detected
2025-01-02 10:40:08,887 [INFO] WebApp:869 - Register for checkConnection events
2025-01-02 10:40:08,887 [INFO] WebApp:448 - Apply proxy settings
2025-01-02 10:40:08,887 [INFO] WebApp:533 - Chromium requires no authentication
2025-01-02 10:40:08,888 [INFO] WebApp:476 - Direct internet connection detected
2025-01-02 10:40:09,049 [INFO] WebApp:220 - Starting web application
2025-01-02 10:40:09,049 [INFO] WebApp:578 - Web application path used C:\ST\STM32CubeIDE_1.16.1\STM32CubeIDE\plugins\com.st.stm32cube.common.mx_6.12.1.202409122256\db\plugins\mcufinder\reactClient1\index.html
2025-01-02 10:40:09,145 [INFO] UserAuth:417 - Internet connection configuration mode: 1
2025-01-02 10:40:09,330 [INFO] WebApp:186 - Connection restablished
2025-01-02 10:40:10,066 [WARN] PackLoader:240 - Cannot read IP mode file for STMicroelectronics.FP-SNS-MOTENVWB1.1.4.0
2025-01-02 10:40:10,076 [WARN] PackLoader:240 - Cannot read IP mode file for STMicroelectronics.FP-ATR-ASTRA1.2.0.1
2025-01-02 10:40:10,082 [WARN] PackLoader:240 - Cannot read IP mode file for STMicroelectronics.X-CUBE-SMBUS.2.1.0
2025-01-02 10:40:10,089 [WARN] PackLoader:240 - Cannot read IP mode file for STMicroelectronics.X-CUBE-WB05N.1.1.0
2025-01-02 10:40:10,113 [WARN] PackLoader:240 - Cannot read IP mode file for STMicroelectronics.X-CUBE-AZRTOS-F7.1.1.0
2025-01-02 10:40:10,186 [WARN] PackLoader:240 - Cannot read IP mode file for STMicroelectronics.X-CUBE-MEMS1.11.0.0
2025-01-02 10:40:10,339 [WARN] PackLoader:240 - Cannot read IP mode file for STMicroelectronics.FP-SNS-FLIGHT1.5.0.2
2025-01-02 10:40:10,348 [WARN] PackLoader:240 - Cannot read IP mode file for STMicroelectronics.X-CUBE-DISPLAY.3.0.0
2025-01-02 10:40:10,358 [WARN] PackLoader:240 - Cannot read IP mode file for STMicroelectronics.X-CUBE-BLE1.7.0.0
2025-01-02 10:40:10,366 [WARN] PackLoader:240 - Cannot read IP mode file for STMicroelectronics.X-CUBE-NFC10.1.0.0
2025-01-02 10:40:10,377 [WARN] PackLoader:240 - Cannot read IP mode file for STMicroelectronics.X-CUBE-BLEMGR.4.0.0
2025-01-02 10:40:10,386 [WARN] PackLoader:240 - Cannot read IP mode file for emotas.I-CUBE-CANOPEN.1.3.0
2025-01-02 10:40:10,396 [WARN] PackLoader:240 - Cannot read IP mode file for STMicroelectronics.X-CUBE-BLEMGR.3.1.0
2025-01-02 10:40:10,585 [WARN] PackLoader:240 - Cannot read IP mode file for STMicroelectronics.FP-SNS-SMARTAG2.1.2.0
2025-01-02 10:40:10,622 [WARN] PackLoader:240 - Cannot read IP mode file for STMicroelectronics.X-CUBE-MEMS1.11.1.0
2025-01-02 10:40:10,720 [INFO] LogOutputStream:77 - [STDOUT_REDIRECT] 1 : Invalid condition id : UX_CORESTACK_Condition cause : null
2025-01-02 10:40:10,722 [INFO] LogOutputStream:77 - [STDOUT_REDIRECT] 1 : Invalid condition id : UX_CORESTACK_Condition cause : null
2025-01-02 10:40:10,723 [INFO] LogOutputStream:77 - [STDOUT_REDIRECT] 1 : Invalid condition id : UX_CORESTACK_Condition cause : null
2025-01-02 10:40:10,725 [INFO] LogOutputStream:77 - [STDOUT_REDIRECT] 1 : Invalid condition id : UX_CORESTACK_Condition cause : null
2025-01-02 10:40:10,726 [INFO] LogOutputStream:77 - [STDOUT_REDIRECT] 1 : Invalid condition id : UX_CORESTACK_Condition cause : null
2025-01-02 10:40:10,729 [WARN] PackLoader:240 - Cannot read IP mode file for STMicroelectronics.X-CUBE-AZRTOS-WL.2.0.0
2025-01-02 10:40:10,735 [WARN] PackLoader:240 - Cannot read IP mode file for STMicroelectronics.FP-SNS-MOTENV1.5.0.0
2025-01-02 10:40:10,741 [WARN] PackLoader:240 - Cannot read IP mode file for wolfSSL.I-CUBE-wolfMQTT.1.19.0
2025-01-02 10:40:10,749 [WARN] PackLoader:240 - Cannot read IP mode file for WES.I-CUBE-Cesium.1.3.0
2025-01-02 10:40:10,756 [WARN] PackLoader:240 - Cannot read IP mode file for STMicroelectronics.X-CUBE-BLE2.3.3.0
2025-01-02 10:40:10,761 [WARN] PackLoader:240 - Cannot read IP mode file for STMicroelectronics.X-CUBE-NFC9.1.0.0
2025-01-02 10:40:10,766 [WARN] PackLoader:240 - Cannot read IP mode file for STMicroelectronics.X-CUBE-TCPP.4.1.0
2025-01-02 10:40:10,780 [WARN] PackLoader:240 - Cannot read IP mode file for STMicroelectronics.X-CUBE-AZRTOS-G0.1.1.0
2025-01-02 10:40:10,787 [WARN] PackLoader:240 - Cannot read IP mode file for STMicroelectronics.X-CUBE-SAFEA1.1.2.2
2025-01-02 10:40:10,794 [WARN] PackLoader:240 - Cannot read IP mode file for STMicroelectronics.X-CUBE-NFC4.3.0.0
2025-01-02 10:40:10,803 [WARN] PackLoader:240 - Cannot read IP mode file for EmbeddedOffice.I-CUBE-FS-RTOS.1.0.1
2025-01-02 10:40:10,803 [ERROR] ConditionMgr:805 - Attr not supported : Dmpu
2025-01-02 10:40:10,803 [ERROR] ConditionMgr:805 - Attr not supported : Dmpu
2025-01-02 10:40:10,803 [ERROR] ConditionMgr:805 - Attr not supported : Dmpu
2025-01-02 10:40:10,803 [ERROR] ConditionMgr:805 - Attr not supported : Dmpu
2025-01-02 10:40:10,803 [ERROR] ConditionMgr:805 - Attr not supported : Dmpu
2025-01-02 10:40:10,803 [ERROR] ConditionMgr:805 - Attr not supported : Dmpu
2025-01-02 10:40:10,803 [ERROR] ConditionMgr:805 - Attr not supported : Dmpu
2025-01-02 10:40:10,803 [ERROR] ConditionMgr:805 - Attr not supported : Dmpu
2025-01-02 10:40:10,803 [ERROR] ConditionMgr:805 - Attr not supported : Dmpu
2025-01-02 10:40:10,803 [ERROR] ConditionMgr:805 - Attr not supported : Dmpu
2025-01-02 10:40:10,803 [ERROR] ConditionMgr:805 - Attr not supported : Dmpu
2025-01-02 10:40:10,803 [ERROR] ConditionMgr:805 - Attr not supported : Dmpu
2025-01-02 10:40:10,804 [ERROR] ConditionMgr:805 - Attr not supported : Dmpu
2025-01-02 10:40:10,804 [ERROR] ConditionMgr:805 - Attr not supported : Dmpu
2025-01-02 10:40:10,804 [ERROR] ConditionMgr:805 - Attr not supported : Dmpu
2025-01-02 10:40:10,804 [ERROR] ConditionMgr:805 - Attr not supported : Dmpu
2025-01-02 10:40:10,804 [ERROR] ConditionMgr:805 - Attr not supported : Dmpu
2025-01-02 10:40:10,804 [ERROR] ConditionMgr:805 - Attr not supported : Dmpu
2025-01-02 10:40:10,804 [ERROR] ConditionMgr:805 - Attr not supported : Dmpu
2025-01-02 10:40:10,804 [ERROR] ConditionMgr:805 - Attr not supported : Dmpu
2025-01-02 10:40:10,804 [ERROR] ConditionMgr:805 - Attr not supported : Dmpu
2025-01-02 10:40:10,804 [ERROR] ConditionMgr:805 - Attr not supported : Dmpu
2025-01-02 10:40:10,804 [ERROR] ConditionMgr:805 - Attr not supported : Dmpu
2025-01-02 10:40:10,804 [ERROR] ConditionMgr:805 - Attr not supported : Dmpu
2025-01-02 10:40:10,804 [ERROR] ConditionMgr:805 - Attr not supported : Dmpu
2025-01-02 10:40:10,804 [ERROR] ConditionMgr:805 - Attr not supported : Dmpu
2025-01-02 10:40:10,804 [ERROR] ConditionMgr:805 - Attr not supported : Dmpu
2025-01-02 10:40:10,804 [ERROR] ConditionMgr:805 - Attr not supported : Dmpu
2025-01-02 10:40:10,804 [ERROR] ConditionMgr:805 - Attr not supported : Dmpu
2025-01-02 10:40:10,804 [ERROR] ConditionMgr:805 - Attr not supported : Dmpu
2025-01-02 10:40:10,804 [ERROR] ConditionMgr:805 - Attr not supported : Dmpu
2025-01-02 10:40:10,804 [ERROR] ConditionMgr:805 - Attr not supported : Dmpu
2025-01-02 10:40:10,804 [ERROR] ConditionMgr:805 - Attr not supported : Dmpu
2025-01-02 10:40:10,804 [ERROR] ConditionMgr:805 - Attr not supported : Dmpu
2025-01-02 10:40:10,804 [ERROR] ConditionMgr:805 - Attr not supported : Dmpu
2025-01-02 10:40:10,805 [ERROR] ConditionMgr:805 - Attr not supported : Dmpu
2025-01-02 10:40:10,805 [ERROR] ConditionMgr:805 - Attr not supported : Dmpu
2025-01-02 10:40:10,805 [ERROR] ConditionMgr:805 - Attr not supported : Dmpu
2025-01-02 10:40:10,805 [ERROR] ConditionMgr:805 - Attr not supported : Dmpu
2025-01-02 10:40:10,805 [ERROR] ConditionMgr:805 - Attr not supported : Dmpu
2025-01-02 10:40:10,805 [ERROR] ConditionMgr:805 - Attr not supported : Dmpu
2025-01-02 10:40:10,805 [ERROR] ConditionMgr:805 - Attr not supported : Dmpu
2025-01-02 10:40:10,806 [ERROR] ConditionMgr:805 - Attr not supported : Dmpu
2025-01-02 10:40:10,806 [ERROR] ConditionMgr:805 - Attr not supported : Dmpu
2025-01-02 10:40:10,806 [ERROR] ConditionMgr:805 - Attr not supported : Dmpu
2025-01-02 10:40:10,806 [ERROR] ConditionMgr:805 - Attr not supported : Dmpu
2025-01-02 10:40:10,806 [ERROR] ConditionMgr:805 - Attr not supported : Dmpu
2025-01-02 10:40:10,806 [ERROR] ConditionMgr:805 - Attr not supported : Dmpu
2025-01-02 10:40:10,806 [ERROR] ConditionMgr:805 - Attr not supported : Dmpu
2025-01-02 10:40:10,806 [ERROR] ConditionMgr:805 - Attr not supported : Dmpu
2025-01-02 10:40:10,806 [ERROR] ConditionMgr:805 - Attr not supported : Dmpu
2025-01-02 10:40:10,806 [ERROR] ConditionMgr:805 - Attr not supported : Dmpu
2025-01-02 10:40:10,807 [ERROR] ConditionMgr:805 - Attr not supported : Dmpu
2025-01-02 10:40:10,807 [ERROR] ConditionMgr:805 - Attr not supported : Dmpu
2025-01-02 10:40:10,807 [ERROR] ConditionMgr:805 - Attr not supported : Dmpu
2025-01-02 10:40:10,807 [ERROR] ConditionMgr:805 - Attr not supported : Dmpu
2025-01-02 10:40:10,807 [ERROR] ConditionMgr:805 - Attr not supported : Dmpu
2025-01-02 10:40:10,807 [ERROR] ConditionMgr:805 - Attr not supported : Dmpu
2025-01-02 10:40:10,807 [ERROR] ConditionMgr:805 - Attr not supported : Dmpu
2025-01-02 10:40:10,807 [ERROR] ConditionMgr:805 - Attr not supported : Dmpu
2025-01-02 10:40:10,807 [ERROR] ConditionMgr:805 - Attr not supported : Dmpu
2025-01-02 10:40:10,807 [ERROR] ConditionMgr:805 - Attr not supported : Dmpu
2025-01-02 10:40:10,807 [ERROR] ConditionMgr:805 - Attr not supported : Dmpu
2025-01-02 10:40:10,807 [ERROR] ConditionMgr:805 - Attr not supported : Dmpu
2025-01-02 10:40:10,812 [ERROR] Engine:466 - C:\Users\akpandey\.stm32cubemx\thirdparties\pdsc\STMicroelectronics.X-CUBE-TCPP.4.2.0.pdsc: PDSC version is not supported
2025-01-02 10:40:10,817 [WARN] PackLoader:240 - Cannot read IP mode file for RealThread.X-CUBE-RT-Thread_Nano.4.1.1
2025-01-02 10:40:10,823 [WARN] PackLoader:240 - Cannot read IP mode file for STMicroelectronics.FP-ATR-SIGFOX1.3.2.0
2025-01-02 10:40:10,828 [WARN] ConditionMgr:438 - getConditionDescription Invalid condition id : Cortex-A Device cause : null
2025-01-02 10:40:10,842 [WARN] ConditionMgr:1039 - genDependencies : Invalid condition id : Cortex-A Device cause : null
2025-01-02 10:40:10,842 [WARN] ConditionMgr:1039 - genDependencies : Invalid condition id : Cortex-A Device cause : null
2025-01-02 10:40:10,842 [WARN] ConditionMgr:1039 - genDependencies : Invalid condition id : Cortex-A Device cause : null
2025-01-02 10:40:10,852 [WARN] PackLoader:240 - Cannot read IP mode file for STMicroelectronics.X-CUBE-EEPRMA1.5.1.0
2025-01-02 10:40:10,859 [WARN] PackLoader:240 - Cannot read IP mode file for wolfSSL.I-CUBE-wolfSSL.5.7.4
2025-01-02 10:40:10,867 [WARN] PackLoader:240 - Cannot read IP mode file for ITTIA_DB.I-CUBE-ITTIADB.8.9.0
2025-01-02 10:40:10,899 [WARN] PackLoader:240 - Cannot read IP mode file for SEGGER.I-CUBE-embOS.1.3.1
2025-01-02 10:40:10,945 [WARN] PackLoader:240 - Cannot read IP mode file for STMicroelectronics.X-CUBE-ALGOBUILD.1.4.0
2025-01-02 10:40:10,951 [WARN] PackLoader:240 - Cannot read IP mode file for STMicroelectronics.X-CUBE-AI.9.1.0
2025-01-02 10:40:10,972 [WARN] PackLoader:240 - Cannot read IP mode file for STMicroelectronics.X-CUBE-AZRTOS-F4.1.1.0
2025-01-02 10:40:10,990 [WARN] PackLoader:240 - Cannot read IP mode file for STMicroelectronics.X-CUBE-ISPU.2.1.0
2025-01-02 10:40:10,999 [WARN] PackLoader:240 - Cannot read IP mode file for STMicroelectronics.X-CUBE-FREERTOS.1.2.0
2025-01-02 10:40:11,015 [WARN] PackLoader:240 - Cannot read IP mode file for STMicroelectronics.X-CUBE-AZRTOS-L5.2.0.0
2025-01-02 10:40:11,025 [WARN] PackLoader:240 - Cannot read IP mode file for STMicroelectronics.X-CUBE-NFC6.3.1.0
2025-01-02 10:40:11,033 [WARN] PackLoader:240 - Cannot read IP mode file for STMicroelectronics.X-CUBE-DPower.1.2.0
2025-01-02 10:40:11,037 [WARN] PackLoader:240 - Cannot read IP mode file for STMicroelectronics.X-CUBE-FREERTOS.1.3.0
2025-01-02 10:40:11,044 [WARN] PackLoader:240 - Cannot read IP mode file for STMicroelectronics.X-CUBE-NFC7.1.0.1
2025-01-02 10:40:11,056 [WARN] ConditionMgr:438 - getConditionDescription Invalid condition id : LAN8742 Phy interface Condition cause : null
2025-01-02 10:40:11,057 [WARN] PackLoader:240 - Cannot read IP mode file for STMicroelectronics.X-CUBE-AZRTOS-L4.2.0.0
2025-01-02 10:40:11,057 [WARN] ConditionMgr:1039 - genDependencies : Invalid condition id : LAN8742 Phy interface Condition cause : null
2025-01-02 10:40:11,058 [WARN] ConditionMgr:1039 - genDependencies : Invalid condition id : LAN8742 Phy interface Condition cause : null
2025-01-02 10:40:11,058 [WARN] ConditionMgr:1039 - genDependencies : Invalid condition id : LAN8742 Phy interface Condition cause : null
2025-01-02 10:40:11,064 [WARN] PackLoader:240 - Cannot read IP mode file for STMicroelectronics.X-CUBE-SFXS2LP1.4.0.0
2025-01-02 10:40:11,081 [WARN] PackLoader:240 - Cannot read IP mode file for STMicroelectronics.X-CUBE-AZRTOS-H7.3.3.0
2025-01-02 10:40:11,091 [WARN] PackLoader:240 - Cannot read IP mode file for STMicroelectronics.X-CUBE-IPS.3.0.0
2025-01-02 10:40:11,101 [WARN] ConditionMgr:438 - getConditionDescription Invalid condition id : UX DEVICE CLASS RTOS Condition cause : null
2025-01-02 10:40:11,101 [WARN] ConditionMgr:438 - getConditionDescription Invalid condition id : UX DEVICE CLASS RTOS Condition cause : null
2025-01-02 10:40:11,102 [WARN] PackLoader:240 - Cannot read IP mode file for STMicroelectronics.X-CUBE-AZRTOS-WB.2.0.0
2025-01-02 10:40:11,103 [WARN] ConditionMgr:1039 - genDependencies : Invalid condition id : UX DEVICE CLASS RTOS Condition cause : null
2025-01-02 10:40:11,103 [WARN] ConditionMgr:1039 - genDependencies : Invalid condition id : UX DEVICE CLASS RTOS Condition cause : null
2025-01-02 10:40:11,103 [WARN] ConditionMgr:1039 - genDependencies : Invalid condition id : UX DEVICE CLASS RTOS Condition cause : null
2025-01-02 10:40:11,103 [WARN] ConditionMgr:1039 - genDependencies : Invalid condition id : UX DEVICE CLASS RTOS Condition cause : null
2025-01-02 10:40:11,103 [WARN] ConditionMgr:1039 - genDependencies : Invalid condition id : UX DEVICE CLASS RTOS Condition cause : null
2025-01-02 10:40:11,111 [WARN] PackLoader:240 - Cannot read IP mode file for STMicroelectronics.X-CUBE-GNSS1.7.0.0
2025-01-02 10:40:11,116 [WARN] PackLoader:240 - Cannot read IP mode file for STMicroelectronics.X-CUBE-GNSS1.7.0.1
2025-01-02 10:40:11,125 [WARN] PackLoader:240 - Cannot read IP mode file for STMicroelectronics.FP-SNS-STBOX1.2.0.0
2025-01-02 10:40:11,135 [WARN] PackLoader:240 - Cannot read IP mode file for STMicroelectronics.X-CUBE-SUBG2.5.0.0
2025-01-02 10:40:11,143 [WARN] PackLoader:240 - Cannot read IP mode file for Cesanta.I-CUBE-Mongoose.7.13.0
2025-01-02 10:40:11,156 [WARN] PackLoader:240 - Cannot read IP mode file for STMicroelectronics.X-CUBE-AZRTOS-G4.2.0.0
2025-01-02 10:40:11,168 [WARN] PackLoader:240 - Cannot read IP mode file for STMicroelectronics.X-CUBE-ALS.1.0.2
2025-01-02 10:40:11,176 [WARN] PackLoader:240 - Cannot read IP mode file for STMicroelectronics.X-CUBE-TOUCHGFX.4.24.1
2025-01-02 10:40:11,180 [WARN] PackLoader:240 - Cannot read IP mode file for wolfSSL.I-CUBE-wolfTPM.3.4.0
2025-01-02 10:40:11,185 [WARN] PackLoader:240 - Cannot read IP mode file for portGmbH.I-Cube-SoM-uGOAL.1.1.0
2025-01-02 10:40:11,197 [WARN] PackLoader:240 - Cannot read IP mode file for STMicroelectronics.X-CUBE-AZRTOS-H7RS.1.0.0
2025-01-02 10:40:11,213 [WARN] PackLoader:240 - Cannot read IP mode file for STMicroelectronics.X-CUBE-TOF1.3.4.2
2025-01-02 10:40:11,235 [WARN] PackLoader:240 - Cannot read IP mode file for Infineon.AIROC-Wi-Fi-Bluetooth-STM32.1.6.1
2025-01-02 10:40:11,265 [WARN] PackLoader:240 - Cannot read IP mode file for wolfSSL.I-CUBE-wolfSSH.1.4.17
2025-01-02 10:40:11,266 [INFO] ThirdParty:978 - Integrity check success = true
2025-01-02 10:40:11,266 [INFO] IntegrityCheckThread:100 - exiting critical section [integrity check]
2025-01-02 10:40:11,266 [INFO] IntegrityCheckThread:103 - End integrity checks thread
2025-01-02 14:56:42,830 [INFO] WebApp:189 - Connection lost
2025-01-02 14:56:43,303 [INFO] WebApp:186 - Connection restablished
2025-01-02 17:23:00,920 [ERROR] LogOutputStream:75 - [STDERR_REDIRECT] 
